RUN	viade_es5b.PruebaCrearCuenta	pruebacrearcuenta	1587631784697	 	3.3.1
USER	PruebaCrearCuenta	1	START	1587631786323	1587631786323
REQUEST	1		PruebaCrearCuenta_0	1587631786413	1587631786447	OK	 
REQUEST	1		PruebaCrearCuenta_1	1587631786485	1587631787340	OK	 
REQUEST	1		PruebaCrearCuenta_2	1587631787342	1587631787358	OK	 
REQUEST	1		PruebaCrearCuenta_3	1587631787360	1587631787364	OK	 
REQUEST	1		PruebaCrearCuenta_4	1587631787367	1587631787402	OK	 
REQUEST	1		PruebaCrearCuenta_5	1587631787402	1587631787407	OK	 
REQUEST	1		PruebaCrearCuenta_6	1587631791382	1587631791388	OK	 
REQUEST	1		PruebaCrearCuenta_7	1587631791391	1587631791459	OK	 
REQUEST	1		PruebaCrearCuenta_7 Redirect 1	1587631791474	1587631791516	OK	 
REQUEST	1		PruebaCrearCuenta_8	1587631791518	1587631791524	OK	 
REQUEST	1		PruebaCrearCuenta_9	1587631794538	1587631794543	OK	 
REQUEST	1		PruebaCrearCuenta_10	1587631794544	1587631794548	OK	 
REQUEST	1		PruebaCrearCuenta_11	1587631794549	1587631794555	OK	 
REQUEST	1		PruebaCrearCuenta_12	1587631795545	1587631795562	OK	 
REQUEST	1		PruebaCrearCuenta_12 Redirect 1	1587631795562	1587631795589	OK	 
REQUEST	1		PruebaCrearCuenta_13	1587631795590	1587631795596	OK	 
REQUEST	1		PruebaCrearCuenta_14	1587631795597	1587631795600	OK	 
REQUEST	1		PruebaCrearCuenta_15	1587631796594	1587631796734	OK	 
REQUEST	1		PruebaCrearCuenta_15 Redirect 1	1587631796735	1587631796755	OK	 
REQUEST	1		PruebaCrearCuenta_15 Redirect 2	1587631796756	1587631796831	OK	 
REQUEST	1		PruebaCrearCuenta_15 Redirect 3	1587631796832	1587631796876	OK	 
REQUEST	1		PruebaCrearCuenta_16	1587631796877	1587631796880	OK	 
REQUEST	1		PruebaCrearCuenta_17	1587631796880	1587631796883	OK	 
REQUEST	1		PruebaCrearCuenta_18	1587631796884	1587631796913	OK	 
REQUEST	1		PruebaCrearCuenta_19	1587631797916	1587631797921	OK	 
USER	PruebaCrearCuenta	1	END	1587631786323	1587631797931
