RUN	viade_es5b.PruebaAñadirAmigo	pruebaan-adiramigo	1587660754745	 	3.3.1
USER	PruebaAñadirAmigo	1	START	1587660756891	1587660756891
REQUEST	1		PruebaAñadirAmigo_0	1587660756991	1587660757055	OK	 
REQUEST	1		PruebaAñadirAmigo_1	1587660757125	1587660757137	OK	 
REQUEST	1		PruebaAñadirAmigo_2	1587660757138	1587660757145	OK	 
REQUEST	1		PruebaAñadirAmigo_3	1587660757248	1587660757308	OK	 
USER	PruebaAñadirAmigo	2	START	1587660757871	1587660757871
REQUEST	2		PruebaAñadirAmigo_0	1587660757872	1587660757915	OK	 
REQUEST	2		PruebaAñadirAmigo_1	1587660757916	1587660757921	OK	 
REQUEST	2		PruebaAñadirAmigo_2	1587660757922	1587660757925	OK	 
REQUEST	2		PruebaAñadirAmigo_3	1587660758092	1587660758125	OK	 
REQUEST	1		PruebaAñadirAmigo_4	1587660758306	1587660758311	OK	 
REQUEST	1		PruebaAñadirAmigo_5	1587660758315	1587660758321	OK	 
REQUEST	1		PruebaAñadirAmigo_6	1587660758324	1587660758368	OK	 
REQUEST	1		PruebaAñadirAmigo_7	1587660758370	1587660758374	OK	 
USER	PruebaAñadirAmigo	3	START	1587660758881	1587660758881
REQUEST	3		PruebaAñadirAmigo_0	1587660758882	1587660758921	OK	 
REQUEST	3		PruebaAñadirAmigo_1	1587660758922	1587660758925	OK	 
REQUEST	3		PruebaAñadirAmigo_2	1587660758926	1587660758932	OK	 
REQUEST	3		PruebaAñadirAmigo_3	1587660759091	1587660759121	OK	 
REQUEST	2		PruebaAñadirAmigo_4	1587660759123	1587660759126	OK	 
REQUEST	2		PruebaAñadirAmigo_5	1587660759127	1587660759138	OK	 
REQUEST	2		PruebaAñadirAmigo_6	1587660759139	1587660759172	OK	 
REQUEST	2		PruebaAñadirAmigo_7	1587660759173	1587660759177	OK	 
USER	PruebaAñadirAmigo	4	START	1587660759863	1587660759863
REQUEST	4		PruebaAñadirAmigo_0	1587660759864	1587660759909	OK	 
REQUEST	4		PruebaAñadirAmigo_1	1587660759911	1587660759917	OK	 
REQUEST	4		PruebaAñadirAmigo_2	1587660759918	1587660759922	OK	 
REQUEST	4		PruebaAñadirAmigo_3	1587660760085	1587660760115	OK	 
REQUEST	3		PruebaAñadirAmigo_4	1587660760127	1587660760131	OK	 
REQUEST	3		PruebaAñadirAmigo_5	1587660760134	1587660760139	OK	 
REQUEST	3		PruebaAñadirAmigo_6	1587660760141	1587660760177	OK	 
REQUEST	3		PruebaAñadirAmigo_7	1587660760178	1587660760184	OK	 
USER	PruebaAñadirAmigo	5	START	1587660760863	1587660760863
REQUEST	5		PruebaAñadirAmigo_0	1587660760866	1587660760908	OK	 
REQUEST	5		PruebaAñadirAmigo_1	1587660760910	1587660760919	OK	 
REQUEST	5		PruebaAñadirAmigo_2	1587660760921	1587660760925	OK	 
REQUEST	5		PruebaAñadirAmigo_3	1587660761084	1587660761115	OK	 
REQUEST	4		PruebaAñadirAmigo_4	1587660761127	1587660761131	OK	 
REQUEST	4		PruebaAñadirAmigo_5	1587660761134	1587660761140	OK	 
REQUEST	4		PruebaAñadirAmigo_6	1587660761142	1587660761177	OK	 
REQUEST	4		PruebaAñadirAmigo_7	1587660761179	1587660761185	OK	 
REQUEST	5		PruebaAñadirAmigo_4	1587660762123	1587660762127	OK	 
REQUEST	5		PruebaAñadirAmigo_5	1587660762128	1587660762134	OK	 
REQUEST	5		PruebaAñadirAmigo_6	1587660762136	1587660762167	OK	 
REQUEST	5		PruebaAñadirAmigo_7	1587660762169	1587660762177	OK	 
USER	PruebaAñadirAmigo	6	START	1587660762854	1587660762854
REQUEST	6		PruebaAñadirAmigo_0	1587660762855	1587660762900	OK	 
REQUEST	6		PruebaAñadirAmigo_1	1587660762901	1587660762908	OK	 
REQUEST	6		PruebaAñadirAmigo_2	1587660762908	1587660762912	OK	 
REQUEST	6		PruebaAñadirAmigo_3	1587660763085	1587660763117	OK	 
USER	PruebaAñadirAmigo	7	START	1587660763862	1587660763862
REQUEST	7		PruebaAñadirAmigo_0	1587660763863	1587660763909	OK	 
REQUEST	7		PruebaAñadirAmigo_1	1587660763910	1587660763916	OK	 
REQUEST	7		PruebaAñadirAmigo_2	1587660763918	1587660763922	OK	 
REQUEST	7		PruebaAñadirAmigo_3	1587660764084	1587660764114	OK	 
REQUEST	6		PruebaAñadirAmigo_4	1587660764115	1587660764119	OK	 
REQUEST	6		PruebaAñadirAmigo_5	1587660764121	1587660764123	OK	 
REQUEST	6		PruebaAñadirAmigo_6	1587660764124	1587660764158	OK	 
REQUEST	6		PruebaAñadirAmigo_7	1587660764159	1587660764164	OK	 
USER	PruebaAñadirAmigo	8	START	1587660764862	1587660764862
REQUEST	8		PruebaAñadirAmigo_0	1587660764864	1587660764907	OK	 
REQUEST	8		PruebaAñadirAmigo_1	1587660764908	1587660764913	OK	 
REQUEST	8		PruebaAñadirAmigo_2	1587660764914	1587660764919	OK	 
REQUEST	8		PruebaAñadirAmigo_3	1587660765086	1587660765116	OK	 
REQUEST	7		PruebaAñadirAmigo_4	1587660765122	1587660765126	OK	 
REQUEST	7		PruebaAñadirAmigo_5	1587660765127	1587660765132	OK	 
REQUEST	7		PruebaAñadirAmigo_6	1587660765134	1587660765170	OK	 
REQUEST	7		PruebaAñadirAmigo_7	1587660765172	1587660765177	OK	 
USER	PruebaAñadirAmigo	9	START	1587660765861	1587660765861
REQUEST	9		PruebaAñadirAmigo_0	1587660765862	1587660765906	OK	 
REQUEST	9		PruebaAñadirAmigo_1	1587660765907	1587660765911	OK	 
REQUEST	9		PruebaAñadirAmigo_2	1587660765913	1587660765919	OK	 
REQUEST	9		PruebaAñadirAmigo_3	1587660766082	1587660766112	OK	 
REQUEST	8		PruebaAñadirAmigo_4	1587660766114	1587660766120	OK	 
REQUEST	8		PruebaAñadirAmigo_5	1587660766121	1587660766125	OK	 
REQUEST	8		PruebaAñadirAmigo_6	1587660766126	1587660766162	OK	 
REQUEST	8		PruebaAñadirAmigo_7	1587660766164	1587660766172	OK	 
USER	PruebaAñadirAmigo	10	START	1587660766863	1587660766863
REQUEST	10		PruebaAñadirAmigo_0	1587660766864	1587660766927	OK	 
REQUEST	10		PruebaAñadirAmigo_1	1587660766928	1587660766936	OK	 
REQUEST	10		PruebaAñadirAmigo_2	1587660766938	1587660766943	OK	 
REQUEST	10		PruebaAñadirAmigo_3	1587660767102	1587660767138	OK	 
REQUEST	9		PruebaAñadirAmigo_4	1587660767122	1587660767140	OK	 
REQUEST	9		PruebaAñadirAmigo_5	1587660767141	1587660767144	OK	 
REQUEST	9		PruebaAñadirAmigo_6	1587660767145	1587660767181	OK	 
REQUEST	9		PruebaAñadirAmigo_7	1587660767182	1587660767187	OK	 
REQUEST	10		PruebaAñadirAmigo_4	1587660768145	1587660768151	OK	 
REQUEST	10		PruebaAñadirAmigo_5	1587660768152	1587660768155	OK	 
REQUEST	10		PruebaAñadirAmigo_6	1587660768156	1587660768189	OK	 
REQUEST	10		PruebaAñadirAmigo_7	1587660768189	1587660768193	OK	 
USER	PruebaAñadirAmigo	11	START	1587660768865	1587660768865
REQUEST	11		PruebaAñadirAmigo_0	1587660768866	1587660768910	OK	 
REQUEST	11		PruebaAñadirAmigo_1	1587660768911	1587660768918	OK	 
REQUEST	11		PruebaAñadirAmigo_2	1587660768919	1587660768923	OK	 
REQUEST	11		PruebaAñadirAmigo_3	1587660769094	1587660769126	OK	 
USER	PruebaAñadirAmigo	12	START	1587660769845	1587660769845
REQUEST	12		PruebaAñadirAmigo_0	1587660769846	1587660769892	OK	 
REQUEST	12		PruebaAñadirAmigo_1	1587660769893	1587660769901	OK	 
REQUEST	12		PruebaAñadirAmigo_2	1587660769903	1587660769914	OK	 
REQUEST	12		PruebaAñadirAmigo_3	1587660770082	1587660770119	OK	 
REQUEST	11		PruebaAñadirAmigo_4	1587660770124	1587660770128	OK	 
REQUEST	11		PruebaAñadirAmigo_5	1587660770130	1587660770137	OK	 
REQUEST	11		PruebaAñadirAmigo_6	1587660770138	1587660770169	OK	 
REQUEST	11		PruebaAñadirAmigo_7	1587660770170	1587660770174	OK	 
REQUEST	1		PruebaAñadirAmigo_8	1587660770376	1587660770417	OK	 
REQUEST	1		PruebaAñadirAmigo_9	1587660770418	1587660770423	OK	 
REQUEST	1		PruebaAñadirAmigo_10	1587660770423	1587660770427	OK	 
REQUEST	1		PruebaAñadirAmigo_11	1587660770545	1587660770577	OK	 
USER	PruebaAñadirAmigo	13	START	1587660770851	1587660770851
REQUEST	13		PruebaAñadirAmigo_0	1587660770852	1587660770892	OK	 
REQUEST	13		PruebaAñadirAmigo_1	1587660770892	1587660770898	OK	 
REQUEST	13		PruebaAñadirAmigo_2	1587660770899	1587660770906	OK	 
REQUEST	13		PruebaAñadirAmigo_3	1587660771076	1587660771108	OK	 
REQUEST	12		PruebaAñadirAmigo_4	1587660771113	1587660771118	OK	 
REQUEST	12		PruebaAñadirAmigo_5	1587660771120	1587660771123	OK	 
REQUEST	12		PruebaAñadirAmigo_6	1587660771124	1587660771155	OK	 
REQUEST	12		PruebaAñadirAmigo_7	1587660771156	1587660771159	OK	 
REQUEST	2		PruebaAñadirAmigo_8	1587660771176	1587660771213	OK	 
REQUEST	2		PruebaAñadirAmigo_9	1587660771215	1587660771221	OK	 
REQUEST	2		PruebaAñadirAmigo_10	1587660771221	1587660771224	OK	 
REQUEST	2		PruebaAñadirAmigo_11	1587660771346	1587660771377	OK	 
USER	PruebaAñadirAmigo	14	START	1587660771864	1587660771864
REQUEST	14		PruebaAñadirAmigo_0	1587660771866	1587660771905	OK	 
REQUEST	14		PruebaAñadirAmigo_1	1587660771906	1587660771911	OK	 
REQUEST	14		PruebaAñadirAmigo_2	1587660771912	1587660771919	OK	 
REQUEST	14		PruebaAñadirAmigo_3	1587660772084	1587660772117	OK	 
REQUEST	13		PruebaAñadirAmigo_4	1587660772106	1587660772118	OK	 
REQUEST	13		PruebaAñadirAmigo_5	1587660772119	1587660772123	OK	 
REQUEST	13		PruebaAñadirAmigo_6	1587660772124	1587660772156	OK	 
REQUEST	13		PruebaAñadirAmigo_7	1587660772157	1587660772160	OK	 
REQUEST	3		PruebaAñadirAmigo_8	1587660772183	1587660772218	OK	 
REQUEST	3		PruebaAñadirAmigo_9	1587660772219	1587660772225	OK	 
REQUEST	3		PruebaAñadirAmigo_10	1587660772226	1587660772230	OK	 
REQUEST	3		PruebaAñadirAmigo_11	1587660772345	1587660772378	OK	 
USER	PruebaAñadirAmigo	15	START	1587660772861	1587660772861
REQUEST	15		PruebaAñadirAmigo_0	1587660772862	1587660772913	OK	 
REQUEST	15		PruebaAñadirAmigo_1	1587660772915	1587660772922	OK	 
REQUEST	15		PruebaAñadirAmigo_2	1587660772923	1587660772926	OK	 
REQUEST	15		PruebaAñadirAmigo_3	1587660773091	1587660773122	OK	 
REQUEST	14		PruebaAñadirAmigo_4	1587660773102	1587660773122	OK	 
REQUEST	14		PruebaAñadirAmigo_5	1587660773122	1587660773125	OK	 
REQUEST	14		PruebaAñadirAmigo_6	1587660773126	1587660773159	OK	 
REQUEST	14		PruebaAñadirAmigo_7	1587660773160	1587660773164	OK	 
REQUEST	4		PruebaAñadirAmigo_8	1587660773175	1587660773211	OK	 
REQUEST	4		PruebaAñadirAmigo_9	1587660773212	1587660773219	OK	 
REQUEST	4		PruebaAñadirAmigo_10	1587660773220	1587660773224	OK	 
REQUEST	4		PruebaAñadirAmigo_11	1587660773335	1587660773366	OK	 
REQUEST	15		PruebaAñadirAmigo_4	1587660774121	1587660774125	OK	 
REQUEST	15		PruebaAñadirAmigo_5	1587660774125	1587660774128	OK	 
REQUEST	15		PruebaAñadirAmigo_6	1587660774129	1587660774164	OK	 
REQUEST	15		PruebaAñadirAmigo_7	1587660774165	1587660774175	OK	 
REQUEST	5		PruebaAñadirAmigo_8	1587660774164	1587660774217	OK	 
REQUEST	5		PruebaAñadirAmigo_9	1587660774218	1587660774223	OK	 
REQUEST	5		PruebaAñadirAmigo_10	1587660774224	1587660774229	OK	 
REQUEST	5		PruebaAñadirAmigo_11	1587660774347	1587660774377	OK	 
USER	PruebaAñadirAmigo	16	START	1587660774861	1587660774861
REQUEST	16		PruebaAñadirAmigo_0	1587660774862	1587660774903	OK	 
REQUEST	16		PruebaAñadirAmigo_1	1587660774904	1587660774910	OK	 
REQUEST	16		PruebaAñadirAmigo_2	1587660774911	1587660774917	OK	 
REQUEST	16		PruebaAñadirAmigo_3	1587660775082	1587660775116	OK	 
USER	PruebaAñadirAmigo	17	START	1587660775866	1587660775866
REQUEST	17		PruebaAñadirAmigo_0	1587660775868	1587660775920	OK	 
REQUEST	17		PruebaAñadirAmigo_1	1587660775921	1587660775926	OK	 
REQUEST	17		PruebaAñadirAmigo_2	1587660775927	1587660775937	OK	 
REQUEST	17		PruebaAñadirAmigo_3	1587660776106	1587660776142	OK	 
REQUEST	16		PruebaAñadirAmigo_4	1587660776116	1587660776143	OK	 
REQUEST	16		PruebaAñadirAmigo_5	1587660776143	1587660776148	OK	 
REQUEST	16		PruebaAñadirAmigo_6	1587660776150	1587660776190	OK	 
REQUEST	16		PruebaAñadirAmigo_7	1587660776191	1587660776197	OK	 
REQUEST	6		PruebaAñadirAmigo_8	1587660776163	1587660776231	OK	 
REQUEST	6		PruebaAñadirAmigo_9	1587660776232	1587660776240	OK	 
REQUEST	6		PruebaAñadirAmigo_10	1587660776241	1587660776247	OK	 
REQUEST	6		PruebaAñadirAmigo_11	1587660776346	1587660776390	OK	 
USER	PruebaAñadirAmigo	18	START	1587660776865	1587660776865
REQUEST	18		PruebaAñadirAmigo_0	1587660776866	1587660776923	OK	 
REQUEST	18		PruebaAñadirAmigo_1	1587660776923	1587660776929	OK	 
REQUEST	18		PruebaAñadirAmigo_2	1587660776930	1587660776938	OK	 
REQUEST	18		PruebaAñadirAmigo_3	1587660777102	1587660777133	OK	 
REQUEST	17		PruebaAñadirAmigo_4	1587660777145	1587660777151	OK	 
REQUEST	17		PruebaAñadirAmigo_5	1587660777152	1587660777155	OK	 
REQUEST	17		PruebaAñadirAmigo_6	1587660777155	1587660777190	OK	 
REQUEST	7		PruebaAñadirAmigo_8	1587660777176	1587660777220	OK	 
REQUEST	17		PruebaAñadirAmigo_7	1587660777191	1587660777221	OK	 
REQUEST	7		PruebaAñadirAmigo_9	1587660777220	1587660777224	OK	 
REQUEST	7		PruebaAñadirAmigo_10	1587660777225	1587660777228	OK	 
REQUEST	7		PruebaAñadirAmigo_11	1587660777333	1587660777374	OK	 
USER	PruebaAñadirAmigo	19	START	1587660777864	1587660777864
REQUEST	19		PruebaAñadirAmigo_0	1587660777865	1587660777907	OK	 
REQUEST	19		PruebaAñadirAmigo_1	1587660777907	1587660777911	OK	 
REQUEST	19		PruebaAñadirAmigo_2	1587660777912	1587660777918	OK	 
REQUEST	19		PruebaAñadirAmigo_3	1587660778082	1587660778126	OK	 
REQUEST	18		PruebaAñadirAmigo_4	1587660778146	1587660778152	OK	 
REQUEST	18		PruebaAñadirAmigo_5	1587660778153	1587660778156	OK	 
REQUEST	18		PruebaAñadirAmigo_6	1587660778157	1587660778193	OK	 
REQUEST	8		PruebaAñadirAmigo_8	1587660778172	1587660778225	OK	 
REQUEST	18		PruebaAñadirAmigo_7	1587660778194	1587660778227	OK	 
REQUEST	8		PruebaAñadirAmigo_9	1587660778226	1587660778230	OK	 
REQUEST	8		PruebaAñadirAmigo_10	1587660778231	1587660778238	OK	 
REQUEST	8		PruebaAñadirAmigo_11	1587660778355	1587660778402	OK	 
USER	PruebaAñadirAmigo	20	START	1587660778865	1587660778865
REQUEST	20		PruebaAñadirAmigo_0	1587660778866	1587660778904	OK	 
REQUEST	20		PruebaAñadirAmigo_1	1587660778905	1587660778909	OK	 
REQUEST	20		PruebaAñadirAmigo_2	1587660778910	1587660778916	OK	 
REQUEST	20		PruebaAñadirAmigo_3	1587660779082	1587660779129	OK	 
REQUEST	19		PruebaAñadirAmigo_4	1587660779135	1587660779146	OK	 
REQUEST	19		PruebaAñadirAmigo_5	1587660779148	1587660779156	OK	 
REQUEST	19		PruebaAñadirAmigo_6	1587660779157	1587660779200	OK	 
REQUEST	9		PruebaAñadirAmigo_8	1587660779183	1587660779233	OK	 
REQUEST	19		PruebaAñadirAmigo_7	1587660779202	1587660779240	OK	 
REQUEST	9		PruebaAñadirAmigo_9	1587660779235	1587660779243	OK	 
REQUEST	9		PruebaAñadirAmigo_10	1587660779244	1587660779255	OK	 
REQUEST	9		PruebaAñadirAmigo_11	1587660779374	1587660779405	OK	 
REQUEST	1		PruebaAñadirAmigo_12	1587660779572	1587660779579	OK	 
REQUEST	1		PruebaAñadirAmigo_13	1587660779580	1587660779620	OK	 
REQUEST	1		PruebaAñadirAmigo_14	1587660779621	1587660779624	OK	 
REQUEST	1		PruebaAñadirAmigo_15	1587660779813	1587660779852	OK	 
REQUEST	20		PruebaAñadirAmigo_4	1587660780127	1587660780130	OK	 
REQUEST	20		PruebaAñadirAmigo_5	1587660780132	1587660780138	OK	 
REQUEST	20		PruebaAñadirAmigo_6	1587660780139	1587660780173	OK	 
REQUEST	20		PruebaAñadirAmigo_7	1587660780174	1587660780177	OK	 
REQUEST	10		PruebaAñadirAmigo_8	1587660780195	1587660780247	OK	 
REQUEST	10		PruebaAñadirAmigo_9	1587660780248	1587660780257	OK	 
REQUEST	10		PruebaAñadirAmigo_10	1587660780258	1587660780263	OK	 
REQUEST	2		PruebaAñadirAmigo_12	1587660780361	1587660780374	OK	 
REQUEST	2		PruebaAñadirAmigo_13	1587660780374	1587660780411	OK	 
REQUEST	10		PruebaAñadirAmigo_11	1587660780382	1587660780445	OK	 
REQUEST	2		PruebaAñadirAmigo_14	1587660780412	1587660780450	OK	 
REQUEST	2		PruebaAñadirAmigo_15	1587660780652	1587660780704	OK	 
USER	PruebaAñadirAmigo	21	START	1587660780863	1587660780863
REQUEST	21		PruebaAñadirAmigo_0	1587660780866	1587660780910	OK	 
REQUEST	21		PruebaAñadirAmigo_1	1587660780910	1587660780917	OK	 
REQUEST	21		PruebaAñadirAmigo_2	1587660780918	1587660780922	OK	 
REQUEST	21		PruebaAñadirAmigo_3	1587660781082	1587660781113	OK	 
REQUEST	3		PruebaAñadirAmigo_12	1587660781385	1587660781392	OK	 
REQUEST	3		PruebaAñadirAmigo_13	1587660781392	1587660781424	OK	 
REQUEST	3		PruebaAñadirAmigo_14	1587660781424	1587660781428	OK	 
REQUEST	3		PruebaAñadirAmigo_15	1587660781611	1587660781643	OK	 
USER	PruebaAñadirAmigo	22	START	1587660781861	1587660781861
REQUEST	22		PruebaAñadirAmigo_0	1587660781862	1587660781916	OK	 
REQUEST	22		PruebaAñadirAmigo_1	1587660781917	1587660781926	OK	 
REQUEST	22		PruebaAñadirAmigo_2	1587660781927	1587660781933	OK	 
REQUEST	22		PruebaAñadirAmigo_3	1587660782095	1587660782129	OK	 
REQUEST	21		PruebaAñadirAmigo_4	1587660782116	1587660782131	OK	 
REQUEST	21		PruebaAñadirAmigo_5	1587660782132	1587660782139	OK	 
REQUEST	21		PruebaAñadirAmigo_6	1587660782141	1587660782178	OK	 
REQUEST	11		PruebaAñadirAmigo_8	1587660782163	1587660782206	OK	 
REQUEST	21		PruebaAñadirAmigo_7	1587660782179	1587660782207	OK	 
REQUEST	11		PruebaAñadirAmigo_9	1587660782207	1587660782210	OK	 
REQUEST	11		PruebaAñadirAmigo_10	1587660782210	1587660782215	OK	 
REQUEST	11		PruebaAñadirAmigo_11	1587660782346	1587660782382	OK	 
REQUEST	4		PruebaAñadirAmigo_12	1587660782371	1587660782386	OK	 
REQUEST	4		PruebaAñadirAmigo_13	1587660782387	1587660782420	OK	 
REQUEST	4		PruebaAñadirAmigo_14	1587660782421	1587660782424	OK	 
REQUEST	4		PruebaAñadirAmigo_15	1587660782621	1587660782651	OK	 
USER	PruebaAñadirAmigo	23	START	1587660782862	1587660782862
REQUEST	23		PruebaAñadirAmigo_0	1587660782863	1587660782905	OK	 
REQUEST	23		PruebaAñadirAmigo_1	1587660782906	1587660782909	OK	 
REQUEST	23		PruebaAñadirAmigo_2	1587660782910	1587660782915	OK	 
REQUEST	23		PruebaAñadirAmigo_3	1587660783082	1587660783113	OK	 
REQUEST	22		PruebaAñadirAmigo_4	1587660783124	1587660783127	OK	 
REQUEST	22		PruebaAñadirAmigo_5	1587660783128	1587660783131	OK	 
REQUEST	22		PruebaAñadirAmigo_6	1587660783133	1587660783171	OK	 
REQUEST	12		PruebaAñadirAmigo_8	1587660783166	1587660783204	OK	 
REQUEST	22		PruebaAñadirAmigo_7	1587660783172	1587660783206	OK	 
REQUEST	12		PruebaAñadirAmigo_9	1587660783205	1587660783209	OK	 
REQUEST	12		PruebaAñadirAmigo_10	1587660783210	1587660783215	OK	 
REQUEST	12		PruebaAñadirAmigo_11	1587660783334	1587660783371	OK	 
REQUEST	5		PruebaAñadirAmigo_12	1587660783385	1587660783391	OK	 
REQUEST	5		PruebaAñadirAmigo_13	1587660783392	1587660783425	OK	 
REQUEST	5		PruebaAñadirAmigo_14	1587660783426	1587660783432	OK	 
REQUEST	5		PruebaAñadirAmigo_15	1587660783625	1587660783658	OK	 
USER	PruebaAñadirAmigo	24	START	1587660783864	1587660783864
REQUEST	24		PruebaAñadirAmigo_0	1587660783866	1587660783923	OK	 
REQUEST	24		PruebaAñadirAmigo_1	1587660783924	1587660783931	OK	 
REQUEST	24		PruebaAñadirAmigo_2	1587660783933	1587660783948	OK	 
REQUEST	24		PruebaAñadirAmigo_3	1587660784115	1587660784151	OK	 
REQUEST	23		PruebaAñadirAmigo_4	1587660784115	1587660784152	OK	 
REQUEST	23		PruebaAñadirAmigo_5	1587660784153	1587660784158	OK	 
REQUEST	13		PruebaAñadirAmigo_8	1587660784152	1587660784194	OK	 
REQUEST	23		PruebaAñadirAmigo_6	1587660784158	1587660784223	OK	 
REQUEST	13		PruebaAñadirAmigo_9	1587660784194	1587660784224	OK	 
REQUEST	23		PruebaAñadirAmigo_7	1587660784224	1587660784228	OK	 
REQUEST	13		PruebaAñadirAmigo_10	1587660784225	1587660784229	OK	 
REQUEST	13		PruebaAñadirAmigo_11	1587660784356	1587660784392	OK	 
USER	PruebaAñadirAmigo	25	START	1587660784847	1587660784847
REQUEST	25		PruebaAñadirAmigo_0	1587660784848	1587660784890	OK	 
REQUEST	25		PruebaAñadirAmigo_1	1587660784890	1587660784893	OK	 
REQUEST	25		PruebaAñadirAmigo_2	1587660784894	1587660784899	OK	 
REQUEST	25		PruebaAñadirAmigo_3	1587660785065	1587660785110	OK	 
REQUEST	24		PruebaAñadirAmigo_4	1587660785144	1587660785150	OK	 
REQUEST	24		PruebaAñadirAmigo_5	1587660785151	1587660785155	OK	 
REQUEST	24		PruebaAñadirAmigo_6	1587660785155	1587660785190	OK	 
REQUEST	14		PruebaAñadirAmigo_8	1587660785185	1587660785237	OK	 
REQUEST	24		PruebaAñadirAmigo_7	1587660785191	1587660785239	OK	 
REQUEST	14		PruebaAñadirAmigo_9	1587660785237	1587660785243	OK	 
REQUEST	14		PruebaAñadirAmigo_10	1587660785244	1587660785257	OK	 
REQUEST	14		PruebaAñadirAmigo_11	1587660785374	1587660785412	OK	 
REQUEST	6		PruebaAñadirAmigo_12	1587660785405	1587660785416	OK	 
REQUEST	6		PruebaAñadirAmigo_13	1587660785417	1587660785454	OK	 
REQUEST	6		PruebaAñadirAmigo_14	1587660785455	1587660785459	OK	 
REQUEST	6		PruebaAñadirAmigo_15	1587660785644	1587660785680	OK	 
REQUEST	25		PruebaAñadirAmigo_4	1587660786105	1587660786109	OK	 
REQUEST	25		PruebaAñadirAmigo_5	1587660786110	1587660786115	OK	 
REQUEST	25		PruebaAñadirAmigo_6	1587660786116	1587660786172	OK	 
REQUEST	25		PruebaAñadirAmigo_7	1587660786173	1587660786179	OK	 
REQUEST	15		PruebaAñadirAmigo_8	1587660786173	1587660786236	OK	 
REQUEST	15		PruebaAñadirAmigo_9	1587660786237	1587660786243	OK	 
REQUEST	15		PruebaAñadirAmigo_10	1587660786244	1587660786252	OK	 
REQUEST	15		PruebaAñadirAmigo_11	1587660786362	1587660786421	OK	 
REQUEST	7		PruebaAñadirAmigo_12	1587660786383	1587660786424	OK	 
REQUEST	7		PruebaAñadirAmigo_13	1587660786425	1587660786481	OK	 
REQUEST	7		PruebaAñadirAmigo_14	1587660786483	1587660786490	OK	 
REQUEST	7		PruebaAñadirAmigo_15	1587660786677	1587660786728	OK	 
USER	PruebaAñadirAmigo	26	START	1587660786861	1587660786861
REQUEST	26		PruebaAñadirAmigo_0	1587660786862	1587660786915	OK	 
REQUEST	26		PruebaAñadirAmigo_1	1587660786916	1587660786921	OK	 
REQUEST	26		PruebaAñadirAmigo_2	1587660786922	1587660786926	OK	 
REQUEST	26		PruebaAñadirAmigo_3	1587660787092	1587660787129	OK	 
REQUEST	8		PruebaAñadirAmigo_12	1587660787406	1587660787419	OK	 
REQUEST	8		PruebaAñadirAmigo_13	1587660787419	1587660787461	OK	 
REQUEST	8		PruebaAñadirAmigo_14	1587660787462	1587660787467	OK	 
REQUEST	8		PruebaAñadirAmigo_15	1587660787652	1587660787695	OK	 
USER	PruebaAñadirAmigo	27	START	1587660787861	1587660787861
REQUEST	27		PruebaAñadirAmigo_0	1587660787862	1587660787920	OK	 
REQUEST	27		PruebaAñadirAmigo_1	1587660787920	1587660787925	OK	 
REQUEST	27		PruebaAñadirAmigo_2	1587660787926	1587660787934	OK	 
REQUEST	27		PruebaAñadirAmigo_3	1587660788091	1587660788153	OK	 
REQUEST	26		PruebaAñadirAmigo_4	1587660788123	1587660788157	OK	 
REQUEST	26		PruebaAñadirAmigo_5	1587660788158	1587660788162	OK	 
REQUEST	26		PruebaAñadirAmigo_6	1587660788163	1587660788206	OK	 
REQUEST	16		PruebaAñadirAmigo_8	1587660788191	1587660788250	OK	 
REQUEST	26		PruebaAñadirAmigo_7	1587660788207	1587660788253	OK	 
REQUEST	16		PruebaAñadirAmigo_9	1587660788251	1587660788257	OK	 
REQUEST	16		PruebaAñadirAmigo_10	1587660788257	1587660788261	OK	 
REQUEST	16		PruebaAñadirAmigo_11	1587660788385	1587660788430	OK	 
REQUEST	9		PruebaAñadirAmigo_12	1587660788406	1587660788433	OK	 
REQUEST	9		PruebaAñadirAmigo_13	1587660788434	1587660788467	OK	 
REQUEST	9		PruebaAñadirAmigo_14	1587660788468	1587660788474	OK	 
REQUEST	9		PruebaAñadirAmigo_15	1587660788664	1587660788727	OK	 
USER	PruebaAñadirAmigo	28	START	1587660788855	1587660788855
REQUEST	28		PruebaAñadirAmigo_0	1587660788856	1587660788912	OK	 
REQUEST	1		PruebaAñadirAmigo_16	1587660788855	1587660788920	OK	 
REQUEST	28		PruebaAñadirAmigo_1	1587660788914	1587660788923	OK	 
REQUEST	1		PruebaAñadirAmigo_17	1587660788921	1587660788966	OK	 
REQUEST	28		PruebaAñadirAmigo_2	1587660788924	1587660788978	OK	 
REQUEST	1		PruebaAñadirAmigo_18	1587660788967	1587660788980	OK	 
REQUEST	28		PruebaAñadirAmigo_3	1587660789146	1587660789195	OK	 
REQUEST	1		PruebaAñadirAmigo_19	1587660789146	1587660789257	OK	 
REQUEST	27		PruebaAñadirAmigo_4	1587660789156	1587660789259	OK	 
REQUEST	17		PruebaAñadirAmigo_8	1587660789225	1587660789302	OK	 
REQUEST	27		PruebaAñadirAmigo_5	1587660789261	1587660789304	OK	 
REQUEST	17		PruebaAñadirAmigo_9	1587660789303	1587660789309	OK	 
REQUEST	27		PruebaAñadirAmigo_6	1587660789305	1587660789343	OK	 
REQUEST	27		PruebaAñadirAmigo_7	1587660789344	1587660789352	OK	 
REQUEST	17		PruebaAñadirAmigo_10	1587660789309	1587660789353	OK	 
REQUEST	10		PruebaAñadirAmigo_12	1587660789444	1587660789460	OK	 
REQUEST	17		PruebaAñadirAmigo_11	1587660789455	1587660789524	OK	 
REQUEST	10		PruebaAñadirAmigo_13	1587660789461	1587660789571	OK	 
REQUEST	10		PruebaAñadirAmigo_14	1587660789572	1587660789581	OK	 
REQUEST	2		PruebaAñadirAmigo_16	1587660789705	1587660789718	OK	 
REQUEST	2		PruebaAñadirAmigo_17	1587660789719	1587660789770	OK	 
REQUEST	10		PruebaAñadirAmigo_15	1587660789763	1587660789806	OK	 
REQUEST	2		PruebaAñadirAmigo_18	1587660789771	1587660789807	OK	 
USER	PruebaAñadirAmigo	29	START	1587660789856	1587660789856
REQUEST	29		PruebaAñadirAmigo_0	1587660789856	1587660789900	OK	 
REQUEST	29		PruebaAñadirAmigo_1	1587660789901	1587660789908	OK	 
REQUEST	29		PruebaAñadirAmigo_2	1587660789910	1587660789916	OK	 
REQUEST	2		PruebaAñadirAmigo_19	1587660789976	1587660790025	OK	 
REQUEST	29		PruebaAñadirAmigo_3	1587660790085	1587660790124	OK	 
REQUEST	28		PruebaAñadirAmigo_4	1587660790196	1587660790203	OK	 
REQUEST	28		PruebaAñadirAmigo_5	1587660790205	1587660790210	OK	 
REQUEST	28		PruebaAñadirAmigo_6	1587660790211	1587660790253	OK	 
REQUEST	18		PruebaAñadirAmigo_8	1587660790217	1587660790291	OK	 
REQUEST	28		PruebaAñadirAmigo_7	1587660790254	1587660790292	OK	 
REQUEST	18		PruebaAñadirAmigo_9	1587660790292	1587660790296	OK	 
REQUEST	18		PruebaAñadirAmigo_10	1587660790298	1587660790308	OK	 
REQUEST	18		PruebaAñadirAmigo_11	1587660790423	1587660790460	OK	 
REQUEST	3		PruebaAñadirAmigo_16	1587660790652	1587660790657	OK	 
REQUEST	3		PruebaAñadirAmigo_17	1587660790657	1587660790691	OK	 
REQUEST	3		PruebaAñadirAmigo_18	1587660790691	1587660790699	OK	 
USER	PruebaAñadirAmigo	30	START	1587660790843	1587660790843
REQUEST	30		PruebaAñadirAmigo_0	1587660790843	1587660790881	OK	 
REQUEST	3		PruebaAñadirAmigo_19	1587660790863	1587660790910	OK	 
REQUEST	30		PruebaAñadirAmigo_1	1587660790882	1587660790912	OK	 
REQUEST	30		PruebaAñadirAmigo_2	1587660790913	1587660790920	OK	 
REQUEST	30		PruebaAñadirAmigo_3	1587660791074	1587660791107	OK	 
REQUEST	29		PruebaAñadirAmigo_4	1587660791111	1587660791117	OK	 
REQUEST	29		PruebaAñadirAmigo_5	1587660791118	1587660791122	OK	 
REQUEST	29		PruebaAñadirAmigo_6	1587660791123	1587660791158	OK	 
REQUEST	29		PruebaAñadirAmigo_7	1587660791159	1587660791163	OK	 
REQUEST	19		PruebaAñadirAmigo_8	1587660791227	1587660791274	OK	 
REQUEST	19		PruebaAñadirAmigo_9	1587660791275	1587660791282	OK	 
REQUEST	19		PruebaAñadirAmigo_10	1587660791283	1587660791289	OK	 
REQUEST	11		PruebaAñadirAmigo_12	1587660791382	1587660791389	OK	 
REQUEST	11		PruebaAñadirAmigo_13	1587660791390	1587660791425	OK	 
REQUEST	19		PruebaAñadirAmigo_11	1587660791403	1587660791455	OK	 
REQUEST	11		PruebaAñadirAmigo_14	1587660791426	1587660791456	OK	 
REQUEST	11		PruebaAñadirAmigo_15	1587660791645	1587660791678	OK	 
REQUEST	4		PruebaAñadirAmigo_16	1587660791645	1587660791682	OK	 
REQUEST	4		PruebaAñadirAmigo_17	1587660791683	1587660791719	OK	 
REQUEST	4		PruebaAñadirAmigo_18	1587660791719	1587660791723	OK	 
REQUEST	4		PruebaAñadirAmigo_19	1587660791897	1587660791929	OK	 
REQUEST	30		PruebaAñadirAmigo_4	1587660792103	1587660792106	OK	 
REQUEST	30		PruebaAñadirAmigo_5	1587660792107	1587660792109	OK	 
REQUEST	30		PruebaAñadirAmigo_6	1587660792110	1587660792141	OK	 
REQUEST	30		PruebaAñadirAmigo_7	1587660792142	1587660792145	OK	 
REQUEST	20		PruebaAñadirAmigo_8	1587660792172	1587660792212	OK	 
REQUEST	20		PruebaAñadirAmigo_9	1587660792213	1587660792219	OK	 
REQUEST	20		PruebaAñadirAmigo_10	1587660792220	1587660792223	OK	 
REQUEST	20		PruebaAñadirAmigo_11	1587660792344	1587660792379	OK	 
REQUEST	12		PruebaAñadirAmigo_12	1587660792365	1587660792381	OK	 
REQUEST	12		PruebaAñadirAmigo_13	1587660792382	1587660792417	OK	 
REQUEST	12		PruebaAñadirAmigo_14	1587660792418	1587660792423	OK	 
REQUEST	12		PruebaAñadirAmigo_15	1587660792621	1587660792660	OK	 
REQUEST	5		PruebaAñadirAmigo_16	1587660792642	1587660792662	OK	 
REQUEST	5		PruebaAñadirAmigo_17	1587660792663	1587660792704	OK	 
REQUEST	5		PruebaAñadirAmigo_18	1587660792705	1587660792707	OK	 
USER	PruebaAñadirAmigo	31	START	1587660792861	1587660792861
REQUEST	31		PruebaAñadirAmigo_0	1587660792862	1587660792906	OK	 
REQUEST	5		PruebaAñadirAmigo_19	1587660792882	1587660792935	OK	 
REQUEST	31		PruebaAñadirAmigo_1	1587660792907	1587660792939	OK	 
REQUEST	31		PruebaAñadirAmigo_2	1587660792940	1587660792943	OK	 
REQUEST	31		PruebaAñadirAmigo_3	1587660793102	1587660793134	OK	 
REQUEST	13		PruebaAñadirAmigo_12	1587660793395	1587660793408	OK	 
REQUEST	13		PruebaAñadirAmigo_13	1587660793409	1587660793446	OK	 
REQUEST	13		PruebaAñadirAmigo_14	1587660793447	1587660793453	OK	 
REQUEST	13		PruebaAñadirAmigo_15	1587660793642	1587660793673	OK	 
USER	PruebaAñadirAmigo	32	START	1587660793862	1587660793862
REQUEST	32		PruebaAñadirAmigo_0	1587660793863	1587660793902	OK	 
REQUEST	32		PruebaAñadirAmigo_1	1587660793903	1587660793909	OK	 
REQUEST	32		PruebaAñadirAmigo_2	1587660793909	1587660793913	OK	 
REQUEST	32		PruebaAñadirAmigo_3	1587660794082	1587660794113	OK	 
REQUEST	31		PruebaAñadirAmigo_4	1587660794146	1587660794150	OK	 
REQUEST	31		PruebaAñadirAmigo_5	1587660794151	1587660794154	OK	 
REQUEST	31		PruebaAñadirAmigo_6	1587660794154	1587660794189	OK	 
REQUEST	31		PruebaAñadirAmigo_7	1587660794190	1587660794193	OK	 
REQUEST	21		PruebaAñadirAmigo_8	1587660794213	1587660794255	OK	 
REQUEST	21		PruebaAñadirAmigo_9	1587660794256	1587660794259	OK	 
REQUEST	21		PruebaAñadirAmigo_10	1587660794259	1587660794262	OK	 
REQUEST	21		PruebaAñadirAmigo_11	1587660794373	1587660794405	OK	 
REQUEST	14		PruebaAñadirAmigo_12	1587660794405	1587660794411	OK	 
REQUEST	14		PruebaAñadirAmigo_13	1587660794411	1587660794444	OK	 
REQUEST	14		PruebaAñadirAmigo_14	1587660794444	1587660794449	OK	 
REQUEST	14		PruebaAñadirAmigo_15	1587660794642	1587660794680	OK	 
REQUEST	6		PruebaAñadirAmigo_16	1587660794685	1587660794692	OK	 
REQUEST	6		PruebaAñadirAmigo_17	1587660794692	1587660794737	OK	 
REQUEST	6		PruebaAñadirAmigo_18	1587660794738	1587660794743	OK	 
USER	PruebaAñadirAmigo	33	START	1587660794866	1587660794866
REQUEST	33		PruebaAñadirAmigo_0	1587660794867	1587660794915	OK	 
REQUEST	6		PruebaAñadirAmigo_19	1587660794903	1587660794955	OK	 
REQUEST	33		PruebaAñadirAmigo_1	1587660794916	1587660794957	OK	 
REQUEST	33		PruebaAñadirAmigo_2	1587660794957	1587660794961	OK	 
REQUEST	32		PruebaAñadirAmigo_4	1587660795112	1587660795116	OK	 
REQUEST	32		PruebaAñadirAmigo_5	1587660795117	1587660795120	OK	 
REQUEST	32		PruebaAñadirAmigo_6	1587660795121	1587660795156	OK	 
REQUEST	33		PruebaAñadirAmigo_3	1587660795121	1587660795189	OK	 
REQUEST	32		PruebaAñadirAmigo_7	1587660795157	1587660795190	OK	 
REQUEST	22		PruebaAñadirAmigo_8	1587660795217	1587660795255	OK	 
REQUEST	22		PruebaAñadirAmigo_9	1587660795255	1587660795259	OK	 
REQUEST	22		PruebaAñadirAmigo_10	1587660795259	1587660795264	OK	 
REQUEST	22		PruebaAñadirAmigo_11	1587660795384	1587660795417	OK	 
REQUEST	15		PruebaAñadirAmigo_12	1587660795426	1587660795435	OK	 
REQUEST	15		PruebaAñadirAmigo_13	1587660795436	1587660795476	OK	 
REQUEST	15		PruebaAñadirAmigo_14	1587660795477	1587660795483	OK	 
REQUEST	15		PruebaAñadirAmigo_15	1587660795682	1587660795722	OK	 
REQUEST	7		PruebaAñadirAmigo_16	1587660795734	1587660795743	OK	 
REQUEST	7		PruebaAñadirAmigo_17	1587660795744	1587660795780	OK	 
REQUEST	7		PruebaAñadirAmigo_18	1587660795780	1587660795786	OK	 
USER	PruebaAñadirAmigo	34	START	1587660795865	1587660795865
REQUEST	34		PruebaAñadirAmigo_0	1587660795867	1587660795909	OK	 
REQUEST	34		PruebaAñadirAmigo_1	1587660795909	1587660795914	OK	 
REQUEST	34		PruebaAñadirAmigo_2	1587660795915	1587660795920	OK	 
REQUEST	7		PruebaAñadirAmigo_19	1587660795945	1587660795981	OK	 
REQUEST	34		PruebaAñadirAmigo_3	1587660796086	1587660796121	OK	 
REQUEST	33		PruebaAñadirAmigo_4	1587660796197	1587660796205	OK	 
REQUEST	33		PruebaAñadirAmigo_5	1587660796206	1587660796211	OK	 
REQUEST	33		PruebaAñadirAmigo_6	1587660796211	1587660796254	OK	 
REQUEST	23		PruebaAñadirAmigo_8	1587660796221	1587660796294	OK	 
REQUEST	33		PruebaAñadirAmigo_7	1587660796255	1587660796296	OK	 
REQUEST	23		PruebaAñadirAmigo_9	1587660796295	1587660796302	OK	 
REQUEST	23		PruebaAñadirAmigo_10	1587660796303	1587660796307	OK	 
REQUEST	23		PruebaAñadirAmigo_11	1587660796426	1587660796461	OK	 
REQUEST	8		PruebaAñadirAmigo_16	1587660796706	1587660796716	OK	 
REQUEST	8		PruebaAñadirAmigo_17	1587660796717	1587660796770	OK	 
REQUEST	8		PruebaAñadirAmigo_18	1587660796771	1587660796779	OK	 
USER	PruebaAñadirAmigo	35	START	1587660796862	1587660796862
REQUEST	35		PruebaAñadirAmigo_0	1587660796864	1587660796917	OK	 
REQUEST	35		PruebaAñadirAmigo_1	1587660796917	1587660796922	OK	 
REQUEST	35		PruebaAñadirAmigo_2	1587660796922	1587660796926	OK	 
REQUEST	8		PruebaAñadirAmigo_19	1587660796947	1587660796985	OK	 
REQUEST	35		PruebaAñadirAmigo_3	1587660797091	1587660797121	OK	 
REQUEST	34		PruebaAñadirAmigo_4	1587660797123	1587660797126	OK	 
REQUEST	34		PruebaAñadirAmigo_5	1587660797126	1587660797129	OK	 
REQUEST	34		PruebaAñadirAmigo_6	1587660797130	1587660797161	OK	 
REQUEST	34		PruebaAñadirAmigo_7	1587660797162	1587660797166	OK	 
REQUEST	24		PruebaAñadirAmigo_8	1587660797244	1587660797287	OK	 
REQUEST	24		PruebaAñadirAmigo_9	1587660797288	1587660797291	OK	 
REQUEST	24		PruebaAñadirAmigo_10	1587660797292	1587660797295	OK	 
REQUEST	24		PruebaAñadirAmigo_11	1587660797416	1587660797454	OK	 
REQUEST	16		PruebaAñadirAmigo_12	1587660797416	1587660797455	OK	 
REQUEST	16		PruebaAñadirAmigo_13	1587660797456	1587660797489	OK	 
REQUEST	16		PruebaAñadirAmigo_14	1587660797489	1587660797492	OK	 
REQUEST	16		PruebaAñadirAmigo_15	1587660797692	1587660797725	OK	 
REQUEST	9		PruebaAñadirAmigo_16	1587660797714	1587660797726	OK	 
REQUEST	9		PruebaAñadirAmigo_17	1587660797727	1587660797757	OK	 
REQUEST	9		PruebaAñadirAmigo_18	1587660797758	1587660797761	OK	 
REQUEST	9		PruebaAñadirAmigo_19	1587660797932	1587660797966	OK	 
REQUEST	35		PruebaAñadirAmigo_4	1587660798113	1587660798118	OK	 
REQUEST	35		PruebaAñadirAmigo_5	1587660798119	1587660798121	OK	 
REQUEST	35		PruebaAñadirAmigo_6	1587660798122	1587660798153	OK	 
REQUEST	35		PruebaAñadirAmigo_7	1587660798154	1587660798157	OK	 
REQUEST	25		PruebaAñadirAmigo_8	1587660798185	1587660798222	OK	 
REQUEST	25		PruebaAñadirAmigo_9	1587660798222	1587660798225	OK	 
REQUEST	25		PruebaAñadirAmigo_10	1587660798226	1587660798229	OK	 
REQUEST	1		PruebaAñadirAmigo_20	1587660798265	1587660798307	OK	 
REQUEST	1		PruebaAñadirAmigo_21	1587660798308	1587660798314	OK	 
REQUEST	1		PruebaAñadirAmigo_22	1587660798315	1587660798321	OK	 
REQUEST	25		PruebaAñadirAmigo_11	1587660798343	1587660798385	OK	 
REQUEST	1		PruebaAñadirAmigo_23	1587660798454	1587660798486	OK	 
USER	PruebaAñadirAmigo	1	END	1587660756891	1587660798494
REQUEST	17		PruebaAñadirAmigo_12	1587660798532	1587660798541	OK	 
REQUEST	17		PruebaAñadirAmigo_13	1587660798542	1587660798574	OK	 
REQUEST	17		PruebaAñadirAmigo_14	1587660798574	1587660798577	OK	 
REQUEST	17		PruebaAñadirAmigo_15	1587660798765	1587660798795	OK	 
REQUEST	10		PruebaAñadirAmigo_16	1587660798811	1587660798821	OK	 
REQUEST	10		PruebaAñadirAmigo_17	1587660798821	1587660798853	OK	 
REQUEST	10		PruebaAñadirAmigo_18	1587660798854	1587660798858	OK	 
USER	PruebaAñadirAmigo	36	START	1587660798862	1587660798862
REQUEST	36		PruebaAñadirAmigo_0	1587660798862	1587660798903	OK	 
REQUEST	36		PruebaAñadirAmigo_1	1587660798904	1587660798910	OK	 
REQUEST	36		PruebaAñadirAmigo_2	1587660798910	1587660798917	OK	 
REQUEST	10		PruebaAñadirAmigo_19	1587660799023	1587660799053	OK	 
REQUEST	2		PruebaAñadirAmigo_20	1587660799023	1587660799086	OK	 
REQUEST	36		PruebaAñadirAmigo_3	1587660799086	1587660799118	OK	 
REQUEST	2		PruebaAñadirAmigo_21	1587660799087	1587660799120	OK	 
REQUEST	2		PruebaAñadirAmigo_22	1587660799121	1587660799124	OK	 
REQUEST	2		PruebaAñadirAmigo_23	1587660799273	1587660799304	OK	 
USER	PruebaAñadirAmigo	2	END	1587660757871	1587660799305
REQUEST	18		PruebaAñadirAmigo_12	1587660799454	1587660799459	OK	 
REQUEST	18		PruebaAñadirAmigo_13	1587660799460	1587660799491	OK	 
REQUEST	18		PruebaAñadirAmigo_14	1587660799492	1587660799495	OK	 
REQUEST	18		PruebaAñadirAmigo_15	1587660799685	1587660799720	OK	 
USER	PruebaAñadirAmigo	37	START	1587660799865	1587660799865
REQUEST	37		PruebaAñadirAmigo_0	1587660799867	1587660799905	OK	 
REQUEST	37		PruebaAñadirAmigo_1	1587660799905	1587660799912	OK	 
REQUEST	3		PruebaAñadirAmigo_20	1587660799902	1587660799945	OK	 
REQUEST	37		PruebaAñadirAmigo_2	1587660799913	1587660799948	OK	 
REQUEST	3		PruebaAñadirAmigo_21	1587660799946	1587660799953	OK	 
REQUEST	3		PruebaAñadirAmigo_22	1587660799954	1587660799958	OK	 
REQUEST	3		PruebaAñadirAmigo_23	1587660800106	1587660800140	OK	 
USER	PruebaAñadirAmigo	3	END	1587660758881	1587660800141
REQUEST	37		PruebaAñadirAmigo_3	1587660800116	1587660800171	OK	 
REQUEST	36		PruebaAñadirAmigo_4	1587660800116	1587660800173	OK	 
REQUEST	36		PruebaAñadirAmigo_5	1587660800174	1587660800176	OK	 
REQUEST	36		PruebaAñadirAmigo_6	1587660800177	1587660800216	OK	 
REQUEST	36		PruebaAñadirAmigo_7	1587660800218	1587660800222	OK	 
REQUEST	26		PruebaAñadirAmigo_8	1587660800256	1587660800290	OK	 
REQUEST	26		PruebaAñadirAmigo_9	1587660800291	1587660800293	OK	 
REQUEST	26		PruebaAñadirAmigo_10	1587660800294	1587660800297	OK	 
REQUEST	26		PruebaAñadirAmigo_11	1587660800411	1587660800443	OK	 
REQUEST	19		PruebaAñadirAmigo_12	1587660800453	1587660800459	OK	 
REQUEST	19		PruebaAñadirAmigo_13	1587660800459	1587660800489	OK	 
REQUEST	19		PruebaAñadirAmigo_14	1587660800490	1587660800493	OK	 
REQUEST	11		PruebaAñadirAmigo_16	1587660800661	1587660800674	OK	 
REQUEST	11		PruebaAñadirAmigo_17	1587660800675	1587660800716	OK	 
REQUEST	19		PruebaAñadirAmigo_15	1587660800683	1587660800746	OK	 
REQUEST	11		PruebaAñadirAmigo_18	1587660800718	1587660800749	OK	 
USER	PruebaAñadirAmigo	38	START	1587660800855	1587660800855
REQUEST	38		PruebaAñadirAmigo_0	1587660800856	1587660800889	OK	 
REQUEST	38		PruebaAñadirAmigo_1	1587660800890	1587660800893	OK	 
REQUEST	38		PruebaAñadirAmigo_2	1587660800894	1587660800898	OK	 
REQUEST	11		PruebaAñadirAmigo_19	1587660800914	1587660800950	OK	 
REQUEST	4		PruebaAñadirAmigo_20	1587660800924	1587660800980	OK	 
REQUEST	4		PruebaAñadirAmigo_21	1587660800981	1587660800986	OK	 
REQUEST	4		PruebaAñadirAmigo_22	1587660800987	1587660800990	OK	 
REQUEST	38		PruebaAñadirAmigo_3	1587660801065	1587660801113	OK	 
REQUEST	4		PruebaAñadirAmigo_23	1587660801133	1587660801185	OK	 
USER	PruebaAñadirAmigo	4	END	1587660759863	1587660801186
REQUEST	37		PruebaAñadirAmigo_4	1587660801175	1587660801186	OK	 
REQUEST	37		PruebaAñadirAmigo_5	1587660801187	1587660801190	OK	 
REQUEST	37		PruebaAñadirAmigo_6	1587660801190	1587660801222	OK	 
REQUEST	37		PruebaAñadirAmigo_7	1587660801223	1587660801226	OK	 
REQUEST	27		PruebaAñadirAmigo_8	1587660801355	1587660801403	OK	 
REQUEST	20		PruebaAñadirAmigo_12	1587660801382	1587660801415	OK	 
REQUEST	27		PruebaAñadirAmigo_9	1587660801404	1587660801417	OK	 
REQUEST	20		PruebaAñadirAmigo_13	1587660801416	1587660801461	OK	 
REQUEST	27		PruebaAñadirAmigo_10	1587660801418	1587660801463	OK	 
REQUEST	20		PruebaAñadirAmigo_14	1587660801462	1587660801467	OK	 
REQUEST	27		PruebaAñadirAmigo_11	1587660801571	1587660801603	OK	 
REQUEST	20		PruebaAñadirAmigo_15	1587660801655	1587660801695	OK	 
REQUEST	12		PruebaAñadirAmigo_16	1587660801655	1587660801699	OK	 
REQUEST	12		PruebaAñadirAmigo_17	1587660801700	1587660801773	OK	 
REQUEST	12		PruebaAñadirAmigo_18	1587660801774	1587660801781	OK	 
USER	PruebaAñadirAmigo	39	START	1587660801852	1587660801852
REQUEST	39		PruebaAñadirAmigo_0	1587660801852	1587660801903	OK	 
REQUEST	39		PruebaAñadirAmigo_1	1587660801905	1587660801910	OK	 
REQUEST	39		PruebaAñadirAmigo_2	1587660801910	1587660801915	OK	 
REQUEST	12		PruebaAñadirAmigo_19	1587660801942	1587660801983	OK	 
REQUEST	5		PruebaAñadirAmigo_20	1587660801942	1587660802021	OK	 
REQUEST	5		PruebaAñadirAmigo_21	1587660802022	1587660802026	OK	 
REQUEST	5		PruebaAñadirAmigo_22	1587660802026	1587660802031	OK	 
REQUEST	39		PruebaAñadirAmigo_3	1587660802085	1587660802123	OK	 
REQUEST	38		PruebaAñadirAmigo_4	1587660802112	1587660802126	OK	 
REQUEST	38		PruebaAñadirAmigo_5	1587660802126	1587660802131	OK	 
REQUEST	38		PruebaAñadirAmigo_6	1587660802132	1587660802189	OK	 
REQUEST	5		PruebaAñadirAmigo_23	1587660802165	1587660802224	OK	 
USER	PruebaAñadirAmigo	5	END	1587660760863	1587660802224
REQUEST	38		PruebaAñadirAmigo_7	1587660802190	1587660802225	OK	 
REQUEST	28		PruebaAñadirAmigo_8	1587660802286	1587660802329	OK	 
REQUEST	28		PruebaAñadirAmigo_9	1587660802330	1587660802337	OK	 
REQUEST	28		PruebaAñadirAmigo_10	1587660802338	1587660802343	OK	 
REQUEST	28		PruebaAñadirAmigo_11	1587660802464	1587660802500	OK	 
REQUEST	13		PruebaAñadirAmigo_16	1587660802661	1587660802673	OK	 
REQUEST	13		PruebaAñadirAmigo_17	1587660802673	1587660802723	OK	 
REQUEST	13		PruebaAñadirAmigo_18	1587660802723	1587660802727	OK	 
USER	PruebaAñadirAmigo	40	START	1587660802863	1587660802863
REQUEST	40		PruebaAñadirAmigo_0	1587660802865	1587660802908	OK	 
REQUEST	13		PruebaAñadirAmigo_19	1587660802907	1587660802939	OK	 
REQUEST	40		PruebaAñadirAmigo_1	1587660802908	1587660802940	OK	 
REQUEST	40		PruebaAñadirAmigo_2	1587660802941	1587660802944	OK	 
REQUEST	40		PruebaAñadirAmigo_3	1587660803116	1587660803148	OK	 
REQUEST	39		PruebaAñadirAmigo_4	1587660803121	1587660803150	OK	 
REQUEST	39		PruebaAñadirAmigo_5	1587660803151	1587660803154	OK	 
REQUEST	39		PruebaAñadirAmigo_6	1587660803155	1587660803192	OK	 
REQUEST	29		PruebaAñadirAmigo_8	1587660803174	1587660803227	OK	 
REQUEST	39		PruebaAñadirAmigo_7	1587660803193	1587660803228	OK	 
REQUEST	29		PruebaAñadirAmigo_9	1587660803227	1587660803232	OK	 
REQUEST	29		PruebaAñadirAmigo_10	1587660803233	1587660803247	OK	 
REQUEST	29		PruebaAñadirAmigo_11	1587660803363	1587660803394	OK	 
REQUEST	21		PruebaAñadirAmigo_12	1587660803415	1587660803422	OK	 
REQUEST	21		PruebaAñadirAmigo_13	1587660803422	1587660803458	OK	 
REQUEST	21		PruebaAñadirAmigo_14	1587660803458	1587660803461	OK	 
REQUEST	21		PruebaAñadirAmigo_15	1587660803656	1587660803687	OK	 
REQUEST	14		PruebaAñadirAmigo_16	1587660803686	1587660803692	OK	 
REQUEST	14		PruebaAñadirAmigo_17	1587660803692	1587660803724	OK	 
REQUEST	14		PruebaAñadirAmigo_18	1587660803725	1587660803728	OK	 
REQUEST	14		PruebaAñadirAmigo_19	1587660803897	1587660803943	OK	 
REQUEST	6		PruebaAñadirAmigo_20	1587660803954	1587660803992	OK	 
REQUEST	6		PruebaAñadirAmigo_21	1587660803993	1587660803997	OK	 
REQUEST	6		PruebaAñadirAmigo_22	1587660803998	1587660804006	OK	 
REQUEST	40		PruebaAñadirAmigo_4	1587660804144	1587660804148	OK	 
REQUEST	40		PruebaAñadirAmigo_5	1587660804149	1587660804153	OK	 
REQUEST	40		PruebaAñadirAmigo_6	1587660804153	1587660804196	OK	 
REQUEST	6		PruebaAñadirAmigo_23	1587660804154	1587660804229	OK	 
USER	PruebaAñadirAmigo	6	END	1587660762854	1587660804230
REQUEST	40		PruebaAñadirAmigo_7	1587660804197	1587660804233	OK	 
REQUEST	30		PruebaAñadirAmigo_8	1587660804165	1587660804273	OK	 
REQUEST	30		PruebaAñadirAmigo_9	1587660804274	1587660804280	OK	 
REQUEST	30		PruebaAñadirAmigo_10	1587660804281	1587660804287	OK	 
REQUEST	30		PruebaAñadirAmigo_11	1587660804395	1587660804425	OK	 
REQUEST	22		PruebaAñadirAmigo_12	1587660804416	1587660804427	OK	 
REQUEST	22		PruebaAñadirAmigo_13	1587660804427	1587660804458	OK	 
REQUEST	22		PruebaAñadirAmigo_14	1587660804458	1587660804461	OK	 
REQUEST	22		PruebaAñadirAmigo_15	1587660804656	1587660804690	OK	 
REQUEST	15		PruebaAñadirAmigo_16	1587660804723	1587660804728	OK	 
REQUEST	15		PruebaAñadirAmigo_17	1587660804728	1587660804764	OK	 
REQUEST	15		PruebaAñadirAmigo_18	1587660804766	1587660804772	OK	 
USER	PruebaAñadirAmigo	41	START	1587660804864	1587660804864
REQUEST	41		PruebaAñadirAmigo_0	1587660804866	1587660804906	OK	 
REQUEST	41		PruebaAñadirAmigo_1	1587660804907	1587660804910	OK	 
REQUEST	41		PruebaAñadirAmigo_2	1587660804910	1587660804916	OK	 
REQUEST	15		PruebaAñadirAmigo_19	1587660804933	1587660804964	OK	 
REQUEST	7		PruebaAñadirAmigo_20	1587660804986	1587660805035	OK	 
REQUEST	7		PruebaAñadirAmigo_21	1587660805036	1587660805042	OK	 
REQUEST	7		PruebaAñadirAmigo_22	1587660805043	1587660805047	OK	 
REQUEST	41		PruebaAñadirAmigo_3	1587660805082	1587660805121	OK	 
REQUEST	7		PruebaAñadirAmigo_23	1587660805185	1587660805216	OK	 
USER	PruebaAñadirAmigo	7	END	1587660763862	1587660805217
REQUEST	23		PruebaAñadirAmigo_12	1587660805462	1587660805473	OK	 
REQUEST	23		PruebaAñadirAmigo_13	1587660805474	1587660805509	OK	 
REQUEST	23		PruebaAñadirAmigo_14	1587660805509	1587660805513	OK	 
REQUEST	23		PruebaAñadirAmigo_15	1587660805702	1587660805734	OK	 
USER	PruebaAñadirAmigo	42	START	1587660805851	1587660805851
REQUEST	42		PruebaAñadirAmigo_0	1587660805852	1587660805891	OK	 
REQUEST	42		PruebaAñadirAmigo_1	1587660805891	1587660805895	OK	 
REQUEST	42		PruebaAñadirAmigo_2	1587660805896	1587660805901	OK	 
REQUEST	8		PruebaAñadirAmigo_20	1587660805982	1587660806025	OK	 
REQUEST	8		PruebaAñadirAmigo_21	1587660806026	1587660806029	OK	 
REQUEST	8		PruebaAñadirAmigo_22	1587660806030	1587660806037	OK	 
REQUEST	42		PruebaAñadirAmigo_3	1587660806061	1587660806091	OK	 
REQUEST	41		PruebaAñadirAmigo_4	1587660806113	1587660806118	OK	 
REQUEST	41		PruebaAñadirAmigo_5	1587660806118	1587660806121	OK	 
REQUEST	41		PruebaAñadirAmigo_6	1587660806122	1587660806152	OK	 
REQUEST	41		PruebaAñadirAmigo_7	1587660806153	1587660806156	OK	 
REQUEST	8		PruebaAñadirAmigo_23	1587660806175	1587660806206	OK	 
USER	PruebaAñadirAmigo	8	END	1587660764862	1587660806207
REQUEST	31		PruebaAñadirAmigo_8	1587660806196	1587660806238	OK	 
REQUEST	31		PruebaAñadirAmigo_9	1587660806239	1587660806243	OK	 
REQUEST	31		PruebaAñadirAmigo_10	1587660806244	1587660806249	OK	 
REQUEST	31		PruebaAñadirAmigo_11	1587660806354	1587660806389	OK	 
REQUEST	24		PruebaAñadirAmigo_12	1587660806455	1587660806462	OK	 
REQUEST	24		PruebaAñadirAmigo_13	1587660806462	1587660806497	OK	 
REQUEST	24		PruebaAñadirAmigo_14	1587660806499	1587660806507	OK	 
REQUEST	24		PruebaAñadirAmigo_15	1587660806696	1587660806728	OK	 
REQUEST	16		PruebaAñadirAmigo_16	1587660806732	1587660806741	OK	 
REQUEST	16		PruebaAñadirAmigo_17	1587660806742	1587660806785	OK	 
REQUEST	16		PruebaAñadirAmigo_18	1587660806786	1587660806790	OK	 
USER	PruebaAñadirAmigo	43	START	1587660806862	1587660806862
REQUEST	43		PruebaAñadirAmigo_0	1587660806863	1587660806905	OK	 
REQUEST	43		PruebaAñadirAmigo_1	1587660806906	1587660806910	OK	 
REQUEST	43		PruebaAñadirAmigo_2	1587660806910	1587660806920	OK	 
REQUEST	16		PruebaAñadirAmigo_19	1587660806956	1587660806987	OK	 
REQUEST	9		PruebaAñadirAmigo_20	1587660806976	1587660807019	OK	 
REQUEST	9		PruebaAñadirAmigo_21	1587660807020	1587660807023	OK	 
REQUEST	9		PruebaAñadirAmigo_22	1587660807024	1587660807027	OK	 
REQUEST	43		PruebaAñadirAmigo_3	1587660807086	1587660807114	OK	 
REQUEST	42		PruebaAñadirAmigo_4	1587660807096	1587660807116	OK	 
REQUEST	42		PruebaAñadirAmigo_5	1587660807117	1587660807120	OK	 
REQUEST	42		PruebaAñadirAmigo_6	1587660807121	1587660807152	OK	 
REQUEST	42		PruebaAñadirAmigo_7	1587660807153	1587660807155	OK	 
REQUEST	9		PruebaAñadirAmigo_23	1587660807163	1587660807195	OK	 
USER	PruebaAñadirAmigo	9	END	1587660765861	1587660807196
REQUEST	32		PruebaAñadirAmigo_8	1587660807184	1587660807226	OK	 
REQUEST	32		PruebaAñadirAmigo_9	1587660807227	1587660807230	OK	 
REQUEST	32		PruebaAñadirAmigo_10	1587660807230	1587660807237	OK	 
REQUEST	32		PruebaAñadirAmigo_11	1587660807357	1587660807394	OK	 
REQUEST	25		PruebaAñadirAmigo_12	1587660807382	1587660807397	OK	 
REQUEST	25		PruebaAñadirAmigo_13	1587660807398	1587660807438	OK	 
REQUEST	25		PruebaAñadirAmigo_14	1587660807439	1587660807442	OK	 
REQUEST	25		PruebaAñadirAmigo_15	1587660807633	1587660807662	OK	 
REQUEST	17		PruebaAñadirAmigo_16	1587660807807	1587660807812	OK	 
REQUEST	17		PruebaAñadirAmigo_17	1587660807813	1587660807848	OK	 
REQUEST	17		PruebaAñadirAmigo_18	1587660807849	1587660807853	OK	 
USER	PruebaAñadirAmigo	44	START	1587660807864	1587660807864
REQUEST	44		PruebaAñadirAmigo_0	1587660807866	1587660807906	OK	 
REQUEST	44		PruebaAñadirAmigo_1	1587660807906	1587660807910	OK	 
REQUEST	44		PruebaAñadirAmigo_2	1587660807910	1587660807914	OK	 
REQUEST	17		PruebaAñadirAmigo_19	1587660808015	1587660808057	OK	 
REQUEST	10		PruebaAñadirAmigo_20	1587660808051	1587660808093	OK	 
REQUEST	44		PruebaAñadirAmigo_3	1587660808071	1587660808125	OK	 
REQUEST	10		PruebaAñadirAmigo_21	1587660808094	1587660808126	OK	 
REQUEST	43		PruebaAñadirAmigo_4	1587660808104	1587660808126	OK	 
REQUEST	10		PruebaAñadirAmigo_22	1587660808126	1587660808130	OK	 
REQUEST	43		PruebaAñadirAmigo_5	1587660808127	1587660808133	OK	 
REQUEST	43		PruebaAñadirAmigo_6	1587660808134	1587660808179	OK	 
REQUEST	43		PruebaAñadirAmigo_7	1587660808180	1587660808185	OK	 
REQUEST	10		PruebaAñadirAmigo_23	1587660808273	1587660808310	OK	 
USER	PruebaAñadirAmigo	10	END	1587660766863	1587660808311
REQUEST	33		PruebaAñadirAmigo_8	1587660808283	1587660808343	OK	 
REQUEST	33		PruebaAñadirAmigo_9	1587660808343	1587660808347	OK	 
REQUEST	33		PruebaAñadirAmigo_10	1587660808348	1587660808353	OK	 
REQUEST	33		PruebaAñadirAmigo_11	1587660808483	1587660808520	OK	 
REQUEST	18		PruebaAñadirAmigo_16	1587660808721	1587660808750	OK	 
REQUEST	18		PruebaAñadirAmigo_17	1587660808751	1587660808822	OK	 
REQUEST	18		PruebaAñadirAmigo_18	1587660808823	1587660808827	OK	 
USER	PruebaAñadirAmigo	45	START	1587660808863	1587660808863
REQUEST	45		PruebaAñadirAmigo_0	1587660808864	1587660808906	OK	 
REQUEST	45		PruebaAñadirAmigo_1	1587660808907	1587660808911	OK	 
REQUEST	45		PruebaAñadirAmigo_2	1587660808911	1587660808916	OK	 
REQUEST	18		PruebaAñadirAmigo_19	1587660809002	1587660809038	OK	 
REQUEST	45		PruebaAñadirAmigo_3	1587660809086	1587660809119	OK	 
REQUEST	44		PruebaAñadirAmigo_4	1587660809134	1587660809140	OK	 
REQUEST	44		PruebaAñadirAmigo_5	1587660809141	1587660809143	OK	 
REQUEST	44		PruebaAñadirAmigo_6	1587660809144	1587660809192	OK	 
REQUEST	34		PruebaAñadirAmigo_8	1587660809165	1587660809227	OK	 
REQUEST	44		PruebaAñadirAmigo_7	1587660809193	1587660809228	OK	 
REQUEST	34		PruebaAñadirAmigo_9	1587660809227	1587660809231	OK	 
REQUEST	34		PruebaAñadirAmigo_10	1587660809232	1587660809239	OK	 
REQUEST	34		PruebaAñadirAmigo_11	1587660809356	1587660809399	OK	 
REQUEST	26		PruebaAñadirAmigo_12	1587660809447	1587660809457	OK	 
REQUEST	26		PruebaAñadirAmigo_13	1587660809457	1587660809503	OK	 
REQUEST	26		PruebaAñadirAmigo_14	1587660809504	1587660809509	OK	 
REQUEST	26		PruebaAñadirAmigo_15	1587660809706	1587660809741	OK	 
REQUEST	19		PruebaAñadirAmigo_16	1587660809753	1587660809759	OK	 
REQUEST	19		PruebaAñadirAmigo_17	1587660809759	1587660809802	OK	 
REQUEST	19		PruebaAñadirAmigo_18	1587660809803	1587660809807	OK	 
REQUEST	11		PruebaAñadirAmigo_20	1587660809962	1587660810010	OK	 
REQUEST	19		PruebaAñadirAmigo_19	1587660809985	1587660810044	OK	 
REQUEST	11		PruebaAñadirAmigo_21	1587660810011	1587660810046	OK	 
REQUEST	11		PruebaAñadirAmigo_22	1587660810047	1587660810053	OK	 
REQUEST	45		PruebaAñadirAmigo_4	1587660810113	1587660810121	OK	 
REQUEST	45		PruebaAñadirAmigo_5	1587660810122	1587660810124	OK	 
REQUEST	45		PruebaAñadirAmigo_6	1587660810125	1587660810158	OK	 
REQUEST	45		PruebaAñadirAmigo_7	1587660810159	1587660810162	OK	 
REQUEST	35		PruebaAñadirAmigo_8	1587660810166	1587660810206	OK	 
REQUEST	11		PruebaAñadirAmigo_23	1587660810192	1587660810235	OK	 
USER	PruebaAñadirAmigo	11	END	1587660768865	1587660810237
REQUEST	35		PruebaAñadirAmigo_9	1587660810206	1587660810238	OK	 
REQUEST	35		PruebaAñadirAmigo_10	1587660810239	1587660810245	OK	 
REQUEST	35		PruebaAñadirAmigo_11	1587660810366	1587660810409	OK	 
REQUEST	27		PruebaAñadirAmigo_12	1587660810616	1587660810623	OK	 
REQUEST	27		PruebaAñadirAmigo_13	1587660810624	1587660810699	OK	 
REQUEST	27		PruebaAñadirAmigo_14	1587660810699	1587660810705	OK	 
REQUEST	20		PruebaAñadirAmigo_16	1587660810705	1587660810710	OK	 
REQUEST	20		PruebaAñadirAmigo_17	1587660810710	1587660810757	OK	 
REQUEST	20		PruebaAñadirAmigo_18	1587660810757	1587660810762	OK	 
USER	PruebaAñadirAmigo	46	START	1587660810862	1587660810862
REQUEST	46		PruebaAñadirAmigo_0	1587660810863	1587660810924	OK	 
REQUEST	27		PruebaAñadirAmigo_15	1587660810894	1587660810973	OK	 
REQUEST	46		PruebaAñadirAmigo_1	1587660810925	1587660810975	OK	 
REQUEST	20		PruebaAñadirAmigo_19	1587660810926	1587660811022	OK	 
REQUEST	46		PruebaAñadirAmigo_2	1587660810976	1587660811026	OK	 
REQUEST	12		PruebaAñadirAmigo_20	1587660810993	1587660811074	OK	 
REQUEST	12		PruebaAñadirAmigo_21	1587660811074	1587660811085	OK	 
REQUEST	12		PruebaAñadirAmigo_22	1587660811087	1587660811095	OK	 
REQUEST	46		PruebaAñadirAmigo_3	1587660811183	1587660811227	OK	 
REQUEST	12		PruebaAñadirAmigo_23	1587660811222	1587660811272	OK	 
USER	PruebaAñadirAmigo	12	END	1587660769845	1587660811273
REQUEST	28		PruebaAñadirAmigo_12	1587660811496	1587660811510	OK	 
REQUEST	28		PruebaAñadirAmigo_13	1587660811511	1587660811559	OK	 
REQUEST	28		PruebaAñadirAmigo_14	1587660811559	1587660811564	OK	 
REQUEST	28		PruebaAñadirAmigo_15	1587660811763	1587660811797	OK	 
USER	PruebaAñadirAmigo	47	START	1587660811861	1587660811861
REQUEST	47		PruebaAñadirAmigo_0	1587660811862	1587660811905	OK	 
REQUEST	47		PruebaAñadirAmigo_1	1587660811906	1587660811913	OK	 
REQUEST	47		PruebaAñadirAmigo_2	1587660811913	1587660811920	OK	 
REQUEST	13		PruebaAñadirAmigo_20	1587660811934	1587660811982	OK	 
REQUEST	13		PruebaAñadirAmigo_21	1587660811983	1587660811992	OK	 
REQUEST	13		PruebaAñadirAmigo_22	1587660811992	1587660811996	OK	 
REQUEST	47		PruebaAñadirAmigo_3	1587660812087	1587660812123	OK	 
REQUEST	13		PruebaAñadirAmigo_23	1587660812133	1587660812175	OK	 
USER	PruebaAñadirAmigo	13	END	1587660770851	1587660812176
REQUEST	36		PruebaAñadirAmigo_8	1587660812212	1587660812257	OK	 
REQUEST	46		PruebaAñadirAmigo_4	1587660812232	1587660812257	OK	 
REQUEST	36		PruebaAñadirAmigo_9	1587660812258	1587660812261	OK	 
REQUEST	46		PruebaAñadirAmigo_5	1587660812258	1587660812261	OK	 
REQUEST	36		PruebaAñadirAmigo_10	1587660812261	1587660812268	OK	 
REQUEST	46		PruebaAñadirAmigo_6	1587660812262	1587660812306	OK	 
REQUEST	46		PruebaAñadirAmigo_7	1587660812307	1587660812310	OK	 
REQUEST	29		PruebaAñadirAmigo_12	1587660812384	1587660812389	OK	 
REQUEST	29		PruebaAñadirAmigo_13	1587660812390	1587660812426	OK	 
REQUEST	36		PruebaAñadirAmigo_11	1587660812395	1587660812460	OK	 
REQUEST	29		PruebaAñadirAmigo_14	1587660812426	1587660812461	OK	 
REQUEST	29		PruebaAñadirAmigo_15	1587660812661	1587660812711	OK	 
REQUEST	21		PruebaAñadirAmigo_16	1587660812683	1587660812713	OK	 
REQUEST	21		PruebaAñadirAmigo_17	1587660812715	1587660812758	OK	 
REQUEST	21		PruebaAñadirAmigo_18	1587660812759	1587660812769	OK	 
USER	PruebaAñadirAmigo	48	START	1587660812861	1587660812861
REQUEST	48		PruebaAñadirAmigo_0	1587660812862	1587660812904	OK	 
REQUEST	48		PruebaAñadirAmigo_1	1587660812905	1587660812909	OK	 
REQUEST	48		PruebaAñadirAmigo_2	1587660812909	1587660812914	OK	 
REQUEST	21		PruebaAñadirAmigo_19	1587660812935	1587660812974	OK	 
REQUEST	14		PruebaAñadirAmigo_20	1587660812946	1587660813006	OK	 
REQUEST	14		PruebaAñadirAmigo_21	1587660813007	1587660813010	OK	 
REQUEST	14		PruebaAñadirAmigo_22	1587660813011	1587660813017	OK	 
REQUEST	48		PruebaAñadirAmigo_3	1587660813082	1587660813115	OK	 
REQUEST	47		PruebaAñadirAmigo_4	1587660813125	1587660813127	OK	 
REQUEST	47		PruebaAñadirAmigo_5	1587660813128	1587660813134	OK	 
REQUEST	47		PruebaAñadirAmigo_6	1587660813135	1587660813176	OK	 
REQUEST	14		PruebaAñadirAmigo_23	1587660813156	1587660813210	OK	 
USER	PruebaAñadirAmigo	14	END	1587660771864	1587660813211
REQUEST	47		PruebaAñadirAmigo_7	1587660813176	1587660813212	OK	 
REQUEST	37		PruebaAñadirAmigo_8	1587660813223	1587660813273	OK	 
REQUEST	37		PruebaAñadirAmigo_9	1587660813274	1587660813278	OK	 
REQUEST	37		PruebaAñadirAmigo_10	1587660813279	1587660813283	OK	 
REQUEST	37		PruebaAñadirAmigo_11	1587660813396	1587660813425	OK	 
REQUEST	30		PruebaAñadirAmigo_12	1587660813422	1587660813427	OK	 
REQUEST	30		PruebaAñadirAmigo_13	1587660813427	1587660813461	OK	 
REQUEST	30		PruebaAñadirAmigo_14	1587660813461	1587660813470	OK	 
REQUEST	30		PruebaAñadirAmigo_15	1587660813662	1587660813694	OK	 
REQUEST	22		PruebaAñadirAmigo_16	1587660813683	1587660813696	OK	 
REQUEST	22		PruebaAñadirAmigo_17	1587660813697	1587660813734	OK	 
REQUEST	22		PruebaAñadirAmigo_18	1587660813735	1587660813743	OK	 
USER	PruebaAñadirAmigo	49	START	1587660813861	1587660813861
REQUEST	49		PruebaAñadirAmigo_0	1587660813862	1587660813903	OK	 
REQUEST	49		PruebaAñadirAmigo_1	1587660813905	1587660813909	OK	 
REQUEST	49		PruebaAñadirAmigo_2	1587660813909	1587660813912	OK	 
REQUEST	22		PruebaAñadirAmigo_19	1587660813914	1587660813952	OK	 
REQUEST	15		PruebaAñadirAmigo_20	1587660813966	1587660814004	OK	 
REQUEST	15		PruebaAñadirAmigo_21	1587660814005	1587660814009	OK	 
REQUEST	15		PruebaAñadirAmigo_22	1587660814009	1587660814012	OK	 
REQUEST	49		PruebaAñadirAmigo_3	1587660814075	1587660814107	OK	 
REQUEST	48		PruebaAñadirAmigo_4	1587660814112	1587660814117	OK	 
REQUEST	48		PruebaAñadirAmigo_5	1587660814117	1587660814121	OK	 
REQUEST	48		PruebaAñadirAmigo_6	1587660814121	1587660814156	OK	 
REQUEST	48		PruebaAñadirAmigo_7	1587660814156	1587660814159	OK	 
REQUEST	15		PruebaAñadirAmigo_23	1587660814165	1587660814196	OK	 
USER	PruebaAñadirAmigo	15	END	1587660772861	1587660814196
REQUEST	38		PruebaAñadirAmigo_8	1587660814211	1587660814260	OK	 
REQUEST	38		PruebaAñadirAmigo_9	1587660814261	1587660814265	OK	 
REQUEST	38		PruebaAñadirAmigo_10	1587660814266	1587660814273	OK	 
REQUEST	38		PruebaAñadirAmigo_11	1587660814403	1587660814441	OK	 
REQUEST	23		PruebaAñadirAmigo_16	1587660814744	1587660814752	OK	 
REQUEST	23		PruebaAñadirAmigo_17	1587660814753	1587660814785	OK	 
REQUEST	23		PruebaAñadirAmigo_18	1587660814786	1587660814789	OK	 
USER	PruebaAñadirAmigo	50	START	1587660814864	1587660814864
REQUEST	50		PruebaAñadirAmigo_0	1587660814866	1587660814907	OK	 
REQUEST	50		PruebaAñadirAmigo_1	1587660814907	1587660814910	OK	 
REQUEST	50		PruebaAñadirAmigo_2	1587660814911	1587660814915	OK	 
REQUEST	23		PruebaAñadirAmigo_19	1587660814952	1587660814984	OK	 
REQUEST	50		PruebaAñadirAmigo_3	1587660815071	1587660815102	OK	 
REQUEST	49		PruebaAñadirAmigo_4	1587660815114	1587660815119	OK	 
REQUEST	49		PruebaAñadirAmigo_5	1587660815119	1587660815122	OK	 
REQUEST	49		PruebaAñadirAmigo_6	1587660815122	1587660815156	OK	 
REQUEST	49		PruebaAñadirAmigo_7	1587660815156	1587660815160	OK	 
REQUEST	39		PruebaAñadirAmigo_8	1587660815214	1587660815254	OK	 
REQUEST	39		PruebaAñadirAmigo_9	1587660815255	1587660815259	OK	 
REQUEST	39		PruebaAñadirAmigo_10	1587660815260	1587660815263	OK	 
REQUEST	39		PruebaAñadirAmigo_11	1587660815386	1587660815422	OK	 
REQUEST	31		PruebaAñadirAmigo_12	1587660815397	1587660815423	OK	 
REQUEST	31		PruebaAñadirAmigo_13	1587660815423	1587660815459	OK	 
REQUEST	31		PruebaAñadirAmigo_14	1587660815459	1587660815462	OK	 
REQUEST	31		PruebaAñadirAmigo_15	1587660815644	1587660815676	OK	 
REQUEST	24		PruebaAñadirAmigo_16	1587660815723	1587660815729	OK	 
REQUEST	24		PruebaAñadirAmigo_17	1587660815729	1587660815771	OK	 
REQUEST	24		PruebaAñadirAmigo_18	1587660815772	1587660815777	OK	 
REQUEST	24		PruebaAñadirAmigo_19	1587660815952	1587660815984	OK	 
REQUEST	16		PruebaAñadirAmigo_20	1587660815974	1587660816016	OK	 
REQUEST	16		PruebaAñadirAmigo_21	1587660816017	1587660816021	OK	 
REQUEST	16		PruebaAñadirAmigo_22	1587660816022	1587660816024	OK	 
REQUEST	50		PruebaAñadirAmigo_4	1587660816115	1587660816119	OK	 
REQUEST	50		PruebaAñadirAmigo_5	1587660816120	1587660816122	OK	 
REQUEST	50		PruebaAñadirAmigo_6	1587660816123	1587660816157	OK	 
REQUEST	50		PruebaAñadirAmigo_7	1587660816157	1587660816160	OK	 
REQUEST	16		PruebaAñadirAmigo_23	1587660816183	1587660816216	OK	 
USER	PruebaAñadirAmigo	16	END	1587660774861	1587660816217
REQUEST	40		PruebaAñadirAmigo_8	1587660816236	1587660816285	OK	 
REQUEST	40		PruebaAñadirAmigo_9	1587660816286	1587660816290	OK	 
REQUEST	40		PruebaAñadirAmigo_10	1587660816291	1587660816294	OK	 
REQUEST	40		PruebaAñadirAmigo_11	1587660816404	1587660816434	OK	 
REQUEST	32		PruebaAñadirAmigo_12	1587660816404	1587660816438	OK	 
REQUEST	32		PruebaAñadirAmigo_13	1587660816438	1587660816472	OK	 
REQUEST	32		PruebaAñadirAmigo_14	1587660816473	1587660816476	OK	 
REQUEST	32		PruebaAñadirAmigo_15	1587660816665	1587660816703	OK	 
REQUEST	25		PruebaAñadirAmigo_16	1587660816665	1587660816713	OK	 
REQUEST	25		PruebaAñadirAmigo_17	1587660816714	1587660816757	OK	 
REQUEST	25		PruebaAñadirAmigo_18	1587660816758	1587660816760	OK	 
REQUEST	25		PruebaAñadirAmigo_19	1587660816925	1587660816957	OK	 
REQUEST	17		PruebaAñadirAmigo_20	1587660817055	1587660817094	OK	 
REQUEST	17		PruebaAñadirAmigo_21	1587660817095	1587660817100	OK	 
REQUEST	17		PruebaAñadirAmigo_22	1587660817101	1587660817107	OK	 
REQUEST	17		PruebaAñadirAmigo_23	1587660817243	1587660817284	OK	 
USER	PruebaAñadirAmigo	17	END	1587660775866	1587660817285
REQUEST	33		PruebaAñadirAmigo_12	1587660817511	1587660817520	OK	 
REQUEST	33		PruebaAñadirAmigo_13	1587660817520	1587660817555	OK	 
REQUEST	33		PruebaAñadirAmigo_14	1587660817555	1587660817558	OK	 
REQUEST	33		PruebaAñadirAmigo_15	1587660817766	1587660817800	OK	 
REQUEST	18		PruebaAñadirAmigo_20	1587660818037	1587660818075	OK	 
REQUEST	18		PruebaAñadirAmigo_21	1587660818075	1587660818078	OK	 
REQUEST	18		PruebaAñadirAmigo_22	1587660818079	1587660818084	OK	 
REQUEST	41		PruebaAñadirAmigo_8	1587660818166	1587660818205	OK	 
REQUEST	41		PruebaAñadirAmigo_9	1587660818205	1587660818209	OK	 
REQUEST	41		PruebaAñadirAmigo_10	1587660818209	1587660818212	OK	 
REQUEST	18		PruebaAñadirAmigo_23	1587660818222	1587660818257	OK	 
USER	PruebaAñadirAmigo	18	END	1587660776865	1587660818258
REQUEST	41		PruebaAñadirAmigo_11	1587660818333	1587660818366	OK	 
REQUEST	34		PruebaAñadirAmigo_12	1587660818397	1587660818407	OK	 
REQUEST	34		PruebaAñadirAmigo_13	1587660818407	1587660818439	OK	 
REQUEST	34		PruebaAñadirAmigo_14	1587660818440	1587660818446	OK	 
REQUEST	34		PruebaAñadirAmigo_15	1587660818647	1587660818678	OK	 
REQUEST	26		PruebaAñadirAmigo_16	1587660818747	1587660818755	OK	 
REQUEST	26		PruebaAñadirAmigo_17	1587660818756	1587660818788	OK	 
REQUEST	26		PruebaAñadirAmigo_18	1587660818789	1587660818792	OK	 
REQUEST	26		PruebaAñadirAmigo_19	1587660818944	1587660818974	OK	 
REQUEST	19		PruebaAñadirAmigo_20	1587660819032	1587660819074	OK	 
REQUEST	19		PruebaAñadirAmigo_21	1587660819074	1587660819078	OK	 
REQUEST	19		PruebaAñadirAmigo_22	1587660819079	1587660819085	OK	 
REQUEST	42		PruebaAñadirAmigo_8	1587660819153	1587660819190	OK	 
REQUEST	42		PruebaAñadirAmigo_9	1587660819191	1587660819195	OK	 
REQUEST	42		PruebaAñadirAmigo_10	1587660819195	1587660819208	OK	 
REQUEST	19		PruebaAñadirAmigo_23	1587660819226	1587660819265	OK	 
USER	PruebaAñadirAmigo	19	END	1587660777864	1587660819267
REQUEST	42		PruebaAñadirAmigo_11	1587660819325	1587660819356	OK	 
REQUEST	35		PruebaAñadirAmigo_12	1587660819404	1587660819410	OK	 
REQUEST	35		PruebaAñadirAmigo_13	1587660819410	1587660819443	OK	 
REQUEST	35		PruebaAñadirAmigo_14	1587660819444	1587660819450	OK	 
REQUEST	35		PruebaAñadirAmigo_15	1587660819647	1587660819678	OK	 
REQUEST	27		PruebaAñadirAmigo_16	1587660819972	1587660819977	OK	 
REQUEST	27		PruebaAñadirAmigo_17	1587660819977	1587660820012	OK	 
REQUEST	27		PruebaAñadirAmigo_18	1587660820013	1587660820019	OK	 
REQUEST	20		PruebaAñadirAmigo_20	1587660820014	1587660820056	OK	 
REQUEST	20		PruebaAñadirAmigo_21	1587660820056	1587660820059	OK	 
REQUEST	20		PruebaAñadirAmigo_22	1587660820060	1587660820066	OK	 
REQUEST	27		PruebaAñadirAmigo_19	1587660820184	1587660820219	OK	 
REQUEST	43		PruebaAñadirAmigo_8	1587660820195	1587660820257	OK	 
REQUEST	20		PruebaAñadirAmigo_23	1587660820216	1587660820291	OK	 
USER	PruebaAñadirAmigo	20	END	1587660778865	1587660820292
REQUEST	43		PruebaAñadirAmigo_9	1587660820258	1587660820292	OK	 
REQUEST	43		PruebaAñadirAmigo_10	1587660820293	1587660820297	OK	 
REQUEST	43		PruebaAñadirAmigo_11	1587660820411	1587660820443	OK	 
REQUEST	28		PruebaAñadirAmigo_16	1587660820795	1587660820805	OK	 
REQUEST	28		PruebaAñadirAmigo_17	1587660820806	1587660820845	OK	 
REQUEST	28		PruebaAñadirAmigo_18	1587660820846	1587660820851	OK	 
REQUEST	28		PruebaAñadirAmigo_19	1587660821025	1587660821057	OK	 
REQUEST	44		PruebaAñadirAmigo_8	1587660821222	1587660821261	OK	 
REQUEST	44		PruebaAñadirAmigo_9	1587660821261	1587660821265	OK	 
REQUEST	44		PruebaAñadirAmigo_10	1587660821266	1587660821271	OK	 
REQUEST	44		PruebaAñadirAmigo_11	1587660821393	1587660821422	OK	 
REQUEST	36		PruebaAñadirAmigo_12	1587660821455	1587660821463	OK	 
REQUEST	36		PruebaAñadirAmigo_13	1587660821464	1587660821498	OK	 
REQUEST	36		PruebaAñadirAmigo_14	1587660821498	1587660821505	OK	 
REQUEST	36		PruebaAñadirAmigo_15	1587660821707	1587660821747	OK	 
REQUEST	29		PruebaAñadirAmigo_16	1587660821711	1587660821749	OK	 
REQUEST	29		PruebaAñadirAmigo_17	1587660821750	1587660821786	OK	 
REQUEST	29		PruebaAñadirAmigo_18	1587660821786	1587660821792	OK	 
REQUEST	29		PruebaAñadirAmigo_19	1587660821951	1587660821982	OK	 
REQUEST	21		PruebaAñadirAmigo_20	1587660821971	1587660822013	OK	 
REQUEST	21		PruebaAñadirAmigo_21	1587660822014	1587660822019	OK	 
REQUEST	21		PruebaAñadirAmigo_22	1587660822020	1587660822023	OK	 
REQUEST	21		PruebaAñadirAmigo_23	1587660822165	1587660822198	OK	 
USER	PruebaAñadirAmigo	21	END	1587660780863	1587660822200
REQUEST	45		PruebaAñadirAmigo_8	1587660822165	1587660822229	OK	 
REQUEST	45		PruebaAñadirAmigo_9	1587660822229	1587660822235	OK	 
REQUEST	45		PruebaAñadirAmigo_10	1587660822236	1587660822242	OK	 
REQUEST	45		PruebaAñadirAmigo_11	1587660822354	1587660822385	OK	 
REQUEST	37		PruebaAñadirAmigo_12	1587660822432	1587660822443	OK	 
REQUEST	37		PruebaAñadirAmigo_13	1587660822444	1587660822480	OK	 
REQUEST	37		PruebaAñadirAmigo_14	1587660822480	1587660822486	OK	 
REQUEST	37		PruebaAñadirAmigo_15	1587660822676	1587660822706	OK	 
REQUEST	30		PruebaAñadirAmigo_16	1587660822702	1587660822709	OK	 
REQUEST	30		PruebaAñadirAmigo_17	1587660822709	1587660822742	OK	 
REQUEST	30		PruebaAñadirAmigo_18	1587660822743	1587660822746	OK	 
REQUEST	30		PruebaAñadirAmigo_19	1587660822917	1587660822952	OK	 
REQUEST	22		PruebaAñadirAmigo_20	1587660822952	1587660822987	OK	 
REQUEST	22		PruebaAñadirAmigo_21	1587660822987	1587660822991	OK	 
REQUEST	22		PruebaAñadirAmigo_22	1587660822991	1587660822994	OK	 
REQUEST	22		PruebaAñadirAmigo_23	1587660823145	1587660823174	OK	 
USER	PruebaAñadirAmigo	22	END	1587660781861	1587660823175
REQUEST	38		PruebaAñadirAmigo_12	1587660823432	1587660823443	OK	 
REQUEST	38		PruebaAñadirAmigo_13	1587660823444	1587660823479	OK	 
REQUEST	38		PruebaAñadirAmigo_14	1587660823480	1587660823485	OK	 
REQUEST	38		PruebaAñadirAmigo_15	1587660823684	1587660823716	OK	 
REQUEST	23		PruebaAñadirAmigo_20	1587660823984	1587660824018	OK	 
REQUEST	23		PruebaAñadirAmigo_21	1587660824019	1587660824022	OK	 
REQUEST	23		PruebaAñadirAmigo_22	1587660824023	1587660824026	OK	 
REQUEST	23		PruebaAñadirAmigo_23	1587660824162	1587660824192	OK	 
USER	PruebaAñadirAmigo	23	END	1587660782862	1587660824193
REQUEST	46		PruebaAñadirAmigo_8	1587660824303	1587660824339	OK	 
REQUEST	46		PruebaAñadirAmigo_9	1587660824339	1587660824345	OK	 
REQUEST	46		PruebaAñadirAmigo_10	1587660824345	1587660824351	OK	 
REQUEST	39		PruebaAñadirAmigo_12	1587660824422	1587660824427	OK	 
REQUEST	39		PruebaAñadirAmigo_13	1587660824427	1587660824461	OK	 
REQUEST	39		PruebaAñadirAmigo_14	1587660824461	1587660824466	OK	 
REQUEST	46		PruebaAñadirAmigo_11	1587660824476	1587660824511	OK	 
REQUEST	39		PruebaAñadirAmigo_15	1587660824665	1587660824703	OK	 
REQUEST	31		PruebaAñadirAmigo_16	1587660824686	1587660824710	OK	 
REQUEST	31		PruebaAñadirAmigo_17	1587660824711	1587660824746	OK	 
REQUEST	31		PruebaAñadirAmigo_18	1587660824746	1587660824751	OK	 
REQUEST	31		PruebaAñadirAmigo_19	1587660824915	1587660824946	OK	 
REQUEST	24		PruebaAñadirAmigo_20	1587660824973	1587660825006	OK	 
REQUEST	24		PruebaAñadirAmigo_21	1587660825007	1587660825010	OK	 
REQUEST	24		PruebaAñadirAmigo_22	1587660825010	1587660825012	OK	 
REQUEST	24		PruebaAñadirAmigo_23	1587660825155	1587660825185	OK	 
USER	PruebaAñadirAmigo	24	END	1587660783864	1587660825186
REQUEST	47		PruebaAñadirAmigo_8	1587660825212	1587660825253	OK	 
REQUEST	47		PruebaAñadirAmigo_9	1587660825254	1587660825258	OK	 
REQUEST	47		PruebaAñadirAmigo_10	1587660825259	1587660825261	OK	 
REQUEST	47		PruebaAñadirAmigo_11	1587660825373	1587660825405	OK	 
REQUEST	40		PruebaAñadirAmigo_12	1587660825435	1587660825445	OK	 
REQUEST	40		PruebaAñadirAmigo_13	1587660825446	1587660825479	OK	 
REQUEST	40		PruebaAñadirAmigo_14	1587660825479	1587660825485	OK	 
REQUEST	40		PruebaAñadirAmigo_15	1587660825676	1587660825706	OK	 
REQUEST	32		PruebaAñadirAmigo_16	1587660825691	1587660825708	OK	 
REQUEST	32		PruebaAñadirAmigo_17	1587660825708	1587660825744	OK	 
REQUEST	32		PruebaAñadirAmigo_18	1587660825745	1587660825749	OK	 
REQUEST	32		PruebaAñadirAmigo_19	1587660825921	1587660825953	OK	 
REQUEST	25		PruebaAñadirAmigo_20	1587660825963	1587660825999	OK	 
REQUEST	25		PruebaAñadirAmigo_21	1587660826000	1587660826007	OK	 
REQUEST	25		PruebaAñadirAmigo_22	1587660826008	1587660826011	OK	 
REQUEST	25		PruebaAñadirAmigo_23	1587660826144	1587660826175	OK	 
USER	PruebaAñadirAmigo	25	END	1587660784847	1587660826175
REQUEST	48		PruebaAñadirAmigo_8	1587660826166	1587660826206	OK	 
REQUEST	48		PruebaAñadirAmigo_9	1587660826206	1587660826210	OK	 
REQUEST	48		PruebaAñadirAmigo_10	1587660826210	1587660826214	OK	 
REQUEST	48		PruebaAñadirAmigo_11	1587660826333	1587660826370	OK	 
REQUEST	33		PruebaAñadirAmigo_16	1587660826791	1587660826797	OK	 
REQUEST	33		PruebaAñadirAmigo_17	1587660826798	1587660826845	OK	 
REQUEST	33		PruebaAñadirAmigo_18	1587660826846	1587660826850	OK	 
REQUEST	33		PruebaAñadirAmigo_19	1587660827015	1587660827047	OK	 
REQUEST	49		PruebaAñadirAmigo_8	1587660827146	1587660827183	OK	 
REQUEST	49		PruebaAñadirAmigo_9	1587660827183	1587660827189	OK	 
REQUEST	49		PruebaAñadirAmigo_10	1587660827189	1587660827192	OK	 
REQUEST	49		PruebaAñadirAmigo_11	1587660827315	1587660827346	OK	 
REQUEST	41		PruebaAñadirAmigo_12	1587660827366	1587660827375	OK	 
REQUEST	41		PruebaAñadirAmigo_13	1587660827375	1587660827406	OK	 
REQUEST	41		PruebaAñadirAmigo_14	1587660827406	1587660827409	OK	 
REQUEST	41		PruebaAñadirAmigo_15	1587660827596	1587660827627	OK	 
REQUEST	34		PruebaAñadirAmigo_16	1587660827672	1587660827677	OK	 
REQUEST	34		PruebaAñadirAmigo_17	1587660827677	1587660827708	OK	 
REQUEST	34		PruebaAñadirAmigo_18	1587660827709	1587660827711	OK	 
REQUEST	34		PruebaAñadirAmigo_19	1587660827876	1587660827907	OK	 
REQUEST	26		PruebaAñadirAmigo_20	1587660827971	1587660828005	OK	 
REQUEST	26		PruebaAñadirAmigo_21	1587660828005	1587660828009	OK	 
REQUEST	26		PruebaAñadirAmigo_22	1587660828009	1587660828012	OK	 
REQUEST	50		PruebaAñadirAmigo_8	1587660828155	1587660828190	OK	 
REQUEST	26		PruebaAñadirAmigo_23	1587660828166	1587660828218	OK	 
USER	PruebaAñadirAmigo	26	END	1587660786861	1587660828219
REQUEST	50		PruebaAñadirAmigo_9	1587660828191	1587660828221	OK	 
REQUEST	50		PruebaAñadirAmigo_10	1587660828221	1587660828224	OK	 
REQUEST	50		PruebaAñadirAmigo_11	1587660828343	1587660828375	OK	 
REQUEST	42		PruebaAñadirAmigo_12	1587660828364	1587660828378	OK	 
REQUEST	42		PruebaAñadirAmigo_13	1587660828378	1587660828409	OK	 
REQUEST	42		PruebaAñadirAmigo_14	1587660828410	1587660828413	OK	 
REQUEST	42		PruebaAñadirAmigo_15	1587660828601	1587660828635	OK	 
REQUEST	35		PruebaAñadirAmigo_16	1587660828672	1587660828678	OK	 
REQUEST	35		PruebaAñadirAmigo_17	1587660828679	1587660828718	OK	 
REQUEST	35		PruebaAñadirAmigo_18	1587660828719	1587660828724	OK	 
REQUEST	35		PruebaAñadirAmigo_19	1587660828882	1587660828914	OK	 
REQUEST	27		PruebaAñadirAmigo_20	1587660829226	1587660829270	OK	 
REQUEST	27		PruebaAñadirAmigo_21	1587660829271	1587660829277	OK	 
REQUEST	27		PruebaAñadirAmigo_22	1587660829277	1587660829285	OK	 
REQUEST	27		PruebaAñadirAmigo_23	1587660829423	1587660829454	OK	 
USER	PruebaAñadirAmigo	27	END	1587660787861	1587660829455
REQUEST	43		PruebaAñadirAmigo_12	1587660829455	1587660829460	OK	 
REQUEST	43		PruebaAñadirAmigo_13	1587660829460	1587660829492	OK	 
REQUEST	43		PruebaAñadirAmigo_14	1587660829492	1587660829495	OK	 
REQUEST	43		PruebaAñadirAmigo_15	1587660829672	1587660829702	OK	 
REQUEST	28		PruebaAñadirAmigo_20	1587660830054	1587660830087	OK	 
REQUEST	28		PruebaAñadirAmigo_21	1587660830087	1587660830091	OK	 
REQUEST	28		PruebaAñadirAmigo_22	1587660830092	1587660830095	OK	 
REQUEST	28		PruebaAñadirAmigo_23	1587660830223	1587660830257	OK	 
USER	PruebaAñadirAmigo	28	END	1587660788855	1587660830258
REQUEST	44		PruebaAñadirAmigo_12	1587660830423	1587660830429	OK	 
REQUEST	44		PruebaAñadirAmigo_13	1587660830429	1587660830461	OK	 
REQUEST	44		PruebaAñadirAmigo_14	1587660830462	1587660830466	OK	 
REQUEST	44		PruebaAñadirAmigo_15	1587660830665	1587660830696	OK	 
REQUEST	36		PruebaAñadirAmigo_16	1587660830743	1587660830749	OK	 
REQUEST	36		PruebaAñadirAmigo_17	1587660830750	1587660830783	OK	 
REQUEST	36		PruebaAñadirAmigo_18	1587660830784	1587660830788	OK	 
REQUEST	36		PruebaAñadirAmigo_19	1587660830956	1587660830987	OK	 
REQUEST	29		PruebaAñadirAmigo_20	1587660830991	1587660831025	OK	 
REQUEST	29		PruebaAñadirAmigo_21	1587660831026	1587660831029	OK	 
REQUEST	29		PruebaAñadirAmigo_22	1587660831029	1587660831033	OK	 
REQUEST	29		PruebaAñadirAmigo_23	1587660831171	1587660831201	OK	 
USER	PruebaAñadirAmigo	29	END	1587660789856	1587660831202
REQUEST	45		PruebaAñadirAmigo_12	1587660831395	1587660831404	OK	 
REQUEST	45		PruebaAñadirAmigo_13	1587660831404	1587660831438	OK	 
REQUEST	45		PruebaAñadirAmigo_14	1587660831439	1587660831445	OK	 
REQUEST	45		PruebaAñadirAmigo_15	1587660831635	1587660831670	OK	 
REQUEST	37		PruebaAñadirAmigo_16	1587660831703	1587660831713	OK	 
REQUEST	37		PruebaAñadirAmigo_17	1587660831713	1587660831758	OK	 
REQUEST	37		PruebaAñadirAmigo_18	1587660831758	1587660831762	OK	 
REQUEST	37		PruebaAñadirAmigo_19	1587660831935	1587660831972	OK	 
REQUEST	30		PruebaAñadirAmigo_20	1587660831956	1587660832004	OK	 
REQUEST	30		PruebaAñadirAmigo_21	1587660832005	1587660832009	OK	 
REQUEST	30		PruebaAñadirAmigo_22	1587660832009	1587660832012	OK	 
REQUEST	30		PruebaAñadirAmigo_23	1587660832146	1587660832177	OK	 
USER	PruebaAñadirAmigo	30	END	1587660790843	1587660832179
REQUEST	38		PruebaAñadirAmigo_16	1587660832724	1587660832740	OK	 
REQUEST	38		PruebaAñadirAmigo_17	1587660832741	1587660832779	OK	 
REQUEST	38		PruebaAñadirAmigo_18	1587660832779	1587660832783	OK	 
REQUEST	38		PruebaAñadirAmigo_19	1587660832954	1587660832986	OK	 
REQUEST	46		PruebaAñadirAmigo_12	1587660833501	1587660833511	OK	 
REQUEST	46		PruebaAñadirAmigo_13	1587660833511	1587660833551	OK	 
REQUEST	46		PruebaAñadirAmigo_14	1587660833552	1587660833559	OK	 
REQUEST	39		PruebaAñadirAmigo_16	1587660833693	1587660833699	OK	 
REQUEST	39		PruebaAñadirAmigo_17	1587660833700	1587660833735	OK	 
REQUEST	39		PruebaAñadirAmigo_18	1587660833736	1587660833743	OK	 
REQUEST	46		PruebaAñadirAmigo_15	1587660833766	1587660833801	OK	 
REQUEST	39		PruebaAñadirAmigo_19	1587660833911	1587660833942	OK	 
REQUEST	31		PruebaAñadirAmigo_20	1587660833943	1587660833978	OK	 
REQUEST	31		PruebaAñadirAmigo_21	1587660833978	1587660833982	OK	 
REQUEST	31		PruebaAñadirAmigo_22	1587660833983	1587660833987	OK	 
REQUEST	31		PruebaAñadirAmigo_23	1587660834134	1587660834171	OK	 
USER	PruebaAñadirAmigo	31	END	1587660792861	1587660834172
REQUEST	47		PruebaAñadirAmigo_12	1587660834411	1587660834419	OK	 
REQUEST	47		PruebaAñadirAmigo_13	1587660834420	1587660834453	OK	 
REQUEST	47		PruebaAñadirAmigo_14	1587660834453	1587660834457	OK	 
REQUEST	47		PruebaAñadirAmigo_15	1587660834643	1587660834673	OK	 
REQUEST	40		PruebaAñadirAmigo_16	1587660834711	1587660834720	OK	 
REQUEST	40		PruebaAñadirAmigo_17	1587660834721	1587660834755	OK	 
REQUEST	40		PruebaAñadirAmigo_18	1587660834755	1587660834758	OK	 
REQUEST	40		PruebaAñadirAmigo_19	1587660834922	1587660834956	OK	 
REQUEST	32		PruebaAñadirAmigo_20	1587660834965	1587660835005	OK	 
REQUEST	32		PruebaAñadirAmigo_21	1587660835006	1587660835009	OK	 
REQUEST	32		PruebaAñadirAmigo_22	1587660835009	1587660835012	OK	 
REQUEST	32		PruebaAñadirAmigo_23	1587660835142	1587660835174	OK	 
USER	PruebaAñadirAmigo	32	END	1587660793862	1587660835175
REQUEST	48		PruebaAñadirAmigo_12	1587660835362	1587660835372	OK	 
REQUEST	48		PruebaAñadirAmigo_13	1587660835373	1587660835405	OK	 
REQUEST	48		PruebaAñadirAmigo_14	1587660835406	1587660835409	OK	 
REQUEST	48		PruebaAñadirAmigo_15	1587660835602	1587660835631	OK	 
REQUEST	33		PruebaAñadirAmigo_20	1587660836044	1587660836081	OK	 
REQUEST	33		PruebaAñadirAmigo_21	1587660836082	1587660836090	OK	 
REQUEST	33		PruebaAñadirAmigo_22	1587660836091	1587660836093	OK	 
REQUEST	33		PruebaAñadirAmigo_23	1587660836244	1587660836278	OK	 
USER	PruebaAñadirAmigo	33	END	1587660794866	1587660836278
REQUEST	49		PruebaAñadirAmigo_12	1587660836354	1587660836359	OK	 
REQUEST	49		PruebaAñadirAmigo_13	1587660836360	1587660836391	OK	 
REQUEST	49		PruebaAñadirAmigo_14	1587660836391	1587660836394	OK	 
REQUEST	49		PruebaAñadirAmigo_15	1587660836573	1587660836602	OK	 
REQUEST	41		PruebaAñadirAmigo_16	1587660836626	1587660836632	OK	 
REQUEST	41		PruebaAñadirAmigo_17	1587660836633	1587660836676	OK	 
REQUEST	41		PruebaAñadirAmigo_18	1587660836676	1587660836680	OK	 
REQUEST	41		PruebaAñadirAmigo_19	1587660836843	1587660836874	OK	 
REQUEST	34		PruebaAñadirAmigo_20	1587660836916	1587660836952	OK	 
REQUEST	34		PruebaAñadirAmigo_21	1587660836953	1587660836957	OK	 
REQUEST	34		PruebaAñadirAmigo_22	1587660836957	1587660836960	OK	 
REQUEST	34		PruebaAñadirAmigo_23	1587660837093	1587660837123	OK	 
USER	PruebaAñadirAmigo	34	END	1587660795865	1587660837124
REQUEST	50		PruebaAñadirAmigo_12	1587660837376	1587660837382	OK	 
REQUEST	50		PruebaAñadirAmigo_13	1587660837383	1587660837419	OK	 
REQUEST	50		PruebaAñadirAmigo_14	1587660837419	1587660837423	OK	 
REQUEST	50		PruebaAñadirAmigo_15	1587660837623	1587660837662	OK	 
REQUEST	42		PruebaAñadirAmigo_16	1587660837634	1587660837664	OK	 
REQUEST	42		PruebaAñadirAmigo_17	1587660837665	1587660837700	OK	 
REQUEST	42		PruebaAñadirAmigo_18	1587660837701	1587660837707	OK	 
REQUEST	42		PruebaAñadirAmigo_19	1587660837873	1587660837903	OK	 
REQUEST	35		PruebaAñadirAmigo_20	1587660837936	1587660837974	OK	 
REQUEST	35		PruebaAñadirAmigo_21	1587660837975	1587660837978	OK	 
REQUEST	35		PruebaAñadirAmigo_22	1587660837978	1587660837981	OK	 
REQUEST	35		PruebaAñadirAmigo_23	1587660838113	1587660838145	OK	 
USER	PruebaAñadirAmigo	35	END	1587660796862	1587660838145
REQUEST	43		PruebaAñadirAmigo_16	1587660838712	1587660838720	OK	 
REQUEST	43		PruebaAñadirAmigo_17	1587660838720	1587660838753	OK	 
REQUEST	43		PruebaAñadirAmigo_18	1587660838754	1587660838757	OK	 
REQUEST	43		PruebaAñadirAmigo_19	1587660838921	1587660838954	OK	 
REQUEST	44		PruebaAñadirAmigo_16	1587660839686	1587660839692	OK	 
REQUEST	44		PruebaAñadirAmigo_17	1587660839692	1587660839724	OK	 
REQUEST	44		PruebaAñadirAmigo_18	1587660839724	1587660839727	OK	 
REQUEST	44		PruebaAñadirAmigo_19	1587660839901	1587660839937	OK	 
REQUEST	36		PruebaAñadirAmigo_20	1587660839975	1587660840009	OK	 
REQUEST	36		PruebaAñadirAmigo_21	1587660840009	1587660840014	OK	 
REQUEST	36		PruebaAñadirAmigo_22	1587660840014	1587660840020	OK	 
REQUEST	36		PruebaAñadirAmigo_23	1587660840166	1587660840210	OK	 
USER	PruebaAñadirAmigo	36	END	1587660798862	1587660840211
REQUEST	45		PruebaAñadirAmigo_16	1587660840652	1587660840664	OK	 
REQUEST	45		PruebaAñadirAmigo_17	1587660840665	1587660840709	OK	 
REQUEST	45		PruebaAñadirAmigo_18	1587660840710	1587660840715	OK	 
REQUEST	45		PruebaAñadirAmigo_19	1587660840892	1587660840924	OK	 
REQUEST	37		PruebaAñadirAmigo_20	1587660840977	1587660841010	OK	 
REQUEST	37		PruebaAñadirAmigo_21	1587660841011	1587660841016	OK	 
REQUEST	37		PruebaAñadirAmigo_22	1587660841017	1587660841021	OK	 
REQUEST	37		PruebaAñadirAmigo_23	1587660841155	1587660841192	OK	 
USER	PruebaAñadirAmigo	37	END	1587660799865	1587660841193
REQUEST	38		PruebaAñadirAmigo_20	1587660841983	1587660842019	OK	 
REQUEST	38		PruebaAñadirAmigo_21	1587660842019	1587660842023	OK	 
REQUEST	38		PruebaAñadirAmigo_22	1587660842024	1587660842026	OK	 
REQUEST	38		PruebaAñadirAmigo_23	1587660842166	1587660842208	OK	 
USER	PruebaAñadirAmigo	38	END	1587660800855	1587660842208
REQUEST	46		PruebaAñadirAmigo_16	1587660842802	1587660842810	OK	 
REQUEST	46		PruebaAñadirAmigo_17	1587660842810	1587660842858	OK	 
REQUEST	46		PruebaAñadirAmigo_18	1587660842858	1587660842862	OK	 
REQUEST	39		PruebaAñadirAmigo_20	1587660842942	1587660842974	OK	 
REQUEST	39		PruebaAñadirAmigo_21	1587660842974	1587660842977	OK	 
REQUEST	39		PruebaAñadirAmigo_22	1587660842977	1587660842980	OK	 
REQUEST	46		PruebaAñadirAmigo_19	1587660843026	1587660843061	OK	 
REQUEST	39		PruebaAñadirAmigo_23	1587660843126	1587660843157	OK	 
USER	PruebaAñadirAmigo	39	END	1587660801852	1587660843157
REQUEST	47		PruebaAñadirAmigo_16	1587660843672	1587660843677	OK	 
REQUEST	47		PruebaAñadirAmigo_17	1587660843677	1587660843706	OK	 
REQUEST	47		PruebaAñadirAmigo_18	1587660843707	1587660843709	OK	 
REQUEST	47		PruebaAñadirAmigo_19	1587660843886	1587660843917	OK	 
REQUEST	40		PruebaAñadirAmigo_20	1587660843965	1587660844003	OK	 
REQUEST	40		PruebaAñadirAmigo_21	1587660844003	1587660844009	OK	 
REQUEST	40		PruebaAñadirAmigo_22	1587660844009	1587660844012	OK	 
REQUEST	40		PruebaAñadirAmigo_23	1587660844155	1587660844187	OK	 
USER	PruebaAñadirAmigo	40	END	1587660802863	1587660844188
REQUEST	48		PruebaAñadirAmigo_16	1587660844633	1587660844648	OK	 
REQUEST	48		PruebaAñadirAmigo_17	1587660844648	1587660844684	OK	 
REQUEST	48		PruebaAñadirAmigo_18	1587660844684	1587660844688	OK	 
REQUEST	48		PruebaAñadirAmigo_19	1587660844853	1587660844884	OK	 
REQUEST	49		PruebaAñadirAmigo_16	1587660845614	1587660845622	OK	 
REQUEST	49		PruebaAñadirAmigo_17	1587660845623	1587660845655	OK	 
REQUEST	49		PruebaAñadirAmigo_18	1587660845655	1587660845659	OK	 
REQUEST	49		PruebaAñadirAmigo_19	1587660845822	1587660845853	OK	 
REQUEST	41		PruebaAñadirAmigo_20	1587660845885	1587660845936	OK	 
REQUEST	41		PruebaAñadirAmigo_21	1587660845937	1587660845942	OK	 
REQUEST	41		PruebaAñadirAmigo_22	1587660845942	1587660845944	OK	 
REQUEST	41		PruebaAñadirAmigo_23	1587660846083	1587660846115	OK	 
USER	PruebaAñadirAmigo	41	END	1587660804864	1587660846116
REQUEST	50		PruebaAñadirAmigo_16	1587660846651	1587660846657	OK	 
REQUEST	50		PruebaAñadirAmigo_17	1587660846657	1587660846690	OK	 
REQUEST	50		PruebaAñadirAmigo_18	1587660846690	1587660846693	OK	 
REQUEST	50		PruebaAñadirAmigo_19	1587660846851	1587660846885	OK	 
REQUEST	42		PruebaAñadirAmigo_20	1587660846915	1587660846953	OK	 
REQUEST	42		PruebaAñadirAmigo_21	1587660846954	1587660846958	OK	 
REQUEST	42		PruebaAñadirAmigo_22	1587660846958	1587660846961	OK	 
REQUEST	42		PruebaAñadirAmigo_23	1587660847091	1587660847121	OK	 
USER	PruebaAñadirAmigo	42	END	1587660805851	1587660847122
REQUEST	43		PruebaAñadirAmigo_20	1587660847951	1587660847988	OK	 
REQUEST	43		PruebaAñadirAmigo_21	1587660847989	1587660847993	OK	 
REQUEST	43		PruebaAñadirAmigo_22	1587660847993	1587660847995	OK	 
REQUEST	43		PruebaAñadirAmigo_23	1587660848144	1587660848177	OK	 
USER	PruebaAñadirAmigo	43	END	1587660806862	1587660848178
REQUEST	44		PruebaAñadirAmigo_20	1587660848931	1587660848971	OK	 
REQUEST	44		PruebaAñadirAmigo_21	1587660848972	1587660848979	OK	 
REQUEST	44		PruebaAñadirAmigo_22	1587660848979	1587660848985	OK	 
REQUEST	44		PruebaAñadirAmigo_23	1587660849134	1587660849163	OK	 
USER	PruebaAñadirAmigo	44	END	1587660807864	1587660849164
REQUEST	45		PruebaAñadirAmigo_20	1587660849934	1587660849971	OK	 
REQUEST	45		PruebaAñadirAmigo_21	1587660849972	1587660849978	OK	 
REQUEST	45		PruebaAñadirAmigo_22	1587660849979	1587660849982	OK	 
REQUEST	45		PruebaAñadirAmigo_23	1587660850111	1587660850143	OK	 
USER	PruebaAñadirAmigo	45	END	1587660808863	1587660850144
REQUEST	46		PruebaAñadirAmigo_20	1587660852052	1587660852102	OK	 
REQUEST	46		PruebaAñadirAmigo_21	1587660852103	1587660852108	OK	 
REQUEST	46		PruebaAñadirAmigo_22	1587660852108	1587660852111	OK	 
REQUEST	46		PruebaAñadirAmigo_23	1587660852251	1587660852283	OK	 
USER	PruebaAñadirAmigo	46	END	1587660810862	1587660852284
REQUEST	47		PruebaAñadirAmigo_20	1587660852915	1587660852949	OK	 
REQUEST	47		PruebaAñadirAmigo_21	1587660852950	1587660852954	OK	 
REQUEST	47		PruebaAñadirAmigo_22	1587660852955	1587660852957	OK	 
REQUEST	47		PruebaAñadirAmigo_23	1587660853093	1587660853126	OK	 
USER	PruebaAñadirAmigo	47	END	1587660811861	1587660853127
REQUEST	48		PruebaAñadirAmigo_20	1587660853893	1587660853945	OK	 
REQUEST	48		PruebaAñadirAmigo_21	1587660853945	1587660853952	OK	 
REQUEST	48		PruebaAñadirAmigo_22	1587660853953	1587660853959	OK	 
REQUEST	48		PruebaAñadirAmigo_23	1587660854084	1587660854123	OK	 
USER	PruebaAñadirAmigo	48	END	1587660812861	1587660854124
REQUEST	49		PruebaAñadirAmigo_20	1587660854853	1587660854889	OK	 
REQUEST	49		PruebaAñadirAmigo_21	1587660854890	1587660854893	OK	 
REQUEST	49		PruebaAñadirAmigo_22	1587660854894	1587660854898	OK	 
REQUEST	49		PruebaAñadirAmigo_23	1587660855046	1587660855079	OK	 
USER	PruebaAñadirAmigo	49	END	1587660813861	1587660855080
REQUEST	50		PruebaAñadirAmigo_20	1587660855904	1587660855941	OK	 
REQUEST	50		PruebaAñadirAmigo_21	1587660855941	1587660855944	OK	 
REQUEST	50		PruebaAñadirAmigo_22	1587660855944	1587660855948	OK	 
REQUEST	50		PruebaAñadirAmigo_23	1587660856071	1587660856102	OK	 
USER	PruebaAñadirAmigo	50	END	1587660814864	1587660856103
