RUN	viade_es5b.PruebaCrearCuenta	pruebacrearcuenta	1587658606652	Test1-50Usuarios	3.3.1
USER	PruebaCrearCuenta	1	START	1587658608151	1587658608151
REQUEST	1		PruebaCrearCuenta_0	1587658608197	1587658608260	OK	 
REQUEST	1		PruebaCrearCuenta_1	1587658608297	1587658608994	OK	 
REQUEST	1		PruebaCrearCuenta_2	1587658608995	1587658609010	OK	 
REQUEST	1		PruebaCrearCuenta_3	1587658609011	1587658609015	OK	 
REQUEST	1		PruebaCrearCuenta_4	1587658609017	1587658609044	OK	 
REQUEST	1		PruebaCrearCuenta_5	1587658609045	1587658609097	OK	 
USER	PruebaCrearCuenta	2	START	1587658609149	1587658609149
REQUEST	2		PruebaCrearCuenta_0	1587658609150	1587658609175	OK	 
REQUEST	2		PruebaCrearCuenta_1	1587658609177	1587658609844	OK	 
REQUEST	2		PruebaCrearCuenta_2	1587658609845	1587658609858	OK	 
REQUEST	2		PruebaCrearCuenta_3	1587658609858	1587658609861	OK	 
REQUEST	2		PruebaCrearCuenta_4	1587658609862	1587658609893	OK	 
REQUEST	2		PruebaCrearCuenta_5	1587658609894	1587658609939	OK	 
USER	PruebaCrearCuenta	3	START	1587658610153	1587658610153
REQUEST	3		PruebaCrearCuenta_0	1587658610154	1587658610171	OK	 
REQUEST	3		PruebaCrearCuenta_1	1587658610172	1587658610838	OK	 
REQUEST	3		PruebaCrearCuenta_2	1587658610839	1587658610851	OK	 
REQUEST	3		PruebaCrearCuenta_3	1587658610852	1587658610855	OK	 
REQUEST	3		PruebaCrearCuenta_4	1587658610856	1587658610883	OK	 
REQUEST	3		PruebaCrearCuenta_5	1587658610884	1587658610888	OK	 
USER	PruebaCrearCuenta	4	START	1587658611137	1587658611137
REQUEST	4		PruebaCrearCuenta_0	1587658611138	1587658611154	OK	 
REQUEST	4		PruebaCrearCuenta_1	1587658611155	1587658611815	OK	 
REQUEST	4		PruebaCrearCuenta_2	1587658611816	1587658611829	OK	 
REQUEST	4		PruebaCrearCuenta_3	1587658611830	1587658611835	OK	 
REQUEST	4		PruebaCrearCuenta_4	1587658611836	1587658611863	OK	 
REQUEST	4		PruebaCrearCuenta_5	1587658611864	1587658611912	OK	 
USER	PruebaCrearCuenta	5	START	1587658612151	1587658612151
REQUEST	5		PruebaCrearCuenta_0	1587658612151	1587658612171	OK	 
REQUEST	5		PruebaCrearCuenta_1	1587658612172	1587658612842	OK	 
REQUEST	5		PruebaCrearCuenta_2	1587658612842	1587658612858	OK	 
REQUEST	5		PruebaCrearCuenta_3	1587658612859	1587658612862	OK	 
REQUEST	5		PruebaCrearCuenta_4	1587658612863	1587658612890	OK	 
REQUEST	5		PruebaCrearCuenta_5	1587658612891	1587658612936	OK	 
REQUEST	1		PruebaCrearCuenta_6	1587658613081	1587658613085	OK	 
REQUEST	1		PruebaCrearCuenta_7	1587658613087	1587658613316	OK	 
REQUEST	1		PruebaCrearCuenta_7 Redirect 1	1587658613342	1587658613448	OK	 
REQUEST	1		PruebaCrearCuenta_8	1587658613449	1587658613453	OK	 
REQUEST	2		PruebaCrearCuenta_6	1587658613947	1587658613951	OK	 
REQUEST	2		PruebaCrearCuenta_7	1587658613952	1587658614025	OK	 
REQUEST	2		PruebaCrearCuenta_7 Redirect 1	1587658614026	1587658614075	OK	 
REQUEST	2		PruebaCrearCuenta_8	1587658614075	1587658614080	OK	 
USER	PruebaCrearCuenta	6	START	1587658614148	1587658614148
REQUEST	6		PruebaCrearCuenta_0	1587658614148	1587658614173	OK	 
REQUEST	6		PruebaCrearCuenta_1	1587658614174	1587658614822	OK	 
REQUEST	6		PruebaCrearCuenta_2	1587658614823	1587658614837	OK	 
REQUEST	6		PruebaCrearCuenta_3	1587658614837	1587658614841	OK	 
REQUEST	6		PruebaCrearCuenta_4	1587658614841	1587658614868	OK	 
REQUEST	3		PruebaCrearCuenta_6	1587658614902	1587658614906	OK	 
REQUEST	6		PruebaCrearCuenta_5	1587658614869	1587658614915	OK	 
REQUEST	3		PruebaCrearCuenta_7	1587658614907	1587658614971	OK	 
REQUEST	3		PruebaCrearCuenta_7 Redirect 1	1587658614972	1587658615019	OK	 
REQUEST	3		PruebaCrearCuenta_8	1587658615019	1587658615022	OK	 
USER	PruebaCrearCuenta	7	START	1587658615142	1587658615142
REQUEST	7		PruebaCrearCuenta_0	1587658615143	1587658615158	OK	 
REQUEST	7		PruebaCrearCuenta_1	1587658615159	1587658615823	OK	 
REQUEST	7		PruebaCrearCuenta_2	1587658615823	1587658615837	OK	 
REQUEST	7		PruebaCrearCuenta_3	1587658615837	1587658615840	OK	 
REQUEST	7		PruebaCrearCuenta_4	1587658615841	1587658615867	OK	 
REQUEST	7		PruebaCrearCuenta_5	1587658615868	1587658615914	OK	 
REQUEST	4		PruebaCrearCuenta_6	1587658615931	1587658615936	OK	 
REQUEST	4		PruebaCrearCuenta_7	1587658615937	1587658616000	OK	 
REQUEST	4		PruebaCrearCuenta_7 Redirect 1	1587658616001	1587658616037	OK	 
REQUEST	4		PruebaCrearCuenta_8	1587658616037	1587658616041	OK	 
USER	PruebaCrearCuenta	8	START	1587658616128	1587658616128
REQUEST	8		PruebaCrearCuenta_0	1587658616128	1587658616146	OK	 
REQUEST	1		PruebaCrearCuenta_9	1587658616448	1587658616460	OK	 
REQUEST	1		PruebaCrearCuenta_10	1587658616462	1587658616470	OK	 
REQUEST	1		PruebaCrearCuenta_11	1587658616471	1587658616480	OK	 
REQUEST	8		PruebaCrearCuenta_1	1587658616147	1587658616813	OK	 
REQUEST	8		PruebaCrearCuenta_2	1587658616814	1587658616826	OK	 
REQUEST	8		PruebaCrearCuenta_3	1587658616826	1587658616829	OK	 
REQUEST	8		PruebaCrearCuenta_4	1587658616830	1587658616857	OK	 
REQUEST	8		PruebaCrearCuenta_5	1587658616857	1587658616862	OK	 
REQUEST	5		PruebaCrearCuenta_6	1587658616950	1587658616954	OK	 
REQUEST	5		PruebaCrearCuenta_7	1587658616955	1587658617018	OK	 
REQUEST	5		PruebaCrearCuenta_7 Redirect 1	1587658617019	1587658617059	OK	 
REQUEST	5		PruebaCrearCuenta_8	1587658617059	1587658617064	OK	 
REQUEST	2		PruebaCrearCuenta_9	1587658617079	1587658617083	OK	 
REQUEST	2		PruebaCrearCuenta_10	1587658617084	1587658617087	OK	 
REQUEST	2		PruebaCrearCuenta_11	1587658617087	1587658617091	OK	 
USER	PruebaCrearCuenta	9	START	1587658617147	1587658617147
REQUEST	9		PruebaCrearCuenta_0	1587658617148	1587658617171	OK	 
REQUEST	1		PruebaCrearCuenta_12	1587658617488	1587658617515	OK	 
REQUEST	1		PruebaCrearCuenta_12 Redirect 1	1587658617516	1587658617597	OK	 
REQUEST	1		PruebaCrearCuenta_13	1587658617598	1587658617614	OK	 
REQUEST	1		PruebaCrearCuenta_14	1587658617615	1587658617618	OK	 
REQUEST	9		PruebaCrearCuenta_1	1587658617172	1587658617859	OK	 
REQUEST	9		PruebaCrearCuenta_2	1587658617859	1587658617874	OK	 
REQUEST	9		PruebaCrearCuenta_3	1587658617875	1587658617878	OK	 
REQUEST	9		PruebaCrearCuenta_4	1587658617879	1587658617909	OK	 
REQUEST	9		PruebaCrearCuenta_5	1587658617910	1587658617956	OK	 
REQUEST	3		PruebaCrearCuenta_9	1587658618023	1587658618027	OK	 
REQUEST	3		PruebaCrearCuenta_10	1587658618028	1587658618032	OK	 
REQUEST	3		PruebaCrearCuenta_11	1587658618033	1587658618037	OK	 
REQUEST	2		PruebaCrearCuenta_12	1587658618103	1587658618113	OK	 
USER	PruebaCrearCuenta	10	START	1587658618139	1587658618139
REQUEST	2		PruebaCrearCuenta_12 Redirect 1	1587658618113	1587658618154	OK	 
REQUEST	10		PruebaCrearCuenta_0	1587658618139	1587658618158	OK	 
REQUEST	2		PruebaCrearCuenta_13	1587658618154	1587658618174	OK	 
REQUEST	2		PruebaCrearCuenta_14	1587658618175	1587658618178	OK	 
REQUEST	1		PruebaCrearCuenta_15	1587658618623	1587658618882	OK	 
REQUEST	1		PruebaCrearCuenta_15 Redirect 1	1587658618883	1587658618933	OK	 
REQUEST	6		PruebaCrearCuenta_6	1587658618922	1587658618937	OK	 
REQUEST	10		PruebaCrearCuenta_1	1587658618160	1587658619008	OK	 
REQUEST	6		PruebaCrearCuenta_7	1587658618938	1587658619016	OK	 
REQUEST	10		PruebaCrearCuenta_2	1587658619008	1587658619028	OK	 
REQUEST	10		PruebaCrearCuenta_3	1587658619029	1587658619035	OK	 
REQUEST	1		PruebaCrearCuenta_15 Redirect 2	1587658618935	1587658619058	OK	 
REQUEST	3		PruebaCrearCuenta_12	1587658619033	1587658619062	OK	 
REQUEST	10		PruebaCrearCuenta_4	1587658619036	1587658619096	OK	 
REQUEST	4		PruebaCrearCuenta_9	1587658619042	1587658619127	OK	 
REQUEST	4		PruebaCrearCuenta_10	1587658619128	1587658619134	OK	 
REQUEST	4		PruebaCrearCuenta_11	1587658619135	1587658619139	OK	 
REQUEST	6		PruebaCrearCuenta_7 Redirect 1	1587658619016	1587658619147	OK	 
REQUEST	3		PruebaCrearCuenta_12 Redirect 1	1587658619063	1587658619149	OK	 
REQUEST	6		PruebaCrearCuenta_8	1587658619148	1587658619152	OK	 
REQUEST	3		PruebaCrearCuenta_13	1587658619150	1587658619157	OK	 
REQUEST	1		PruebaCrearCuenta_15 Redirect 3	1587658619059	1587658619161	OK	 
REQUEST	3		PruebaCrearCuenta_14	1587658619158	1587658619161	OK	 
REQUEST	1		PruebaCrearCuenta_16	1587658619162	1587658619165	OK	 
REQUEST	10		PruebaCrearCuenta_5	1587658619097	1587658619167	OK	 
REQUEST	1		PruebaCrearCuenta_17	1587658619165	1587658619170	OK	 
REQUEST	1		PruebaCrearCuenta_18	1587658619171	1587658619202	OK	 
REQUEST	2		PruebaCrearCuenta_15	1587658619179	1587658619294	OK	 
REQUEST	2		PruebaCrearCuenta_15 Redirect 1	1587658619295	1587658619316	OK	 
REQUEST	2		PruebaCrearCuenta_15 Redirect 2	1587658619317	1587658619389	OK	 
REQUEST	2		PruebaCrearCuenta_15 Redirect 3	1587658619390	1587658619434	OK	 
REQUEST	2		PruebaCrearCuenta_16	1587658619434	1587658619437	OK	 
REQUEST	2		PruebaCrearCuenta_17	1587658619438	1587658619441	OK	 
REQUEST	2		PruebaCrearCuenta_18	1587658619441	1587658619470	OK	 
REQUEST	7		PruebaCrearCuenta_6	1587658619929	1587658619934	OK	 
REQUEST	7		PruebaCrearCuenta_7	1587658619935	1587658620003	OK	 
REQUEST	7		PruebaCrearCuenta_7 Redirect 1	1587658620004	1587658620043	OK	 
REQUEST	7		PruebaCrearCuenta_8	1587658620044	1587658620048	OK	 
REQUEST	5		PruebaCrearCuenta_9	1587658620070	1587658620076	OK	 
REQUEST	5		PruebaCrearCuenta_10	1587658620076	1587658620080	OK	 
REQUEST	5		PruebaCrearCuenta_11	1587658620081	1587658620084	OK	 
USER	PruebaCrearCuenta	11	START	1587658620137	1587658620137
REQUEST	11		PruebaCrearCuenta_0	1587658620138	1587658620146	OK	 
REQUEST	4		PruebaCrearCuenta_12	1587658620128	1587658620148	OK	 
REQUEST	1		PruebaCrearCuenta_19	1587658620198	1587658620210	OK	 
USER	PruebaCrearCuenta	1	END	1587658608151	1587658620220
REQUEST	4		PruebaCrearCuenta_12 Redirect 1	1587658620148	1587658620236	OK	 
REQUEST	3		PruebaCrearCuenta_15	1587658620169	1587658620376	OK	 
REQUEST	4		PruebaCrearCuenta_13	1587658620236	1587658620381	OK	 
REQUEST	4		PruebaCrearCuenta_14	1587658620381	1587658620385	OK	 
REQUEST	3		PruebaCrearCuenta_15 Redirect 1	1587658620377	1587658620400	OK	 
REQUEST	2		PruebaCrearCuenta_19	1587658620469	1587658620472	OK	 
USER	PruebaCrearCuenta	2	END	1587658609149	1587658620473
REQUEST	3		PruebaCrearCuenta_15 Redirect 2	1587658620401	1587658620483	OK	 
REQUEST	3		PruebaCrearCuenta_15 Redirect 3	1587658620484	1587658620532	OK	 
REQUEST	3		PruebaCrearCuenta_16	1587658620533	1587658620536	OK	 
REQUEST	3		PruebaCrearCuenta_17	1587658620537	1587658620539	OK	 
REQUEST	3		PruebaCrearCuenta_18	1587658620540	1587658620566	OK	 
REQUEST	8		PruebaCrearCuenta_6	1587658620878	1587658620883	OK	 
REQUEST	11		PruebaCrearCuenta_1	1587658620147	1587658620932	OK	 
REQUEST	8		PruebaCrearCuenta_7	1587658620884	1587658620951	OK	 
REQUEST	11		PruebaCrearCuenta_2	1587658620933	1587658620952	OK	 
REQUEST	11		PruebaCrearCuenta_3	1587658620952	1587658620956	OK	 
REQUEST	11		PruebaCrearCuenta_4	1587658620957	1587658621016	OK	 
REQUEST	8		PruebaCrearCuenta_7 Redirect 1	1587658620951	1587658621043	OK	 
REQUEST	8		PruebaCrearCuenta_8	1587658621044	1587658621048	OK	 
REQUEST	11		PruebaCrearCuenta_5	1587658621017	1587658621077	OK	 
REQUEST	5		PruebaCrearCuenta_12	1587658621082	1587658621093	OK	 
REQUEST	5		PruebaCrearCuenta_12 Redirect 1	1587658621093	1587658621121	OK	 
REQUEST	5		PruebaCrearCuenta_13	1587658621121	1587658621141	OK	 
REQUEST	5		PruebaCrearCuenta_14	1587658621141	1587658621146	OK	 
USER	PruebaCrearCuenta	12	START	1587658621147	1587658621147
REQUEST	12		PruebaCrearCuenta_0	1587658621148	1587658621157	OK	 
REQUEST	4		PruebaCrearCuenta_15	1587658621388	1587658621536	OK	 
REQUEST	4		PruebaCrearCuenta_15 Redirect 1	1587658621537	1587658621553	OK	 
REQUEST	3		PruebaCrearCuenta_19	1587658621559	1587658621561	OK	 
USER	PruebaCrearCuenta	3	END	1587658610153	1587658621562
REQUEST	4		PruebaCrearCuenta_15 Redirect 2	1587658621553	1587658621649	OK	 
REQUEST	4		PruebaCrearCuenta_15 Redirect 3	1587658621650	1587658621694	OK	 
REQUEST	4		PruebaCrearCuenta_16	1587658621694	1587658621696	OK	 
REQUEST	4		PruebaCrearCuenta_17	1587658621697	1587658621701	OK	 
REQUEST	4		PruebaCrearCuenta_18	1587658621702	1587658621729	OK	 
REQUEST	12		PruebaCrearCuenta_1	1587658621158	1587658621924	OK	 
REQUEST	12		PruebaCrearCuenta_2	1587658621924	1587658621939	OK	 
REQUEST	12		PruebaCrearCuenta_3	1587658621940	1587658621944	OK	 
REQUEST	12		PruebaCrearCuenta_4	1587658621944	1587658621978	OK	 
REQUEST	9		PruebaCrearCuenta_6	1587658621971	1587658621981	OK	 
REQUEST	12		PruebaCrearCuenta_5	1587658621979	1587658622024	OK	 
REQUEST	9		PruebaCrearCuenta_7	1587658621982	1587658622055	OK	 
REQUEST	9		PruebaCrearCuenta_7 Redirect 1	1587658622055	1587658622100	OK	 
REQUEST	9		PruebaCrearCuenta_8	1587658622101	1587658622105	OK	 
USER	PruebaCrearCuenta	13	START	1587658622147	1587658622147
REQUEST	13		PruebaCrearCuenta_0	1587658622148	1587658622155	OK	 
REQUEST	6		PruebaCrearCuenta_9	1587658622158	1587658622216	OK	 
REQUEST	6		PruebaCrearCuenta_10	1587658622216	1587658622238	OK	 
REQUEST	6		PruebaCrearCuenta_11	1587658622238	1587658622258	OK	 
REQUEST	5		PruebaCrearCuenta_15	1587658622127	1587658622274	OK	 
REQUEST	5		PruebaCrearCuenta_15 Redirect 1	1587658622275	1587658622301	OK	 
REQUEST	5		PruebaCrearCuenta_15 Redirect 2	1587658622302	1587658622380	OK	 
REQUEST	5		PruebaCrearCuenta_15 Redirect 3	1587658622380	1587658622426	OK	 
REQUEST	5		PruebaCrearCuenta_16	1587658622426	1587658622428	OK	 
REQUEST	5		PruebaCrearCuenta_17	1587658622429	1587658622436	OK	 
REQUEST	5		PruebaCrearCuenta_18	1587658622436	1587658622468	OK	 
REQUEST	4		PruebaCrearCuenta_19	1587658622731	1587658622736	OK	 
USER	PruebaCrearCuenta	4	END	1587658611137	1587658622736
REQUEST	13		PruebaCrearCuenta_1	1587658622156	1587658622930	OK	 
REQUEST	13		PruebaCrearCuenta_2	1587658622930	1587658622945	OK	 
REQUEST	13		PruebaCrearCuenta_3	1587658622946	1587658622951	OK	 
REQUEST	13		PruebaCrearCuenta_4	1587658622951	1587658622978	OK	 
REQUEST	13		PruebaCrearCuenta_5	1587658622978	1587658622982	OK	 
REQUEST	7		PruebaCrearCuenta_9	1587658623048	1587658623052	OK	 
REQUEST	7		PruebaCrearCuenta_10	1587658623053	1587658623056	OK	 
REQUEST	7		PruebaCrearCuenta_11	1587658623056	1587658623059	OK	 
USER	PruebaCrearCuenta	14	START	1587658623147	1587658623147
REQUEST	14		PruebaCrearCuenta_0	1587658623148	1587658623156	OK	 
REQUEST	10		PruebaCrearCuenta_6	1587658623187	1587658623192	OK	 
REQUEST	10		PruebaCrearCuenta_7	1587658623192	1587658623258	OK	 
REQUEST	6		PruebaCrearCuenta_12	1587658623270	1587658623280	OK	 
REQUEST	6		PruebaCrearCuenta_12 Redirect 1	1587658623281	1587658623346	OK	 
REQUEST	10		PruebaCrearCuenta_7 Redirect 1	1587658623260	1587658623352	OK	 
REQUEST	6		PruebaCrearCuenta_13	1587658623346	1587658623357	OK	 
REQUEST	10		PruebaCrearCuenta_8	1587658623352	1587658623358	OK	 
REQUEST	6		PruebaCrearCuenta_14	1587658623357	1587658623360	OK	 
REQUEST	5		PruebaCrearCuenta_19	1587658623478	1587658623480	OK	 
USER	PruebaCrearCuenta	5	END	1587658612151	1587658623481
REQUEST	14		PruebaCrearCuenta_1	1587658623157	1587658623859	OK	 
REQUEST	14		PruebaCrearCuenta_2	1587658623859	1587658623873	OK	 
REQUEST	14		PruebaCrearCuenta_3	1587658623874	1587658623877	OK	 
REQUEST	14		PruebaCrearCuenta_4	1587658623877	1587658623903	OK	 
REQUEST	14		PruebaCrearCuenta_5	1587658623904	1587658623908	OK	 
REQUEST	8		PruebaCrearCuenta_9	1587658624039	1587658624043	OK	 
REQUEST	8		PruebaCrearCuenta_10	1587658624044	1587658624047	OK	 
REQUEST	8		PruebaCrearCuenta_11	1587658624048	1587658624051	OK	 
REQUEST	7		PruebaCrearCuenta_12	1587658624059	1587658624067	OK	 
REQUEST	7		PruebaCrearCuenta_12 Redirect 1	1587658624068	1587658624085	OK	 
REQUEST	7		PruebaCrearCuenta_13	1587658624085	1587658624091	OK	 
REQUEST	7		PruebaCrearCuenta_14	1587658624091	1587658624094	OK	 
USER	PruebaCrearCuenta	15	START	1587658624142	1587658624142
REQUEST	15		PruebaCrearCuenta_0	1587658624143	1587658624152	OK	 
REQUEST	6		PruebaCrearCuenta_15	1587658624360	1587658624537	OK	 
REQUEST	6		PruebaCrearCuenta_15 Redirect 1	1587658624537	1587658624573	OK	 
REQUEST	6		PruebaCrearCuenta_15 Redirect 2	1587658624573	1587658624661	OK	 
REQUEST	6		PruebaCrearCuenta_15 Redirect 3	1587658624661	1587658624704	OK	 
REQUEST	6		PruebaCrearCuenta_16	1587658624704	1587658624706	OK	 
REQUEST	6		PruebaCrearCuenta_17	1587658624707	1587658624713	OK	 
REQUEST	6		PruebaCrearCuenta_18	1587658624714	1587658624741	OK	 
REQUEST	15		PruebaCrearCuenta_1	1587658624153	1587658624870	OK	 
REQUEST	15		PruebaCrearCuenta_2	1587658624871	1587658624883	OK	 
REQUEST	15		PruebaCrearCuenta_3	1587658624884	1587658624886	OK	 
REQUEST	15		PruebaCrearCuenta_4	1587658624887	1587658624917	OK	 
REQUEST	15		PruebaCrearCuenta_5	1587658624917	1587658624967	OK	 
REQUEST	8		PruebaCrearCuenta_12	1587658625058	1587658625067	OK	 
REQUEST	8		PruebaCrearCuenta_12 Redirect 1	1587658625067	1587658625085	OK	 
REQUEST	8		PruebaCrearCuenta_13	1587658625086	1587658625091	OK	 
REQUEST	11		PruebaCrearCuenta_6	1587658625089	1587658625093	OK	 
REQUEST	8		PruebaCrearCuenta_14	1587658625092	1587658625095	OK	 
REQUEST	9		PruebaCrearCuenta_9	1587658625110	1587658625116	OK	 
REQUEST	9		PruebaCrearCuenta_10	1587658625116	1587658625119	OK	 
REQUEST	9		PruebaCrearCuenta_11	1587658625119	1587658625122	OK	 
REQUEST	7		PruebaCrearCuenta_15	1587658625099	1587658625223	OK	 
REQUEST	7		PruebaCrearCuenta_15 Redirect 1	1587658625224	1587658625250	OK	 
REQUEST	11		PruebaCrearCuenta_7	1587658625094	1587658625265	OK	 
REQUEST	11		PruebaCrearCuenta_7 Redirect 1	1587658625267	1587658625319	OK	 
REQUEST	11		PruebaCrearCuenta_8	1587658625319	1587658625323	OK	 
REQUEST	7		PruebaCrearCuenta_15 Redirect 2	1587658625251	1587658625330	OK	 
REQUEST	7		PruebaCrearCuenta_15 Redirect 3	1587658625330	1587658625376	OK	 
REQUEST	7		PruebaCrearCuenta_16	1587658625376	1587658625379	OK	 
REQUEST	7		PruebaCrearCuenta_17	1587658625379	1587658625382	OK	 
REQUEST	7		PruebaCrearCuenta_18	1587658625383	1587658625410	OK	 
REQUEST	6		PruebaCrearCuenta_19	1587658625727	1587658625730	OK	 
USER	PruebaCrearCuenta	6	END	1587658614148	1587658625732
REQUEST	12		PruebaCrearCuenta_6	1587658626041	1587658626045	OK	 
REQUEST	12		PruebaCrearCuenta_7	1587658626046	1587658626108	OK	 
USER	PruebaCrearCuenta	16	START	1587658626140	1587658626140
REQUEST	16		PruebaCrearCuenta_0	1587658626141	1587658626146	OK	 
REQUEST	8		PruebaCrearCuenta_15	1587658626089	1587658626234	OK	 
REQUEST	9		PruebaCrearCuenta_12	1587658626120	1587658626237	OK	 
REQUEST	9		PruebaCrearCuenta_12 Redirect 1	1587658626237	1587658626297	OK	 
REQUEST	8		PruebaCrearCuenta_15 Redirect 1	1587658626235	1587658626321	OK	 
REQUEST	9		PruebaCrearCuenta_13	1587658626298	1587658626357	OK	 
REQUEST	10		PruebaCrearCuenta_9	1587658626360	1587658626374	OK	 
REQUEST	12		PruebaCrearCuenta_7 Redirect 1	1587658626109	1587658626377	OK	 
REQUEST	9		PruebaCrearCuenta_14	1587658626358	1587658626380	OK	 
REQUEST	12		PruebaCrearCuenta_8	1587658626378	1587658626386	OK	 
REQUEST	10		PruebaCrearCuenta_10	1587658626375	1587658626387	OK	 
REQUEST	10		PruebaCrearCuenta_11	1587658626388	1587658626393	OK	 
REQUEST	7		PruebaCrearCuenta_19	1587658626413	1587658626416	OK	 
USER	PruebaCrearCuenta	7	END	1587658615142	1587658626417
REQUEST	8		PruebaCrearCuenta_15 Redirect 2	1587658626321	1587658626429	OK	 
REQUEST	8		PruebaCrearCuenta_15 Redirect 3	1587658626429	1587658626471	OK	 
REQUEST	8		PruebaCrearCuenta_16	1587658626472	1587658626474	OK	 
REQUEST	8		PruebaCrearCuenta_17	1587658626474	1587658626476	OK	 
REQUEST	8		PruebaCrearCuenta_18	1587658626477	1587658626508	OK	 
REQUEST	16		PruebaCrearCuenta_1	1587658626147	1587658626926	OK	 
REQUEST	16		PruebaCrearCuenta_2	1587658626927	1587658626980	OK	 
REQUEST	16		PruebaCrearCuenta_3	1587658626980	1587658626983	OK	 
REQUEST	16		PruebaCrearCuenta_4	1587658626984	1587658627011	OK	 
REQUEST	13		PruebaCrearCuenta_6	1587658627000	1587658627012	OK	 
REQUEST	16		PruebaCrearCuenta_5	1587658627011	1587658627056	OK	 
REQUEST	13		PruebaCrearCuenta_7	1587658627013	1587658627075	OK	 
REQUEST	13		PruebaCrearCuenta_7 Redirect 1	1587658627075	1587658627110	OK	 
REQUEST	13		PruebaCrearCuenta_8	1587658627110	1587658627113	OK	 
USER	PruebaCrearCuenta	17	START	1587658627141	1587658627141
REQUEST	17		PruebaCrearCuenta_0	1587658627142	1587658627147	OK	 
REQUEST	8		PruebaCrearCuenta_19	1587658627508	1587658627511	OK	 
USER	PruebaCrearCuenta	8	END	1587658616128	1587658627512
REQUEST	9		PruebaCrearCuenta_15	1587658627389	1587658627522	OK	 
REQUEST	10		PruebaCrearCuenta_12	1587658627389	1587658627528	OK	 
REQUEST	10		PruebaCrearCuenta_12 Redirect 1	1587658627528	1587658627627	OK	 
REQUEST	9		PruebaCrearCuenta_15 Redirect 1	1587658627523	1587658627636	OK	 
REQUEST	10		PruebaCrearCuenta_13	1587658627628	1587658627643	OK	 
REQUEST	10		PruebaCrearCuenta_14	1587658627644	1587658627661	OK	 
REQUEST	9		PruebaCrearCuenta_15 Redirect 2	1587658627636	1587658627728	OK	 
REQUEST	9		PruebaCrearCuenta_15 Redirect 3	1587658627728	1587658627772	OK	 
REQUEST	9		PruebaCrearCuenta_16	1587658627773	1587658627780	OK	 
REQUEST	9		PruebaCrearCuenta_17	1587658627780	1587658627792	OK	 
REQUEST	9		PruebaCrearCuenta_18	1587658627793	1587658627820	OK	 
REQUEST	17		PruebaCrearCuenta_1	1587658627147	1587658627915	OK	 
REQUEST	14		PruebaCrearCuenta_6	1587658627919	1587658627922	OK	 
REQUEST	17		PruebaCrearCuenta_2	1587658627915	1587658627929	OK	 
REQUEST	17		PruebaCrearCuenta_3	1587658627929	1587658627933	OK	 
REQUEST	17		PruebaCrearCuenta_4	1587658627934	1587658627961	OK	 
REQUEST	14		PruebaCrearCuenta_7	1587658627922	1587658627984	OK	 
REQUEST	17		PruebaCrearCuenta_5	1587658627961	1587658628007	OK	 
REQUEST	14		PruebaCrearCuenta_7 Redirect 1	1587658627984	1587658628015	OK	 
REQUEST	14		PruebaCrearCuenta_8	1587658628015	1587658628018	OK	 
USER	PruebaCrearCuenta	18	START	1587658628128	1587658628128
REQUEST	18		PruebaCrearCuenta_0	1587658628128	1587658628136	OK	 
REQUEST	11		PruebaCrearCuenta_9	1587658628331	1587658628337	OK	 
REQUEST	11		PruebaCrearCuenta_10	1587658628337	1587658628340	OK	 
REQUEST	11		PruebaCrearCuenta_11	1587658628340	1587658628343	OK	 
REQUEST	10		PruebaCrearCuenta_15	1587658628650	1587658628780	OK	 
REQUEST	10		PruebaCrearCuenta_15 Redirect 1	1587658628780	1587658628805	OK	 
REQUEST	9		PruebaCrearCuenta_19	1587658628810	1587658628828	OK	 
USER	PruebaCrearCuenta	9	END	1587658617147	1587658628829
REQUEST	18		PruebaCrearCuenta_1	1587658628136	1587658628860	OK	 
REQUEST	10		PruebaCrearCuenta_15 Redirect 2	1587658628806	1587658628870	OK	 
REQUEST	18		PruebaCrearCuenta_2	1587658628860	1587658628914	OK	 
REQUEST	10		PruebaCrearCuenta_15 Redirect 3	1587658628871	1587658628929	OK	 
REQUEST	18		PruebaCrearCuenta_3	1587658628914	1587658628944	OK	 
REQUEST	18		PruebaCrearCuenta_4	1587658628945	1587658629027	OK	 
REQUEST	10		PruebaCrearCuenta_16	1587658628929	1587658629028	OK	 
REQUEST	10		PruebaCrearCuenta_17	1587658629028	1587658629045	OK	 
REQUEST	15		PruebaCrearCuenta_6	1587658628982	1587658629046	OK	 
REQUEST	10		PruebaCrearCuenta_18	1587658629045	1587658629077	OK	 
REQUEST	18		PruebaCrearCuenta_5	1587658629027	1587658629088	OK	 
REQUEST	15		PruebaCrearCuenta_7	1587658629046	1587658629112	OK	 
USER	PruebaCrearCuenta	19	START	1587658629147	1587658629147
REQUEST	15		PruebaCrearCuenta_7 Redirect 1	1587658629112	1587658629181	OK	 
REQUEST	11		PruebaCrearCuenta_12	1587658629343	1587658629354	OK	 
REQUEST	11		PruebaCrearCuenta_12 Redirect 1	1587658629354	1587658629385	OK	 
REQUEST	11		PruebaCrearCuenta_13	1587658629386	1587658629403	OK	 
REQUEST	15		PruebaCrearCuenta_8	1587658629181	1587658629405	OK	 
REQUEST	11		PruebaCrearCuenta_14	1587658629404	1587658629407	OK	 
REQUEST	19		PruebaCrearCuenta_0	1587658629148	1587658629408	OK	 
REQUEST	12		PruebaCrearCuenta_9	1587658629390	1587658629436	OK	 
REQUEST	12		PruebaCrearCuenta_10	1587658629436	1587658629439	OK	 
REQUEST	12		PruebaCrearCuenta_11	1587658629439	1587658629443	OK	 
REQUEST	19		PruebaCrearCuenta_1	1587658629408	1587658630065	OK	 
REQUEST	19		PruebaCrearCuenta_2	1587658630066	1587658630081	OK	 
REQUEST	19		PruebaCrearCuenta_3	1587658630081	1587658630084	OK	 
REQUEST	19		PruebaCrearCuenta_4	1587658630084	1587658630112	OK	 
REQUEST	10		PruebaCrearCuenta_19	1587658630089	1587658630112	OK	 
USER	PruebaCrearCuenta	10	END	1587658618139	1587658630113
REQUEST	13		PruebaCrearCuenta_9	1587658630110	1587658630117	OK	 
REQUEST	13		PruebaCrearCuenta_10	1587658630117	1587658630120	OK	 
REQUEST	13		PruebaCrearCuenta_11	1587658630120	1587658630127	OK	 
USER	PruebaCrearCuenta	20	START	1587658630149	1587658630149
REQUEST	20		PruebaCrearCuenta_0	1587658630150	1587658630155	OK	 
REQUEST	19		PruebaCrearCuenta_5	1587658630112	1587658630159	OK	 
REQUEST	11		PruebaCrearCuenta_15	1587658630401	1587658630542	OK	 
REQUEST	12		PruebaCrearCuenta_12	1587658630434	1587658630555	OK	 
REQUEST	12		PruebaCrearCuenta_12 Redirect 1	1587658630556	1587658630576	OK	 
REQUEST	12		PruebaCrearCuenta_13	1587658630577	1587658630589	OK	 
REQUEST	11		PruebaCrearCuenta_15 Redirect 1	1587658630543	1587658630589	OK	 
REQUEST	12		PruebaCrearCuenta_14	1587658630590	1587658630595	OK	 
REQUEST	11		PruebaCrearCuenta_15 Redirect 2	1587658630590	1587658630664	OK	 
REQUEST	11		PruebaCrearCuenta_15 Redirect 3	1587658630664	1587658630708	OK	 
REQUEST	11		PruebaCrearCuenta_16	1587658630709	1587658630711	OK	 
REQUEST	11		PruebaCrearCuenta_17	1587658630711	1587658630715	OK	 
REQUEST	11		PruebaCrearCuenta_18	1587658630715	1587658630742	OK	 
REQUEST	20		PruebaCrearCuenta_1	1587658630155	1587658630884	OK	 
REQUEST	20		PruebaCrearCuenta_2	1587658630884	1587658630896	OK	 
REQUEST	20		PruebaCrearCuenta_3	1587658630897	1587658630902	OK	 
REQUEST	20		PruebaCrearCuenta_4	1587658630902	1587658630928	OK	 
REQUEST	20		PruebaCrearCuenta_5	1587658630928	1587658630932	OK	 
REQUEST	14		PruebaCrearCuenta_9	1587658631023	1587658631028	OK	 
REQUEST	14		PruebaCrearCuenta_10	1587658631029	1587658631033	OK	 
REQUEST	14		PruebaCrearCuenta_11	1587658631034	1587658631038	OK	 
REQUEST	16		PruebaCrearCuenta_6	1587658631059	1587658631063	OK	 
REQUEST	16		PruebaCrearCuenta_7	1587658631063	1587658631126	OK	 
REQUEST	13		PruebaCrearCuenta_12	1587658631134	1587658631141	OK	 
REQUEST	16		PruebaCrearCuenta_7 Redirect 1	1587658631127	1587658631176	OK	 
REQUEST	13		PruebaCrearCuenta_12 Redirect 1	1587658631141	1587658631176	OK	 
REQUEST	16		PruebaCrearCuenta_8	1587658631176	1587658631180	OK	 
REQUEST	13		PruebaCrearCuenta_13	1587658631176	1587658631184	OK	 
REQUEST	13		PruebaCrearCuenta_14	1587658631184	1587658631187	OK	 
REQUEST	12		PruebaCrearCuenta_15	1587658631602	1587658631714	OK	 
REQUEST	12		PruebaCrearCuenta_15 Redirect 1	1587658631715	1587658631731	OK	 
REQUEST	11		PruebaCrearCuenta_19	1587658631742	1587658631745	OK	 
USER	PruebaCrearCuenta	11	END	1587658620137	1587658631746
REQUEST	12		PruebaCrearCuenta_15 Redirect 2	1587658631733	1587658631800	OK	 
REQUEST	12		PruebaCrearCuenta_15 Redirect 3	1587658631801	1587658631845	OK	 
REQUEST	12		PruebaCrearCuenta_16	1587658631846	1587658631848	OK	 
REQUEST	12		PruebaCrearCuenta_17	1587658631849	1587658631851	OK	 
REQUEST	12		PruebaCrearCuenta_18	1587658631852	1587658631878	OK	 
REQUEST	17		PruebaCrearCuenta_6	1587658632022	1587658632026	OK	 
REQUEST	14		PruebaCrearCuenta_12	1587658632047	1587658632054	OK	 
REQUEST	14		PruebaCrearCuenta_12 Redirect 1	1587658632055	1587658632073	OK	 
REQUEST	14		PruebaCrearCuenta_13	1587658632074	1587658632086	OK	 
REQUEST	17		PruebaCrearCuenta_7	1587658632027	1587658632088	OK	 
REQUEST	14		PruebaCrearCuenta_14	1587658632086	1587658632089	OK	 
REQUEST	17		PruebaCrearCuenta_7 Redirect 1	1587658632088	1587658632135	OK	 
REQUEST	17		PruebaCrearCuenta_8	1587658632135	1587658632138	OK	 
USER	PruebaCrearCuenta	21	START	1587658632152	1587658632152
REQUEST	21		PruebaCrearCuenta_0	1587658632152	1587658632157	OK	 
REQUEST	13		PruebaCrearCuenta_15	1587658632178	1587658632316	OK	 
REQUEST	13		PruebaCrearCuenta_15 Redirect 1	1587658632316	1587658632339	OK	 
REQUEST	15		PruebaCrearCuenta_9	1587658632407	1587658632411	OK	 
REQUEST	15		PruebaCrearCuenta_10	1587658632412	1587658632415	OK	 
REQUEST	13		PruebaCrearCuenta_15 Redirect 2	1587658632340	1587658632415	OK	 
REQUEST	15		PruebaCrearCuenta_11	1587658632415	1587658632420	OK	 
REQUEST	13		PruebaCrearCuenta_15 Redirect 3	1587658632416	1587658632460	OK	 
REQUEST	13		PruebaCrearCuenta_16	1587658632460	1587658632463	OK	 
REQUEST	13		PruebaCrearCuenta_17	1587658632463	1587658632467	OK	 
REQUEST	13		PruebaCrearCuenta_18	1587658632468	1587658632497	OK	 
REQUEST	21		PruebaCrearCuenta_1	1587658632158	1587658632870	OK	 
REQUEST	12		PruebaCrearCuenta_19	1587658632870	1587658632873	OK	 
USER	PruebaCrearCuenta	12	END	1587658621147	1587658632874
REQUEST	21		PruebaCrearCuenta_2	1587658632870	1587658632888	OK	 
REQUEST	21		PruebaCrearCuenta_3	1587658632888	1587658632891	OK	 
REQUEST	21		PruebaCrearCuenta_4	1587658632891	1587658632917	OK	 
REQUEST	21		PruebaCrearCuenta_5	1587658632918	1587658632922	OK	 
REQUEST	18		PruebaCrearCuenta_6	1587658633098	1587658633103	OK	 
USER	PruebaCrearCuenta	22	START	1587658633140	1587658633140
REQUEST	22		PruebaCrearCuenta_0	1587658633140	1587658633146	OK	 
REQUEST	14		PruebaCrearCuenta_15	1587658633088	1587658633221	OK	 
REQUEST	14		PruebaCrearCuenta_15 Redirect 1	1587658633222	1587658633253	OK	 
REQUEST	18		PruebaCrearCuenta_7	1587658633103	1587658633277	OK	 
REQUEST	14		PruebaCrearCuenta_15 Redirect 2	1587658633253	1587658633337	OK	 
REQUEST	18		PruebaCrearCuenta_7 Redirect 1	1587658633277	1587658633344	OK	 
REQUEST	18		PruebaCrearCuenta_8	1587658633345	1587658633348	OK	 
REQUEST	14		PruebaCrearCuenta_15 Redirect 3	1587658633337	1587658633381	OK	 
REQUEST	14		PruebaCrearCuenta_16	1587658633381	1587658633383	OK	 
REQUEST	14		PruebaCrearCuenta_17	1587658633383	1587658633386	OK	 
REQUEST	14		PruebaCrearCuenta_18	1587658633386	1587658633413	OK	 
REQUEST	15		PruebaCrearCuenta_12	1587658633421	1587658633430	OK	 
REQUEST	15		PruebaCrearCuenta_12 Redirect 1	1587658633431	1587658633449	OK	 
REQUEST	15		PruebaCrearCuenta_13	1587658633449	1587658633453	OK	 
REQUEST	15		PruebaCrearCuenta_14	1587658633454	1587658633457	OK	 
REQUEST	13		PruebaCrearCuenta_19	1587658633499	1587658633504	OK	 
USER	PruebaCrearCuenta	13	END	1587658622147	1587658633505
REQUEST	22		PruebaCrearCuenta_1	1587658633147	1587658633915	OK	 
REQUEST	22		PruebaCrearCuenta_2	1587658633916	1587658633928	OK	 
REQUEST	22		PruebaCrearCuenta_3	1587658633929	1587658633934	OK	 
REQUEST	22		PruebaCrearCuenta_4	1587658633935	1587658633965	OK	 
REQUEST	22		PruebaCrearCuenta_5	1587658633966	1587658634013	OK	 
USER	PruebaCrearCuenta	23	START	1587658634148	1587658634148
REQUEST	23		PruebaCrearCuenta_0	1587658634149	1587658634158	OK	 
REQUEST	19		PruebaCrearCuenta_6	1587658634170	1587658634186	OK	 
REQUEST	16		PruebaCrearCuenta_9	1587658634191	1587658634205	OK	 
REQUEST	16		PruebaCrearCuenta_10	1587658634205	1587658634214	OK	 
REQUEST	16		PruebaCrearCuenta_11	1587658634215	1587658634217	OK	 
REQUEST	19		PruebaCrearCuenta_7	1587658634187	1587658634251	OK	 
REQUEST	19		PruebaCrearCuenta_7 Redirect 1	1587658634251	1587658634307	OK	 
REQUEST	19		PruebaCrearCuenta_8	1587658634307	1587658634310	OK	 
REQUEST	14		PruebaCrearCuenta_19	1587658634409	1587658634411	OK	 
USER	PruebaCrearCuenta	14	END	1587658623147	1587658634412
REQUEST	15		PruebaCrearCuenta_15	1587658634451	1587658634597	OK	 
REQUEST	15		PruebaCrearCuenta_15 Redirect 1	1587658634598	1587658634620	OK	 
REQUEST	15		PruebaCrearCuenta_15 Redirect 2	1587658634620	1587658634702	OK	 
REQUEST	15		PruebaCrearCuenta_15 Redirect 3	1587658634703	1587658634746	OK	 
REQUEST	15		PruebaCrearCuenta_16	1587658634747	1587658634749	OK	 
REQUEST	15		PruebaCrearCuenta_17	1587658634749	1587658634751	OK	 
REQUEST	15		PruebaCrearCuenta_18	1587658634752	1587658634779	OK	 
REQUEST	23		PruebaCrearCuenta_1	1587658634158	1587658634896	OK	 
REQUEST	23		PruebaCrearCuenta_2	1587658634897	1587658634909	OK	 
REQUEST	23		PruebaCrearCuenta_3	1587658634909	1587658634912	OK	 
REQUEST	23		PruebaCrearCuenta_4	1587658634912	1587658634940	OK	 
REQUEST	20		PruebaCrearCuenta_6	1587658634949	1587658634955	OK	 
REQUEST	23		PruebaCrearCuenta_5	1587658634940	1587658634985	OK	 
REQUEST	20		PruebaCrearCuenta_7	1587658634956	1587658635018	OK	 
REQUEST	20		PruebaCrearCuenta_7 Redirect 1	1587658635018	1587658635056	OK	 
REQUEST	20		PruebaCrearCuenta_8	1587658635056	1587658635059	OK	 
REQUEST	17		PruebaCrearCuenta_9	1587658635143	1587658635147	OK	 
USER	PruebaCrearCuenta	24	START	1587658635147	1587658635147
REQUEST	17		PruebaCrearCuenta_10	1587658635148	1587658635151	OK	 
REQUEST	24		PruebaCrearCuenta_0	1587658635148	1587658635153	OK	 
REQUEST	17		PruebaCrearCuenta_11	1587658635152	1587658635155	OK	 
REQUEST	16		PruebaCrearCuenta_12	1587658635222	1587658635232	OK	 
REQUEST	16		PruebaCrearCuenta_12 Redirect 1	1587658635233	1587658635259	OK	 
REQUEST	16		PruebaCrearCuenta_13	1587658635260	1587658635266	OK	 
REQUEST	16		PruebaCrearCuenta_14	1587658635267	1587658635272	OK	 
REQUEST	15		PruebaCrearCuenta_19	1587658635783	1587658635785	OK	 
USER	PruebaCrearCuenta	15	END	1587658624142	1587658635786
REQUEST	24		PruebaCrearCuenta_1	1587658635153	1587658635834	OK	 
REQUEST	24		PruebaCrearCuenta_2	1587658635835	1587658635847	OK	 
REQUEST	24		PruebaCrearCuenta_3	1587658635847	1587658635850	OK	 
REQUEST	24		PruebaCrearCuenta_4	1587658635850	1587658635876	OK	 
REQUEST	24		PruebaCrearCuenta_5	1587658635877	1587658635921	OK	 
USER	PruebaCrearCuenta	25	START	1587658636149	1587658636149
REQUEST	25		PruebaCrearCuenta_0	1587658636149	1587658636154	OK	 
REQUEST	17		PruebaCrearCuenta_12	1587658636149	1587658636159	OK	 
REQUEST	17		PruebaCrearCuenta_12 Redirect 1	1587658636159	1587658636182	OK	 
REQUEST	17		PruebaCrearCuenta_13	1587658636182	1587658636188	OK	 
REQUEST	17		PruebaCrearCuenta_14	1587658636188	1587658636191	OK	 
REQUEST	18		PruebaCrearCuenta_9	1587658636347	1587658636359	OK	 
REQUEST	18		PruebaCrearCuenta_10	1587658636360	1587658636377	OK	 
REQUEST	18		PruebaCrearCuenta_11	1587658636378	1587658636381	OK	 
REQUEST	16		PruebaCrearCuenta_15	1587658636268	1587658636411	OK	 
REQUEST	16		PruebaCrearCuenta_15 Redirect 1	1587658636411	1587658636443	OK	 
REQUEST	16		PruebaCrearCuenta_15 Redirect 2	1587658636443	1587658636529	OK	 
REQUEST	16		PruebaCrearCuenta_15 Redirect 3	1587658636529	1587658636574	OK	 
REQUEST	16		PruebaCrearCuenta_16	1587658636574	1587658636576	OK	 
REQUEST	16		PruebaCrearCuenta_17	1587658636577	1587658636579	OK	 
REQUEST	16		PruebaCrearCuenta_18	1587658636580	1587658636611	OK	 
REQUEST	25		PruebaCrearCuenta_1	1587658636155	1587658636899	OK	 
REQUEST	25		PruebaCrearCuenta_2	1587658636900	1587658636912	OK	 
REQUEST	25		PruebaCrearCuenta_3	1587658636912	1587658636915	OK	 
REQUEST	25		PruebaCrearCuenta_4	1587658636915	1587658636942	OK	 
REQUEST	21		PruebaCrearCuenta_6	1587658636929	1587658636943	OK	 
REQUEST	25		PruebaCrearCuenta_5	1587658636942	1587658636987	OK	 
REQUEST	21		PruebaCrearCuenta_7	1587658636943	1587658637013	OK	 
REQUEST	21		PruebaCrearCuenta_7 Redirect 1	1587658637013	1587658637048	OK	 
REQUEST	21		PruebaCrearCuenta_8	1587658637048	1587658637051	OK	 
REQUEST	19		PruebaCrearCuenta_9	1587658637307	1587658637312	OK	 
REQUEST	19		PruebaCrearCuenta_10	1587658637312	1587658637315	OK	 
REQUEST	17		PruebaCrearCuenta_15	1587658637199	1587658637317	OK	 
REQUEST	19		PruebaCrearCuenta_11	1587658637316	1587658637319	OK	 
REQUEST	17		PruebaCrearCuenta_15 Redirect 1	1587658637317	1587658637335	OK	 
REQUEST	17		PruebaCrearCuenta_15 Redirect 2	1587658637335	1587658637395	OK	 
REQUEST	18		PruebaCrearCuenta_12	1587658637392	1587658637403	OK	 
REQUEST	18		PruebaCrearCuenta_12 Redirect 1	1587658637404	1587658637419	OK	 
REQUEST	18		PruebaCrearCuenta_13	1587658637419	1587658637424	OK	 
REQUEST	18		PruebaCrearCuenta_14	1587658637425	1587658637427	OK	 
REQUEST	17		PruebaCrearCuenta_15 Redirect 3	1587658637395	1587658637441	OK	 
REQUEST	17		PruebaCrearCuenta_16	1587658637441	1587658637448	OK	 
REQUEST	17		PruebaCrearCuenta_17	1587658637448	1587658637450	OK	 
REQUEST	17		PruebaCrearCuenta_18	1587658637451	1587658637477	OK	 
REQUEST	16		PruebaCrearCuenta_19	1587658637612	1587658637614	OK	 
USER	PruebaCrearCuenta	16	END	1587658626140	1587658637615
REQUEST	22		PruebaCrearCuenta_6	1587658638029	1587658638033	OK	 
REQUEST	20		PruebaCrearCuenta_9	1587658638072	1587658638076	OK	 
REQUEST	20		PruebaCrearCuenta_10	1587658638077	1587658638079	OK	 
REQUEST	20		PruebaCrearCuenta_11	1587658638079	1587658638082	OK	 
REQUEST	22		PruebaCrearCuenta_7	1587658638034	1587658638094	OK	 
REQUEST	22		PruebaCrearCuenta_7 Redirect 1	1587658638094	1587658638130	OK	 
REQUEST	22		PruebaCrearCuenta_8	1587658638132	1587658638138	OK	 
USER	PruebaCrearCuenta	26	START	1587658638138	1587658638138
REQUEST	26		PruebaCrearCuenta_0	1587658638138	1587658638143	OK	 
REQUEST	19		PruebaCrearCuenta_12	1587658638344	1587658638352	OK	 
REQUEST	19		PruebaCrearCuenta_12 Redirect 1	1587658638353	1587658638372	OK	 
REQUEST	19		PruebaCrearCuenta_13	1587658638373	1587658638379	OK	 
REQUEST	19		PruebaCrearCuenta_14	1587658638380	1587658638384	OK	 
REQUEST	17		PruebaCrearCuenta_19	1587658638469	1587658638472	OK	 
USER	PruebaCrearCuenta	17	END	1587658627141	1587658638472
REQUEST	18		PruebaCrearCuenta_15	1587658638423	1587658638555	OK	 
REQUEST	18		PruebaCrearCuenta_15 Redirect 1	1587658638556	1587658638579	OK	 
REQUEST	18		PruebaCrearCuenta_15 Redirect 2	1587658638580	1587658638650	OK	 
REQUEST	18		PruebaCrearCuenta_15 Redirect 3	1587658638651	1587658638694	OK	 
REQUEST	18		PruebaCrearCuenta_16	1587658638694	1587658638696	OK	 
REQUEST	18		PruebaCrearCuenta_17	1587658638696	1587658638700	OK	 
REQUEST	18		PruebaCrearCuenta_18	1587658638701	1587658638729	OK	 
REQUEST	26		PruebaCrearCuenta_1	1587658638144	1587658638873	OK	 
REQUEST	26		PruebaCrearCuenta_2	1587658638873	1587658638888	OK	 
REQUEST	26		PruebaCrearCuenta_3	1587658638888	1587658638890	OK	 
REQUEST	26		PruebaCrearCuenta_4	1587658638891	1587658638917	OK	 
REQUEST	26		PruebaCrearCuenta_5	1587658638917	1587658638962	OK	 
REQUEST	23		PruebaCrearCuenta_6	1587658638999	1587658639003	OK	 
REQUEST	23		PruebaCrearCuenta_7	1587658639004	1587658639064	OK	 
REQUEST	20		PruebaCrearCuenta_12	1587658639057	1587658639069	OK	 
REQUEST	20		PruebaCrearCuenta_12 Redirect 1	1587658639070	1587658639086	OK	 
REQUEST	20		PruebaCrearCuenta_13	1587658639086	1587658639095	OK	 
REQUEST	20		PruebaCrearCuenta_14	1587658639096	1587658639103	OK	 
REQUEST	23		PruebaCrearCuenta_7 Redirect 1	1587658639064	1587658639114	OK	 
REQUEST	23		PruebaCrearCuenta_8	1587658639115	1587658639118	OK	 
USER	PruebaCrearCuenta	27	START	1587658639147	1587658639147
REQUEST	27		PruebaCrearCuenta_0	1587658639148	1587658639153	OK	 
REQUEST	19		PruebaCrearCuenta_15	1587658639371	1587658639509	OK	 
REQUEST	19		PruebaCrearCuenta_15 Redirect 1	1587658639510	1587658639547	OK	 
REQUEST	19		PruebaCrearCuenta_15 Redirect 2	1587658639548	1587658639615	OK	 
REQUEST	19		PruebaCrearCuenta_15 Redirect 3	1587658639615	1587658639658	OK	 
REQUEST	19		PruebaCrearCuenta_16	1587658639659	1587658639661	OK	 
REQUEST	19		PruebaCrearCuenta_17	1587658639661	1587658639665	OK	 
REQUEST	19		PruebaCrearCuenta_18	1587658639666	1587658639693	OK	 
REQUEST	18		PruebaCrearCuenta_19	1587658639718	1587658639720	OK	 
USER	PruebaCrearCuenta	18	END	1587658628128	1587658639721
REQUEST	27		PruebaCrearCuenta_1	1587658639153	1587658639882	OK	 
REQUEST	27		PruebaCrearCuenta_2	1587658639882	1587658639893	OK	 
REQUEST	27		PruebaCrearCuenta_3	1587658639894	1587658639896	OK	 
REQUEST	27		PruebaCrearCuenta_4	1587658639897	1587658639924	OK	 
REQUEST	24		PruebaCrearCuenta_6	1587658639933	1587658639941	OK	 
REQUEST	27		PruebaCrearCuenta_5	1587658639924	1587658639970	OK	 
REQUEST	24		PruebaCrearCuenta_7	1587658639941	1587658640001	OK	 
REQUEST	24		PruebaCrearCuenta_7 Redirect 1	1587658640001	1587658640044	OK	 
REQUEST	24		PruebaCrearCuenta_8	1587658640044	1587658640047	OK	 
REQUEST	21		PruebaCrearCuenta_9	1587658640067	1587658640073	OK	 
REQUEST	21		PruebaCrearCuenta_10	1587658640073	1587658640076	OK	 
REQUEST	21		PruebaCrearCuenta_11	1587658640076	1587658640079	OK	 
USER	PruebaCrearCuenta	28	START	1587658640140	1587658640140
REQUEST	28		PruebaCrearCuenta_0	1587658640141	1587658640146	OK	 
REQUEST	20		PruebaCrearCuenta_15	1587658640119	1587658640242	OK	 
REQUEST	20		PruebaCrearCuenta_15 Redirect 1	1587658640242	1587658640261	OK	 
REQUEST	20		PruebaCrearCuenta_15 Redirect 2	1587658640261	1587658640330	OK	 
REQUEST	20		PruebaCrearCuenta_15 Redirect 3	1587658640330	1587658640374	OK	 
REQUEST	20		PruebaCrearCuenta_16	1587658640374	1587658640377	OK	 
REQUEST	20		PruebaCrearCuenta_17	1587658640378	1587658640380	OK	 
REQUEST	20		PruebaCrearCuenta_18	1587658640380	1587658640407	OK	 
REQUEST	19		PruebaCrearCuenta_19	1587658640678	1587658640680	OK	 
USER	PruebaCrearCuenta	19	END	1587658629147	1587658640681
REQUEST	28		PruebaCrearCuenta_1	1587658640146	1587658640836	OK	 
REQUEST	28		PruebaCrearCuenta_2	1587658640836	1587658640888	OK	 
REQUEST	28		PruebaCrearCuenta_3	1587658640888	1587658640891	OK	 
REQUEST	28		PruebaCrearCuenta_4	1587658640891	1587658640917	OK	 
REQUEST	28		PruebaCrearCuenta_5	1587658640917	1587658640962	OK	 
REQUEST	25		PruebaCrearCuenta_6	1587658640998	1587658641006	OK	 
REQUEST	25		PruebaCrearCuenta_7	1587658641006	1587658641067	OK	 
REQUEST	21		PruebaCrearCuenta_12	1587658641083	1587658641110	OK	 
REQUEST	25		PruebaCrearCuenta_7 Redirect 1	1587658641067	1587658641117	OK	 
REQUEST	25		PruebaCrearCuenta_8	1587658641118	1587658641121	OK	 
REQUEST	21		PruebaCrearCuenta_12 Redirect 1	1587658641110	1587658641139	OK	 
USER	PruebaCrearCuenta	29	START	1587658641141	1587658641141
REQUEST	22		PruebaCrearCuenta_9	1587658641142	1587658641148	OK	 
REQUEST	29		PruebaCrearCuenta_0	1587658641142	1587658641148	OK	 
REQUEST	21		PruebaCrearCuenta_13	1587658641139	1587658641150	OK	 
REQUEST	21		PruebaCrearCuenta_14	1587658641150	1587658641161	OK	 
REQUEST	22		PruebaCrearCuenta_10	1587658641149	1587658641181	OK	 
REQUEST	22		PruebaCrearCuenta_11	1587658641182	1587658641184	OK	 
REQUEST	20		PruebaCrearCuenta_19	1587658641400	1587658641403	OK	 
USER	PruebaCrearCuenta	20	END	1587658630149	1587658641404
REQUEST	29		PruebaCrearCuenta_1	1587658641149	1587658641814	OK	 
REQUEST	29		PruebaCrearCuenta_2	1587658641814	1587658641825	OK	 
REQUEST	29		PruebaCrearCuenta_3	1587658641826	1587658641828	OK	 
REQUEST	29		PruebaCrearCuenta_4	1587658641829	1587658641855	OK	 
REQUEST	29		PruebaCrearCuenta_5	1587658641855	1587658641900	OK	 
REQUEST	23		PruebaCrearCuenta_9	1587658642122	1587658642126	OK	 
REQUEST	23		PruebaCrearCuenta_10	1587658642126	1587658642129	OK	 
REQUEST	23		PruebaCrearCuenta_11	1587658642129	1587658642133	OK	 
USER	PruebaCrearCuenta	30	START	1587658642142	1587658642142
REQUEST	30		PruebaCrearCuenta_0	1587658642143	1587658642153	OK	 
REQUEST	21		PruebaCrearCuenta_15	1587658642147	1587658642286	OK	 
REQUEST	22		PruebaCrearCuenta_12	1587658642178	1587658642293	OK	 
REQUEST	22		PruebaCrearCuenta_12 Redirect 1	1587658642293	1587658642319	OK	 
REQUEST	21		PruebaCrearCuenta_15 Redirect 1	1587658642287	1587658642324	OK	 
REQUEST	22		PruebaCrearCuenta_13	1587658642320	1587658642331	OK	 
REQUEST	22		PruebaCrearCuenta_14	1587658642332	1587658642337	OK	 
REQUEST	21		PruebaCrearCuenta_15 Redirect 2	1587658642324	1587658642418	OK	 
REQUEST	21		PruebaCrearCuenta_15 Redirect 3	1587658642418	1587658642461	OK	 
REQUEST	21		PruebaCrearCuenta_16	1587658642461	1587658642463	OK	 
REQUEST	21		PruebaCrearCuenta_17	1587658642463	1587658642467	OK	 
REQUEST	21		PruebaCrearCuenta_18	1587658642468	1587658642497	OK	 
REQUEST	30		PruebaCrearCuenta_1	1587658642153	1587658642862	OK	 
REQUEST	30		PruebaCrearCuenta_2	1587658642863	1587658642884	OK	 
REQUEST	30		PruebaCrearCuenta_3	1587658642884	1587658642887	OK	 
REQUEST	30		PruebaCrearCuenta_4	1587658642887	1587658642917	OK	 
REQUEST	30		PruebaCrearCuenta_5	1587658642918	1587658642962	OK	 
REQUEST	26		PruebaCrearCuenta_6	1587658642982	1587658642986	OK	 
REQUEST	26		PruebaCrearCuenta_7	1587658642986	1587658643049	OK	 
REQUEST	24		PruebaCrearCuenta_9	1587658643049	1587658643053	OK	 
REQUEST	24		PruebaCrearCuenta_10	1587658643053	1587658643056	OK	 
REQUEST	24		PruebaCrearCuenta_11	1587658643057	1587658643059	OK	 
REQUEST	26		PruebaCrearCuenta_7 Redirect 1	1587658643049	1587658643083	OK	 
REQUEST	26		PruebaCrearCuenta_8	1587658643084	1587658643087	OK	 
REQUEST	23		PruebaCrearCuenta_12	1587658643137	1587658643145	OK	 
REQUEST	23		PruebaCrearCuenta_12 Redirect 1	1587658643146	1587658643159	OK	 
REQUEST	23		PruebaCrearCuenta_13	1587658643160	1587658643166	OK	 
REQUEST	23		PruebaCrearCuenta_14	1587658643167	1587658643172	OK	 
REQUEST	22		PruebaCrearCuenta_15	1587658643341	1587658643449	OK	 
REQUEST	22		PruebaCrearCuenta_15 Redirect 1	1587658643450	1587658643469	OK	 
REQUEST	21		PruebaCrearCuenta_19	1587658643498	1587658643502	OK	 
USER	PruebaCrearCuenta	21	END	1587658632152	1587658643504
REQUEST	22		PruebaCrearCuenta_15 Redirect 2	1587658643470	1587658643535	OK	 
REQUEST	22		PruebaCrearCuenta_15 Redirect 3	1587658643536	1587658643584	OK	 
REQUEST	22		PruebaCrearCuenta_16	1587658643585	1587658643587	OK	 
REQUEST	22		PruebaCrearCuenta_17	1587658643587	1587658643589	OK	 
REQUEST	22		PruebaCrearCuenta_18	1587658643589	1587658643616	OK	 
REQUEST	27		PruebaCrearCuenta_6	1587658643989	1587658643992	OK	 
REQUEST	27		PruebaCrearCuenta_7	1587658643992	1587658644053	OK	 
REQUEST	24		PruebaCrearCuenta_12	1587658644073	1587658644093	OK	 
REQUEST	27		PruebaCrearCuenta_7 Redirect 1	1587658644053	1587658644097	OK	 
REQUEST	27		PruebaCrearCuenta_8	1587658644097	1587658644103	OK	 
REQUEST	24		PruebaCrearCuenta_12 Redirect 1	1587658644094	1587658644114	OK	 
REQUEST	24		PruebaCrearCuenta_13	1587658644115	1587658644120	OK	 
REQUEST	24		PruebaCrearCuenta_14	1587658644121	1587658644124	OK	 
REQUEST	25		PruebaCrearCuenta_9	1587658644127	1587658644133	OK	 
REQUEST	25		PruebaCrearCuenta_10	1587658644133	1587658644137	OK	 
REQUEST	25		PruebaCrearCuenta_11	1587658644137	1587658644139	OK	 
USER	PruebaCrearCuenta	31	START	1587658644149	1587658644149
REQUEST	31		PruebaCrearCuenta_0	1587658644149	1587658644154	OK	 
REQUEST	23		PruebaCrearCuenta_15	1587658644171	1587658644307	OK	 
REQUEST	23		PruebaCrearCuenta_15 Redirect 1	1587658644307	1587658644328	OK	 
REQUEST	23		PruebaCrearCuenta_15 Redirect 2	1587658644329	1587658644414	OK	 
REQUEST	23		PruebaCrearCuenta_15 Redirect 3	1587658644414	1587658644458	OK	 
REQUEST	23		PruebaCrearCuenta_16	1587658644458	1587658644462	OK	 
REQUEST	23		PruebaCrearCuenta_17	1587658644463	1587658644467	OK	 
REQUEST	23		PruebaCrearCuenta_18	1587658644468	1587658644495	OK	 
REQUEST	22		PruebaCrearCuenta_19	1587658644607	1587658644609	OK	 
USER	PruebaCrearCuenta	22	END	1587658633140	1587658644610
REQUEST	31		PruebaCrearCuenta_1	1587658644155	1587658644854	OK	 
REQUEST	31		PruebaCrearCuenta_2	1587658644854	1587658644872	OK	 
REQUEST	31		PruebaCrearCuenta_3	1587658644873	1587658644876	OK	 
REQUEST	31		PruebaCrearCuenta_4	1587658644876	1587658644902	OK	 
REQUEST	31		PruebaCrearCuenta_5	1587658644903	1587658644906	OK	 
REQUEST	28		PruebaCrearCuenta_6	1587658644978	1587658644981	OK	 
REQUEST	28		PruebaCrearCuenta_7	1587658644981	1587658645044	OK	 
REQUEST	28		PruebaCrearCuenta_7 Redirect 1	1587658645044	1587658645082	OK	 
REQUEST	28		PruebaCrearCuenta_8	1587658645083	1587658645088	OK	 
USER	PruebaCrearCuenta	32	START	1587658645150	1587658645150
REQUEST	32		PruebaCrearCuenta_0	1587658645151	1587658645156	OK	 
REQUEST	24		PruebaCrearCuenta_15	1587658645099	1587658645221	OK	 
REQUEST	25		PruebaCrearCuenta_12	1587658645151	1587658645230	OK	 
REQUEST	25		PruebaCrearCuenta_12 Redirect 1	1587658645230	1587658645258	OK	 
REQUEST	24		PruebaCrearCuenta_15 Redirect 1	1587658645221	1587658645261	OK	 
REQUEST	25		PruebaCrearCuenta_13	1587658645258	1587658645266	OK	 
REQUEST	25		PruebaCrearCuenta_14	1587658645266	1587658645278	OK	 
REQUEST	24		PruebaCrearCuenta_15 Redirect 2	1587658645261	1587658645342	OK	 
REQUEST	24		PruebaCrearCuenta_15 Redirect 3	1587658645343	1587658645387	OK	 
REQUEST	24		PruebaCrearCuenta_16	1587658645387	1587658645389	OK	 
REQUEST	24		PruebaCrearCuenta_17	1587658645390	1587658645392	OK	 
REQUEST	24		PruebaCrearCuenta_18	1587658645392	1587658645419	OK	 
REQUEST	23		PruebaCrearCuenta_19	1587658645491	1587658645493	OK	 
USER	PruebaCrearCuenta	23	END	1587658634148	1587658645494
REQUEST	32		PruebaCrearCuenta_1	1587658645156	1587658645905	OK	 
REQUEST	32		PruebaCrearCuenta_2	1587658645905	1587658645916	OK	 
REQUEST	32		PruebaCrearCuenta_3	1587658645917	1587658645919	OK	 
REQUEST	32		PruebaCrearCuenta_4	1587658645919	1587658645954	OK	 
REQUEST	29		PruebaCrearCuenta_6	1587658645922	1587658645956	OK	 
REQUEST	32		PruebaCrearCuenta_5	1587658645954	1587658646013	OK	 
REQUEST	29		PruebaCrearCuenta_7	1587658645956	1587658646020	OK	 
REQUEST	29		PruebaCrearCuenta_7 Redirect 1	1587658646020	1587658646057	OK	 
REQUEST	29		PruebaCrearCuenta_8	1587658646058	1587658646062	OK	 
REQUEST	26		PruebaCrearCuenta_9	1587658646080	1587658646084	OK	 
REQUEST	26		PruebaCrearCuenta_10	1587658646084	1587658646087	OK	 
REQUEST	26		PruebaCrearCuenta_11	1587658646087	1587658646089	OK	 
USER	PruebaCrearCuenta	33	START	1587658646142	1587658646142
REQUEST	33		PruebaCrearCuenta_0	1587658646142	1587658646147	OK	 
REQUEST	25		PruebaCrearCuenta_15	1587658646271	1587658646414	OK	 
REQUEST	24		PruebaCrearCuenta_19	1587658646427	1587658646430	OK	 
USER	PruebaCrearCuenta	24	END	1587658635147	1587658646431
REQUEST	25		PruebaCrearCuenta_15 Redirect 1	1587658646415	1587658646436	OK	 
REQUEST	25		PruebaCrearCuenta_15 Redirect 2	1587658646436	1587658646505	OK	 
REQUEST	25		PruebaCrearCuenta_15 Redirect 3	1587658646505	1587658646549	OK	 
REQUEST	25		PruebaCrearCuenta_16	1587658646550	1587658646552	OK	 
REQUEST	25		PruebaCrearCuenta_17	1587658646552	1587658646556	OK	 
REQUEST	25		PruebaCrearCuenta_18	1587658646556	1587658646584	OK	 
REQUEST	33		PruebaCrearCuenta_1	1587658646147	1587658646846	OK	 
REQUEST	33		PruebaCrearCuenta_2	1587658646847	1587658646857	OK	 
REQUEST	33		PruebaCrearCuenta_3	1587658646858	1587658646860	OK	 
REQUEST	33		PruebaCrearCuenta_4	1587658646860	1587658646886	OK	 
REQUEST	33		PruebaCrearCuenta_5	1587658646887	1587658646931	OK	 
REQUEST	30		PruebaCrearCuenta_6	1587658646977	1587658646984	OK	 
REQUEST	30		PruebaCrearCuenta_7	1587658646984	1587658647046	OK	 
REQUEST	30		PruebaCrearCuenta_7 Redirect 1	1587658647046	1587658647081	OK	 
REQUEST	30		PruebaCrearCuenta_8	1587658647082	1587658647085	OK	 
REQUEST	27		PruebaCrearCuenta_9	1587658647092	1587658647097	OK	 
REQUEST	27		PruebaCrearCuenta_10	1587658647097	1587658647106	OK	 
REQUEST	27		PruebaCrearCuenta_11	1587658647107	1587658647111	OK	 
REQUEST	26		PruebaCrearCuenta_12	1587658647103	1587658647112	OK	 
REQUEST	26		PruebaCrearCuenta_12 Redirect 1	1587658647112	1587658647126	OK	 
USER	PruebaCrearCuenta	34	START	1587658647128	1587658647128
REQUEST	34		PruebaCrearCuenta_0	1587658647129	1587658647137	OK	 
REQUEST	26		PruebaCrearCuenta_13	1587658647127	1587658647137	OK	 
REQUEST	26		PruebaCrearCuenta_14	1587658647137	1587658647141	OK	 
REQUEST	25		PruebaCrearCuenta_19	1587658647578	1587658647580	OK	 
USER	PruebaCrearCuenta	25	END	1587658636149	1587658647581
REQUEST	34		PruebaCrearCuenta_1	1587658647137	1587658647779	OK	 
REQUEST	34		PruebaCrearCuenta_2	1587658647780	1587658647792	OK	 
REQUEST	34		PruebaCrearCuenta_3	1587658647792	1587658647794	OK	 
REQUEST	34		PruebaCrearCuenta_4	1587658647795	1587658647821	OK	 
REQUEST	34		PruebaCrearCuenta_5	1587658647821	1587658647866	OK	 
REQUEST	28		PruebaCrearCuenta_9	1587658648102	1587658648106	OK	 
REQUEST	28		PruebaCrearCuenta_10	1587658648106	1587658648109	OK	 
REQUEST	28		PruebaCrearCuenta_11	1587658648109	1587658648117	OK	 
REQUEST	27		PruebaCrearCuenta_12	1587658648117	1587658648125	OK	 
USER	PruebaCrearCuenta	35	START	1587658648147	1587658648147
REQUEST	27		PruebaCrearCuenta_12 Redirect 1	1587658648125	1587658648149	OK	 
REQUEST	35		PruebaCrearCuenta_0	1587658648148	1587658648153	OK	 
REQUEST	26		PruebaCrearCuenta_15	1587658648138	1587658648276	OK	 
REQUEST	27		PruebaCrearCuenta_13	1587658648149	1587658648281	OK	 
REQUEST	27		PruebaCrearCuenta_14	1587658648282	1587658648285	OK	 
REQUEST	26		PruebaCrearCuenta_15 Redirect 1	1587658648277	1587658648295	OK	 
REQUEST	26		PruebaCrearCuenta_15 Redirect 2	1587658648296	1587658648366	OK	 
REQUEST	26		PruebaCrearCuenta_15 Redirect 3	1587658648367	1587658648411	OK	 
REQUEST	26		PruebaCrearCuenta_16	1587658648411	1587658648412	OK	 
REQUEST	26		PruebaCrearCuenta_17	1587658648413	1587658648415	OK	 
REQUEST	26		PruebaCrearCuenta_18	1587658648415	1587658648441	OK	 
REQUEST	35		PruebaCrearCuenta_1	1587658648154	1587658648861	OK	 
REQUEST	35		PruebaCrearCuenta_2	1587658648862	1587658648875	OK	 
REQUEST	35		PruebaCrearCuenta_3	1587658648875	1587658648877	OK	 
REQUEST	35		PruebaCrearCuenta_4	1587658648878	1587658648904	OK	 
REQUEST	31		PruebaCrearCuenta_6	1587658648920	1587658648923	OK	 
REQUEST	35		PruebaCrearCuenta_5	1587658648904	1587658648949	OK	 
REQUEST	31		PruebaCrearCuenta_7	1587658648924	1587658648986	OK	 
REQUEST	31		PruebaCrearCuenta_7 Redirect 1	1587658648986	1587658649015	OK	 
REQUEST	31		PruebaCrearCuenta_8	1587658649016	1587658649019	OK	 
REQUEST	29		PruebaCrearCuenta_9	1587658649057	1587658649061	OK	 
REQUEST	29		PruebaCrearCuenta_10	1587658649062	1587658649065	OK	 
REQUEST	29		PruebaCrearCuenta_11	1587658649066	1587658649070	OK	 
REQUEST	28		PruebaCrearCuenta_12	1587658649098	1587658649107	OK	 
REQUEST	28		PruebaCrearCuenta_12 Redirect 1	1587658649107	1587658649120	OK	 
REQUEST	28		PruebaCrearCuenta_13	1587658649121	1587658649167	OK	 
REQUEST	28		PruebaCrearCuenta_14	1587658649167	1587658649172	OK	 
REQUEST	27		PruebaCrearCuenta_15	1587658649292	1587658649402	OK	 
REQUEST	27		PruebaCrearCuenta_15 Redirect 1	1587658649403	1587658649420	OK	 
REQUEST	26		PruebaCrearCuenta_19	1587658649443	1587658649450	OK	 
USER	PruebaCrearCuenta	26	END	1587658638138	1587658649451
REQUEST	27		PruebaCrearCuenta_15 Redirect 2	1587658649421	1587658649492	OK	 
REQUEST	27		PruebaCrearCuenta_15 Redirect 3	1587658649492	1587658649536	OK	 
REQUEST	27		PruebaCrearCuenta_16	1587658649537	1587658649539	OK	 
REQUEST	27		PruebaCrearCuenta_17	1587658649539	1587658649541	OK	 
REQUEST	27		PruebaCrearCuenta_18	1587658649542	1587658649570	OK	 
REQUEST	32		PruebaCrearCuenta_6	1587658650030	1587658650035	OK	 
REQUEST	29		PruebaCrearCuenta_12	1587658650068	1587658650082	OK	 
REQUEST	30		PruebaCrearCuenta_9	1587658650088	1587658650091	OK	 
REQUEST	30		PruebaCrearCuenta_10	1587658650091	1587658650094	OK	 
REQUEST	30		PruebaCrearCuenta_11	1587658650094	1587658650097	OK	 
REQUEST	32		PruebaCrearCuenta_7	1587658650035	1587658650097	OK	 
REQUEST	29		PruebaCrearCuenta_12 Redirect 1	1587658650082	1587658650103	OK	 
REQUEST	29		PruebaCrearCuenta_13	1587658650103	1587658650110	OK	 
REQUEST	29		PruebaCrearCuenta_14	1587658650111	1587658650113	OK	 
REQUEST	32		PruebaCrearCuenta_7 Redirect 1	1587658650097	1587658650137	OK	 
REQUEST	32		PruebaCrearCuenta_8	1587658650137	1587658650140	OK	 
USER	PruebaCrearCuenta	36	START	1587658650141	1587658650141
REQUEST	36		PruebaCrearCuenta_0	1587658650141	1587658650146	OK	 
REQUEST	28		PruebaCrearCuenta_15	1587658650187	1587658650315	OK	 
REQUEST	28		PruebaCrearCuenta_15 Redirect 1	1587658650316	1587658650330	OK	 
REQUEST	28		PruebaCrearCuenta_15 Redirect 2	1587658650331	1587658650418	OK	 
REQUEST	28		PruebaCrearCuenta_15 Redirect 3	1587658650419	1587658650462	OK	 
REQUEST	28		PruebaCrearCuenta_16	1587658650462	1587658650465	OK	 
REQUEST	28		PruebaCrearCuenta_17	1587658650466	1587658650471	OK	 
REQUEST	28		PruebaCrearCuenta_18	1587658650472	1587658650499	OK	 
REQUEST	27		PruebaCrearCuenta_19	1587658650568	1587658650573	OK	 
USER	PruebaCrearCuenta	27	END	1587658639147	1587658650574
REQUEST	36		PruebaCrearCuenta_1	1587658650147	1587658650836	OK	 
REQUEST	36		PruebaCrearCuenta_2	1587658650837	1587658650849	OK	 
REQUEST	36		PruebaCrearCuenta_3	1587658650849	1587658650851	OK	 
REQUEST	36		PruebaCrearCuenta_4	1587658650852	1587658650878	OK	 
REQUEST	36		PruebaCrearCuenta_5	1587658650878	1587658650882	OK	 
REQUEST	33		PruebaCrearCuenta_6	1587658650947	1587658650950	OK	 
REQUEST	33		PruebaCrearCuenta_7	1587658650951	1587658651014	OK	 
REQUEST	33		PruebaCrearCuenta_7 Redirect 1	1587658651014	1587658651046	OK	 
REQUEST	33		PruebaCrearCuenta_8	1587658651046	1587658651049	OK	 
REQUEST	30		PruebaCrearCuenta_12	1587658651101	1587658651108	OK	 
REQUEST	30		PruebaCrearCuenta_12 Redirect 1	1587658651108	1587658651122	OK	 
REQUEST	30		PruebaCrearCuenta_13	1587658651123	1587658651129	OK	 
USER	PruebaCrearCuenta	37	START	1587658651137	1587658651137
REQUEST	37		PruebaCrearCuenta_0	1587658651138	1587658651142	OK	 
REQUEST	29		PruebaCrearCuenta_15	1587658651121	1587658651250	OK	 
REQUEST	30		PruebaCrearCuenta_14	1587658651130	1587658651250	OK	 
REQUEST	29		PruebaCrearCuenta_15 Redirect 1	1587658651250	1587658651269	OK	 
REQUEST	29		PruebaCrearCuenta_15 Redirect 2	1587658651270	1587658651352	OK	 
REQUEST	29		PruebaCrearCuenta_15 Redirect 3	1587658651353	1587658651397	OK	 
REQUEST	29		PruebaCrearCuenta_16	1587658651397	1587658651401	OK	 
REQUEST	29		PruebaCrearCuenta_17	1587658651401	1587658651407	OK	 
REQUEST	29		PruebaCrearCuenta_18	1587658651407	1587658651437	OK	 
REQUEST	28		PruebaCrearCuenta_19	1587658651503	1587658651505	OK	 
USER	PruebaCrearCuenta	28	END	1587658640140	1587658651506
REQUEST	37		PruebaCrearCuenta_1	1587658651143	1587658651837	OK	 
REQUEST	34		PruebaCrearCuenta_6	1587658651877	1587658651880	OK	 
REQUEST	37		PruebaCrearCuenta_2	1587658651838	1587658651889	OK	 
REQUEST	37		PruebaCrearCuenta_3	1587658651890	1587658651892	OK	 
REQUEST	37		PruebaCrearCuenta_4	1587658651892	1587658651923	OK	 
REQUEST	37		PruebaCrearCuenta_5	1587658651923	1587658651927	OK	 
REQUEST	34		PruebaCrearCuenta_7	1587658651881	1587658651940	OK	 
REQUEST	34		PruebaCrearCuenta_7 Redirect 1	1587658651940	1587658651970	OK	 
REQUEST	34		PruebaCrearCuenta_8	1587658651971	1587658651974	OK	 
REQUEST	31		PruebaCrearCuenta_9	1587658652017	1587658652022	OK	 
REQUEST	31		PruebaCrearCuenta_10	1587658652022	1587658652024	OK	 
REQUEST	31		PruebaCrearCuenta_11	1587658652025	1587658652027	OK	 
USER	PruebaCrearCuenta	38	START	1587658652152	1587658652152
REQUEST	38		PruebaCrearCuenta_0	1587658652152	1587658652157	OK	 
REQUEST	30		PruebaCrearCuenta_15	1587658652242	1587658652375	OK	 
REQUEST	30		PruebaCrearCuenta_15 Redirect 1	1587658652376	1587658652401	OK	 
REQUEST	29		PruebaCrearCuenta_19	1587658652428	1587658652430	OK	 
USER	PruebaCrearCuenta	29	END	1587658641141	1587658652431
REQUEST	30		PruebaCrearCuenta_15 Redirect 2	1587658652402	1587658652501	OK	 
REQUEST	30		PruebaCrearCuenta_15 Redirect 3	1587658652502	1587658652547	OK	 
REQUEST	30		PruebaCrearCuenta_16	1587658652548	1587658652550	OK	 
REQUEST	30		PruebaCrearCuenta_17	1587658652550	1587658652552	OK	 
REQUEST	30		PruebaCrearCuenta_18	1587658652552	1587658652578	OK	 
REQUEST	38		PruebaCrearCuenta_1	1587658652157	1587658652871	OK	 
REQUEST	38		PruebaCrearCuenta_2	1587658652871	1587658652882	OK	 
REQUEST	38		PruebaCrearCuenta_3	1587658652883	1587658652885	OK	 
REQUEST	38		PruebaCrearCuenta_4	1587658652886	1587658652913	OK	 
REQUEST	38		PruebaCrearCuenta_5	1587658652913	1587658652920	OK	 
REQUEST	35		PruebaCrearCuenta_6	1587658652962	1587658652966	OK	 
REQUEST	35		PruebaCrearCuenta_7	1587658652967	1587658653029	OK	 
REQUEST	31		PruebaCrearCuenta_12	1587658653039	1587658653046	OK	 
REQUEST	31		PruebaCrearCuenta_12 Redirect 1	1587658653046	1587658653077	OK	 
REQUEST	35		PruebaCrearCuenta_7 Redirect 1	1587658653029	1587658653084	OK	 
REQUEST	31		PruebaCrearCuenta_13	1587658653078	1587658653088	OK	 
REQUEST	35		PruebaCrearCuenta_8	1587658653085	1587658653089	OK	 
REQUEST	31		PruebaCrearCuenta_14	1587658653088	1587658653091	OK	 
USER	PruebaCrearCuenta	39	START	1587658653133	1587658653133
REQUEST	39		PruebaCrearCuenta_0	1587658653133	1587658653139	OK	 
REQUEST	32		PruebaCrearCuenta_9	1587658653137	1587658653168	OK	 
REQUEST	32		PruebaCrearCuenta_10	1587658653168	1587658653178	OK	 
REQUEST	32		PruebaCrearCuenta_11	1587658653179	1587658653182	OK	 
REQUEST	30		PruebaCrearCuenta_19	1587658653587	1587658653590	OK	 
USER	PruebaCrearCuenta	30	END	1587658642142	1587658653592
REQUEST	39		PruebaCrearCuenta_1	1587658653139	1587658653809	OK	 
REQUEST	39		PruebaCrearCuenta_2	1587658653810	1587658653821	OK	 
REQUEST	39		PruebaCrearCuenta_3	1587658653821	1587658653823	OK	 
REQUEST	39		PruebaCrearCuenta_4	1587658653823	1587658653849	OK	 
REQUEST	39		PruebaCrearCuenta_5	1587658653849	1587658653894	OK	 
REQUEST	33		PruebaCrearCuenta_9	1587658654062	1587658654068	OK	 
REQUEST	33		PruebaCrearCuenta_10	1587658654068	1587658654076	OK	 
REQUEST	33		PruebaCrearCuenta_11	1587658654076	1587658654081	OK	 
USER	PruebaCrearCuenta	40	START	1587658654141	1587658654141
REQUEST	40		PruebaCrearCuenta_0	1587658654141	1587658654147	OK	 
REQUEST	31		PruebaCrearCuenta_15	1587658654077	1587658654196	OK	 
REQUEST	32		PruebaCrearCuenta_12	1587658654188	1587658654208	OK	 
REQUEST	32		PruebaCrearCuenta_12 Redirect 1	1587658654208	1587658654231	OK	 
REQUEST	31		PruebaCrearCuenta_15 Redirect 1	1587658654196	1587658654236	OK	 
REQUEST	32		PruebaCrearCuenta_13	1587658654232	1587658654241	OK	 
REQUEST	32		PruebaCrearCuenta_14	1587658654242	1587658654245	OK	 
REQUEST	31		PruebaCrearCuenta_15 Redirect 2	1587658654236	1587658654314	OK	 
REQUEST	31		PruebaCrearCuenta_15 Redirect 3	1587658654315	1587658654359	OK	 
REQUEST	31		PruebaCrearCuenta_16	1587658654359	1587658654361	OK	 
REQUEST	31		PruebaCrearCuenta_17	1587658654361	1587658654363	OK	 
REQUEST	31		PruebaCrearCuenta_18	1587658654364	1587658654390	OK	 
REQUEST	40		PruebaCrearCuenta_1	1587658654147	1587658654845	OK	 
REQUEST	40		PruebaCrearCuenta_2	1587658654845	1587658654856	OK	 
REQUEST	40		PruebaCrearCuenta_3	1587658654857	1587658654859	OK	 
REQUEST	40		PruebaCrearCuenta_4	1587658654860	1587658654888	OK	 
REQUEST	40		PruebaCrearCuenta_5	1587658654888	1587658654892	OK	 
REQUEST	36		PruebaCrearCuenta_6	1587658654898	1587658654903	OK	 
REQUEST	36		PruebaCrearCuenta_7	1587658654903	1587658654963	OK	 
REQUEST	34		PruebaCrearCuenta_9	1587658654982	1587658654990	OK	 
REQUEST	34		PruebaCrearCuenta_10	1587658654991	1587658654993	OK	 
REQUEST	34		PruebaCrearCuenta_11	1587658654994	1587658654999	OK	 
REQUEST	36		PruebaCrearCuenta_7 Redirect 1	1587658654963	1587658655009	OK	 
REQUEST	36		PruebaCrearCuenta_8	1587658655010	1587658655016	OK	 
REQUEST	33		PruebaCrearCuenta_12	1587658655072	1587658655079	OK	 
REQUEST	33		PruebaCrearCuenta_12 Redirect 1	1587658655079	1587658655093	OK	 
REQUEST	33		PruebaCrearCuenta_13	1587658655093	1587658655100	OK	 
REQUEST	33		PruebaCrearCuenta_14	1587658655101	1587658655104	OK	 
REQUEST	32		PruebaCrearCuenta_15	1587658655238	1587658655349	OK	 
REQUEST	32		PruebaCrearCuenta_15 Redirect 1	1587658655350	1587658655372	OK	 
REQUEST	31		PruebaCrearCuenta_19	1587658655387	1587658655390	OK	 
USER	PruebaCrearCuenta	31	END	1587658644149	1587658655391
REQUEST	32		PruebaCrearCuenta_15 Redirect 2	1587658655372	1587658655444	OK	 
REQUEST	32		PruebaCrearCuenta_15 Redirect 3	1587658655444	1587658655488	OK	 
REQUEST	32		PruebaCrearCuenta_16	1587658655488	1587658655490	OK	 
REQUEST	32		PruebaCrearCuenta_17	1587658655490	1587658655492	OK	 
REQUEST	32		PruebaCrearCuenta_18	1587658655492	1587658655520	OK	 
REQUEST	37		PruebaCrearCuenta_6	1587658655947	1587658655951	OK	 
REQUEST	34		PruebaCrearCuenta_12	1587658655990	1587658655998	OK	 
REQUEST	34		PruebaCrearCuenta_12 Redirect 1	1587658655998	1587658656012	OK	 
REQUEST	37		PruebaCrearCuenta_7	1587658655951	1587658656013	OK	 
REQUEST	34		PruebaCrearCuenta_13	1587658656013	1587658656020	OK	 
REQUEST	34		PruebaCrearCuenta_14	1587658656020	1587658656023	OK	 
REQUEST	37		PruebaCrearCuenta_7 Redirect 1	1587658656014	1587658656051	OK	 
REQUEST	37		PruebaCrearCuenta_8	1587658656051	1587658656054	OK	 
REQUEST	35		PruebaCrearCuenta_9	1587658656088	1587658656092	OK	 
REQUEST	35		PruebaCrearCuenta_10	1587658656092	1587658656095	OK	 
REQUEST	35		PruebaCrearCuenta_11	1587658656095	1587658656100	OK	 
USER	PruebaCrearCuenta	41	START	1587658656151	1587658656151
REQUEST	41		PruebaCrearCuenta_0	1587658656151	1587658656157	OK	 
REQUEST	33		PruebaCrearCuenta_15	1587658656088	1587658656210	OK	 
REQUEST	33		PruebaCrearCuenta_15 Redirect 1	1587658656210	1587658656235	OK	 
REQUEST	33		PruebaCrearCuenta_15 Redirect 2	1587658656236	1587658656311	OK	 
REQUEST	33		PruebaCrearCuenta_15 Redirect 3	1587658656312	1587658656355	OK	 
REQUEST	33		PruebaCrearCuenta_16	1587658656355	1587658656357	OK	 
REQUEST	33		PruebaCrearCuenta_17	1587658656357	1587658656359	OK	 
REQUEST	33		PruebaCrearCuenta_18	1587658656360	1587658656387	OK	 
REQUEST	32		PruebaCrearCuenta_19	1587658656530	1587658656533	OK	 
USER	PruebaCrearCuenta	32	END	1587658645150	1587658656535
REQUEST	41		PruebaCrearCuenta_1	1587658656157	1587658656848	OK	 
REQUEST	41		PruebaCrearCuenta_2	1587658656848	1587658656859	OK	 
REQUEST	41		PruebaCrearCuenta_3	1587658656860	1587658656862	OK	 
REQUEST	41		PruebaCrearCuenta_4	1587658656863	1587658656890	OK	 
REQUEST	41		PruebaCrearCuenta_5	1587658656890	1587658656935	OK	 
REQUEST	38		PruebaCrearCuenta_6	1587658656939	1587658656942	OK	 
REQUEST	38		PruebaCrearCuenta_7	1587658656942	1587658657002	OK	 
REQUEST	38		PruebaCrearCuenta_7 Redirect 1	1587658657002	1587658657029	OK	 
REQUEST	38		PruebaCrearCuenta_8	1587658657029	1587658657033	OK	 
USER	PruebaCrearCuenta	42	START	1587658657142	1587658657142
REQUEST	34		PruebaCrearCuenta_15	1587658657027	1587658657143	OK	 
REQUEST	42		PruebaCrearCuenta_0	1587658657143	1587658657148	OK	 
REQUEST	35		PruebaCrearCuenta_12	1587658657111	1587658657150	OK	 
REQUEST	35		PruebaCrearCuenta_12 Redirect 1	1587658657150	1587658657191	OK	 
REQUEST	35		PruebaCrearCuenta_13	1587658657191	1587658657203	OK	 
REQUEST	35		PruebaCrearCuenta_14	1587658657203	1587658657209	OK	 
REQUEST	34		PruebaCrearCuenta_15 Redirect 1	1587658657143	1587658657212	OK	 
REQUEST	34		PruebaCrearCuenta_15 Redirect 2	1587658657212	1587658657281	OK	 
REQUEST	34		PruebaCrearCuenta_15 Redirect 3	1587658657282	1587658657325	OK	 
REQUEST	34		PruebaCrearCuenta_16	1587658657325	1587658657329	OK	 
REQUEST	34		PruebaCrearCuenta_17	1587658657330	1587658657334	OK	 
REQUEST	34		PruebaCrearCuenta_18	1587658657335	1587658657361	OK	 
REQUEST	33		PruebaCrearCuenta_19	1587658657402	1587658657403	OK	 
USER	PruebaCrearCuenta	33	END	1587658646142	1587658657404
REQUEST	42		PruebaCrearCuenta_1	1587658657148	1587658657844	OK	 
REQUEST	42		PruebaCrearCuenta_2	1587658657844	1587658657860	OK	 
REQUEST	42		PruebaCrearCuenta_3	1587658657860	1587658657862	OK	 
REQUEST	42		PruebaCrearCuenta_4	1587658657863	1587658657888	OK	 
REQUEST	42		PruebaCrearCuenta_5	1587658657889	1587658657892	OK	 
REQUEST	39		PruebaCrearCuenta_6	1587658657913	1587658657916	OK	 
REQUEST	39		PruebaCrearCuenta_7	1587658657916	1587658657978	OK	 
REQUEST	39		PruebaCrearCuenta_7 Redirect 1	1587658657978	1587658658010	OK	 
REQUEST	39		PruebaCrearCuenta_8	1587658658010	1587658658014	OK	 
REQUEST	36		PruebaCrearCuenta_9	1587658658022	1587658658026	OK	 
REQUEST	36		PruebaCrearCuenta_10	1587658658026	1587658658029	OK	 
REQUEST	36		PruebaCrearCuenta_11	1587658658029	1587658658037	OK	 
USER	PruebaCrearCuenta	43	START	1587658658143	1587658658143
REQUEST	43		PruebaCrearCuenta_0	1587658658143	1587658658148	OK	 
REQUEST	35		PruebaCrearCuenta_15	1587658658199	1587658658327	OK	 
REQUEST	35		PruebaCrearCuenta_15 Redirect 1	1587658658327	1587658658350	OK	 
REQUEST	34		PruebaCrearCuenta_19	1587658658362	1587658658364	OK	 
USER	PruebaCrearCuenta	34	END	1587658647128	1587658658365
REQUEST	35		PruebaCrearCuenta_15 Redirect 2	1587658658351	1587658658421	OK	 
REQUEST	35		PruebaCrearCuenta_15 Redirect 3	1587658658422	1587658658466	OK	 
REQUEST	35		PruebaCrearCuenta_16	1587658658466	1587658658469	OK	 
REQUEST	35		PruebaCrearCuenta_17	1587658658470	1587658658473	OK	 
REQUEST	35		PruebaCrearCuenta_18	1587658658474	1587658658500	OK	 
REQUEST	43		PruebaCrearCuenta_1	1587658658148	1587658658876	OK	 
REQUEST	43		PruebaCrearCuenta_2	1587658658876	1587658658887	OK	 
REQUEST	43		PruebaCrearCuenta_3	1587658658887	1587658658893	OK	 
REQUEST	43		PruebaCrearCuenta_4	1587658658893	1587658658919	OK	 
REQUEST	40		PruebaCrearCuenta_6	1587658658912	1587658658921	OK	 
REQUEST	43		PruebaCrearCuenta_5	1587658658919	1587658658924	OK	 
REQUEST	40		PruebaCrearCuenta_7	1587658658921	1587658658981	OK	 
REQUEST	40		PruebaCrearCuenta_7 Redirect 1	1587658658981	1587658659009	OK	 
REQUEST	40		PruebaCrearCuenta_8	1587658659010	1587658659013	OK	 
REQUEST	36		PruebaCrearCuenta_12	1587658659027	1587658659039	OK	 
REQUEST	37		PruebaCrearCuenta_9	1587658659047	1587658659052	OK	 
REQUEST	37		PruebaCrearCuenta_10	1587658659052	1587658659056	OK	 
REQUEST	37		PruebaCrearCuenta_11	1587658659056	1587658659060	OK	 
REQUEST	36		PruebaCrearCuenta_12 Redirect 1	1587658659039	1587658659067	OK	 
REQUEST	36		PruebaCrearCuenta_13	1587658659068	1587658659077	OK	 
REQUEST	36		PruebaCrearCuenta_14	1587658659077	1587658659080	OK	 
USER	PruebaCrearCuenta	44	START	1587658659152	1587658659152
REQUEST	44		PruebaCrearCuenta_0	1587658659153	1587658659158	OK	 
REQUEST	35		PruebaCrearCuenta_19	1587658659500	1587658659504	OK	 
USER	PruebaCrearCuenta	35	END	1587658648147	1587658659505
REQUEST	44		PruebaCrearCuenta_1	1587658659158	1587658659836	OK	 
REQUEST	44		PruebaCrearCuenta_2	1587658659836	1587658659848	OK	 
REQUEST	44		PruebaCrearCuenta_3	1587658659848	1587658659851	OK	 
REQUEST	44		PruebaCrearCuenta_4	1587658659852	1587658659878	OK	 
REQUEST	44		PruebaCrearCuenta_5	1587658659878	1587658659882	OK	 
REQUEST	38		PruebaCrearCuenta_9	1587658660020	1587658660028	OK	 
REQUEST	38		PruebaCrearCuenta_10	1587658660028	1587658660032	OK	 
REQUEST	38		PruebaCrearCuenta_11	1587658660032	1587658660037	OK	 
REQUEST	37		PruebaCrearCuenta_12	1587658660062	1587658660074	OK	 
REQUEST	37		PruebaCrearCuenta_12 Redirect 1	1587658660074	1587658660091	OK	 
USER	PruebaCrearCuenta	45	START	1587658660140	1587658660140
REQUEST	45		PruebaCrearCuenta_0	1587658660141	1587658660148	OK	 
REQUEST	37		PruebaCrearCuenta_13	1587658660092	1587658660210	OK	 
REQUEST	36		PruebaCrearCuenta_15	1587658660089	1587658660210	OK	 
REQUEST	37		PruebaCrearCuenta_14	1587658660210	1587658660215	OK	 
REQUEST	36		PruebaCrearCuenta_15 Redirect 1	1587658660211	1587658660242	OK	 
REQUEST	36		PruebaCrearCuenta_15 Redirect 2	1587658660243	1587658660329	OK	 
REQUEST	36		PruebaCrearCuenta_15 Redirect 3	1587658660330	1587658660374	OK	 
REQUEST	36		PruebaCrearCuenta_16	1587658660374	1587658660379	OK	 
REQUEST	36		PruebaCrearCuenta_17	1587658660380	1587658660383	OK	 
REQUEST	36		PruebaCrearCuenta_18	1587658660383	1587658660415	OK	 
REQUEST	45		PruebaCrearCuenta_1	1587658660149	1587658660883	OK	 
REQUEST	45		PruebaCrearCuenta_2	1587658660883	1587658660894	OK	 
REQUEST	45		PruebaCrearCuenta_3	1587658660894	1587658660896	OK	 
REQUEST	45		PruebaCrearCuenta_4	1587658660896	1587658660923	OK	 
REQUEST	41		PruebaCrearCuenta_6	1587658660947	1587658660950	OK	 
REQUEST	45		PruebaCrearCuenta_5	1587658660923	1587658660968	OK	 
REQUEST	41		PruebaCrearCuenta_7	1587658660951	1587658661013	OK	 
REQUEST	39		PruebaCrearCuenta_9	1587658661023	1587658661035	OK	 
REQUEST	39		PruebaCrearCuenta_10	1587658661036	1587658661047	OK	 
REQUEST	41		PruebaCrearCuenta_7 Redirect 1	1587658661013	1587658661050	OK	 
REQUEST	39		PruebaCrearCuenta_11	1587658661047	1587658661051	OK	 
REQUEST	41		PruebaCrearCuenta_8	1587658661051	1587658661053	OK	 
REQUEST	38		PruebaCrearCuenta_12	1587658661048	1587658661057	OK	 
REQUEST	38		PruebaCrearCuenta_12 Redirect 1	1587658661057	1587658661078	OK	 
REQUEST	38		PruebaCrearCuenta_13	1587658661079	1587658661083	OK	 
REQUEST	38		PruebaCrearCuenta_14	1587658661084	1587658661087	OK	 
REQUEST	37		PruebaCrearCuenta_15	1587658661223	1587658661359	OK	 
REQUEST	37		PruebaCrearCuenta_15 Redirect 1	1587658661360	1587658661384	OK	 
REQUEST	36		PruebaCrearCuenta_19	1587658661410	1587658661412	OK	 
USER	PruebaCrearCuenta	36	END	1587658650141	1587658661412
REQUEST	37		PruebaCrearCuenta_15 Redirect 2	1587658661384	1587658661445	OK	 
REQUEST	37		PruebaCrearCuenta_15 Redirect 3	1587658661445	1587658661489	OK	 
REQUEST	37		PruebaCrearCuenta_16	1587658661489	1587658661491	OK	 
REQUEST	37		PruebaCrearCuenta_17	1587658661491	1587658661493	OK	 
REQUEST	37		PruebaCrearCuenta_18	1587658661494	1587658661521	OK	 
REQUEST	42		PruebaCrearCuenta_6	1587658661913	1587658661916	OK	 
REQUEST	42		PruebaCrearCuenta_7	1587658661916	1587658661979	OK	 
REQUEST	40		PruebaCrearCuenta_9	1587658662007	1587658662013	OK	 
REQUEST	40		PruebaCrearCuenta_10	1587658662013	1587658662016	OK	 
REQUEST	40		PruebaCrearCuenta_11	1587658662016	1587658662020	OK	 
REQUEST	42		PruebaCrearCuenta_7 Redirect 1	1587658661979	1587658662022	OK	 
REQUEST	42		PruebaCrearCuenta_8	1587658662022	1587658662025	OK	 
REQUEST	39		PruebaCrearCuenta_12	1587658662049	1587658662057	OK	 
REQUEST	39		PruebaCrearCuenta_12 Redirect 1	1587658662058	1587658662074	OK	 
REQUEST	39		PruebaCrearCuenta_13	1587658662074	1587658662080	OK	 
REQUEST	39		PruebaCrearCuenta_14	1587658662080	1587658662083	OK	 
USER	PruebaCrearCuenta	46	START	1587658662147	1587658662147
REQUEST	46		PruebaCrearCuenta_0	1587658662148	1587658662153	OK	 
REQUEST	38		PruebaCrearCuenta_15	1587658662091	1587658662205	OK	 
REQUEST	38		PruebaCrearCuenta_15 Redirect 1	1587658662205	1587658662228	OK	 
REQUEST	38		PruebaCrearCuenta_15 Redirect 2	1587658662229	1587658662302	OK	 
REQUEST	38		PruebaCrearCuenta_15 Redirect 3	1587658662302	1587658662346	OK	 
REQUEST	38		PruebaCrearCuenta_16	1587658662346	1587658662348	OK	 
REQUEST	38		PruebaCrearCuenta_17	1587658662348	1587658662350	OK	 
REQUEST	38		PruebaCrearCuenta_18	1587658662350	1587658662377	OK	 
REQUEST	37		PruebaCrearCuenta_19	1587658662522	1587658662524	OK	 
USER	PruebaCrearCuenta	37	END	1587658651137	1587658662525
REQUEST	46		PruebaCrearCuenta_1	1587658662153	1587658662922	OK	 
REQUEST	43		PruebaCrearCuenta_6	1587658662930	1587658662935	OK	 
REQUEST	46		PruebaCrearCuenta_2	1587658662922	1587658662936	OK	 
REQUEST	46		PruebaCrearCuenta_3	1587658662936	1587658662939	OK	 
REQUEST	46		PruebaCrearCuenta_4	1587658662939	1587658662968	OK	 
REQUEST	46		PruebaCrearCuenta_5	1587658662968	1587658662973	OK	 
REQUEST	43		PruebaCrearCuenta_7	1587658662935	1587658662995	OK	 
REQUEST	43		PruebaCrearCuenta_7 Redirect 1	1587658662995	1587658663032	OK	 
REQUEST	43		PruebaCrearCuenta_8	1587658663032	1587658663036	OK	 
REQUEST	40		PruebaCrearCuenta_12	1587658663028	1587658663043	OK	 
REQUEST	40		PruebaCrearCuenta_12 Redirect 1	1587658663043	1587658663058	OK	 
REQUEST	40		PruebaCrearCuenta_13	1587658663058	1587658663065	OK	 
REQUEST	40		PruebaCrearCuenta_14	1587658663066	1587658663071	OK	 
USER	PruebaCrearCuenta	47	START	1587658663151	1587658663151
REQUEST	47		PruebaCrearCuenta_0	1587658663151	1587658663156	OK	 
REQUEST	39		PruebaCrearCuenta_15	1587658663083	1587658663198	OK	 
REQUEST	39		PruebaCrearCuenta_15 Redirect 1	1587658663200	1587658663226	OK	 
REQUEST	39		PruebaCrearCuenta_15 Redirect 2	1587658663226	1587658663309	OK	 
REQUEST	39		PruebaCrearCuenta_15 Redirect 3	1587658663309	1587658663353	OK	 
REQUEST	39		PruebaCrearCuenta_16	1587658663353	1587658663356	OK	 
REQUEST	39		PruebaCrearCuenta_17	1587658663356	1587658663359	OK	 
REQUEST	39		PruebaCrearCuenta_18	1587658663359	1587658663392	OK	 
REQUEST	38		PruebaCrearCuenta_19	1587658663369	1587658663393	OK	 
USER	PruebaCrearCuenta	38	END	1587658652152	1587658663394
USER	PruebaCrearCuenta	48	START	1587658664142	1587658664142
REQUEST	44		PruebaCrearCuenta_6	1587658663901	1587658664165	OK	 
REQUEST	48		PruebaCrearCuenta_0	1587658664142	1587658664174	OK	 
REQUEST	40		PruebaCrearCuenta_15	1587658664058	1587658664206	OK	 
REQUEST	40		PruebaCrearCuenta_15 Redirect 1	1587658664206	1587658664232	OK	 
REQUEST	44		PruebaCrearCuenta_7	1587658664166	1587658664261	OK	 
REQUEST	41		PruebaCrearCuenta_9	1587658664058	1587658664281	OK	 
REQUEST	41		PruebaCrearCuenta_10	1587658664282	1587658664290	OK	 
REQUEST	40		PruebaCrearCuenta_15 Redirect 2	1587658664233	1587658664299	OK	 
REQUEST	41		PruebaCrearCuenta_11	1587658664290	1587658664303	OK	 
REQUEST	44		PruebaCrearCuenta_7 Redirect 1	1587658664261	1587658664316	OK	 
REQUEST	44		PruebaCrearCuenta_8	1587658664317	1587658664323	OK	 
REQUEST	40		PruebaCrearCuenta_15 Redirect 3	1587658664300	1587658664353	OK	 
REQUEST	40		PruebaCrearCuenta_16	1587658664354	1587658664355	OK	 
REQUEST	40		PruebaCrearCuenta_17	1587658664356	1587658664358	OK	 
REQUEST	40		PruebaCrearCuenta_18	1587658664358	1587658664387	OK	 
REQUEST	39		PruebaCrearCuenta_19	1587658664389	1587658664391	OK	 
USER	PruebaCrearCuenta	39	END	1587658653133	1587658664392
REQUEST	47		PruebaCrearCuenta_1	1587658663157	1587658664501	OK	 
REQUEST	47		PruebaCrearCuenta_2	1587658664502	1587658664515	OK	 
REQUEST	47		PruebaCrearCuenta_3	1587658664516	1587658664519	OK	 
REQUEST	47		PruebaCrearCuenta_4	1587658664519	1587658664545	OK	 
REQUEST	47		PruebaCrearCuenta_5	1587658664545	1587658664589	OK	 
REQUEST	45		PruebaCrearCuenta_6	1587658664983	1587658664987	OK	 
REQUEST	48		PruebaCrearCuenta_1	1587658664174	1587658665009	OK	 
REQUEST	48		PruebaCrearCuenta_2	1587658665010	1587658665023	OK	 
REQUEST	42		PruebaCrearCuenta_9	1587658665019	1587658665023	OK	 
REQUEST	48		PruebaCrearCuenta_3	1587658665023	1587658665025	OK	 
REQUEST	42		PruebaCrearCuenta_10	1587658665024	1587658665027	OK	 
REQUEST	48		PruebaCrearCuenta_4	1587658665026	1587658665052	OK	 
REQUEST	45		PruebaCrearCuenta_7	1587658664987	1587658665052	OK	 
REQUEST	42		PruebaCrearCuenta_11	1587658665027	1587658665054	OK	 
REQUEST	48		PruebaCrearCuenta_5	1587658665052	1587658665058	OK	 
REQUEST	45		PruebaCrearCuenta_7 Redirect 1	1587658665053	1587658665087	OK	 
REQUEST	45		PruebaCrearCuenta_8	1587658665087	1587658665090	OK	 
USER	PruebaCrearCuenta	49	START	1587658665127	1587658665127
REQUEST	49		PruebaCrearCuenta_0	1587658665127	1587658665134	OK	 
REQUEST	41		PruebaCrearCuenta_12	1587658665309	1587658665316	OK	 
REQUEST	41		PruebaCrearCuenta_12 Redirect 1	1587658665316	1587658665340	OK	 
REQUEST	41		PruebaCrearCuenta_13	1587658665340	1587658665351	OK	 
REQUEST	41		PruebaCrearCuenta_14	1587658665351	1587658665353	OK	 
REQUEST	40		PruebaCrearCuenta_19	1587658665389	1587658665391	OK	 
USER	PruebaCrearCuenta	40	END	1587658654141	1587658665392
REQUEST	49		PruebaCrearCuenta_1	1587658665134	1587658665796	OK	 
REQUEST	49		PruebaCrearCuenta_2	1587658665797	1587658665809	OK	 
REQUEST	49		PruebaCrearCuenta_3	1587658665809	1587658665812	OK	 
REQUEST	49		PruebaCrearCuenta_4	1587658665812	1587658665839	OK	 
REQUEST	49		PruebaCrearCuenta_5	1587658665839	1587658665846	OK	 
REQUEST	43		PruebaCrearCuenta_9	1587658666049	1587658666053	OK	 
REQUEST	43		PruebaCrearCuenta_10	1587658666053	1587658666056	OK	 
REQUEST	43		PruebaCrearCuenta_11	1587658666057	1587658666060	OK	 
REQUEST	42		PruebaCrearCuenta_12	1587658666059	1587658666068	OK	 
REQUEST	42		PruebaCrearCuenta_12 Redirect 1	1587658666068	1587658666093	OK	 
REQUEST	42		PruebaCrearCuenta_13	1587658666093	1587658666105	OK	 
REQUEST	42		PruebaCrearCuenta_14	1587658666105	1587658666108	OK	 
USER	PruebaCrearCuenta	50	START	1587658666151	1587658666151
REQUEST	50		PruebaCrearCuenta_0	1587658666151	1587658666156	OK	 
REQUEST	41		PruebaCrearCuenta_15	1587658666349	1587658666487	OK	 
REQUEST	41		PruebaCrearCuenta_15 Redirect 1	1587658666487	1587658666504	OK	 
REQUEST	41		PruebaCrearCuenta_15 Redirect 2	1587658666505	1587658666570	OK	 
REQUEST	41		PruebaCrearCuenta_15 Redirect 3	1587658666571	1587658666615	OK	 
REQUEST	41		PruebaCrearCuenta_16	1587658666615	1587658666617	OK	 
REQUEST	41		PruebaCrearCuenta_17	1587658666617	1587658666620	OK	 
REQUEST	41		PruebaCrearCuenta_18	1587658666620	1587658666646	OK	 
REQUEST	50		PruebaCrearCuenta_1	1587658666156	1587658666828	OK	 
REQUEST	50		PruebaCrearCuenta_2	1587658666829	1587658666842	OK	 
REQUEST	50		PruebaCrearCuenta_3	1587658666842	1587658666845	OK	 
REQUEST	50		PruebaCrearCuenta_4	1587658666845	1587658666878	OK	 
REQUEST	50		PruebaCrearCuenta_5	1587658666878	1587658666923	OK	 
REQUEST	46		PruebaCrearCuenta_6	1587658666989	1587658666992	OK	 
REQUEST	46		PruebaCrearCuenta_7	1587658666992	1587658667053	OK	 
REQUEST	43		PruebaCrearCuenta_12	1587658667068	1587658667076	OK	 
REQUEST	43		PruebaCrearCuenta_12 Redirect 1	1587658667077	1587658667106	OK	 
REQUEST	46		PruebaCrearCuenta_7 Redirect 1	1587658667053	1587658667110	OK	 
REQUEST	46		PruebaCrearCuenta_8	1587658667111	1587658667121	OK	 
REQUEST	42		PruebaCrearCuenta_15	1587658667100	1587658667226	OK	 
REQUEST	43		PruebaCrearCuenta_13	1587658667107	1587658667228	OK	 
REQUEST	43		PruebaCrearCuenta_14	1587658667228	1587658667236	OK	 
REQUEST	42		PruebaCrearCuenta_15 Redirect 1	1587658667226	1587658667250	OK	 
REQUEST	42		PruebaCrearCuenta_15 Redirect 2	1587658667250	1587658667314	OK	 
REQUEST	44		PruebaCrearCuenta_9	1587658667317	1587658667321	OK	 
REQUEST	44		PruebaCrearCuenta_10	1587658667321	1587658667325	OK	 
REQUEST	44		PruebaCrearCuenta_11	1587658667325	1587658667328	OK	 
REQUEST	42		PruebaCrearCuenta_15 Redirect 3	1587658667314	1587658667358	OK	 
REQUEST	42		PruebaCrearCuenta_16	1587658667358	1587658667360	OK	 
REQUEST	42		PruebaCrearCuenta_17	1587658667361	1587658667364	OK	 
REQUEST	42		PruebaCrearCuenta_18	1587658667364	1587658667391	OK	 
REQUEST	41		PruebaCrearCuenta_19	1587658667650	1587658667653	OK	 
USER	PruebaCrearCuenta	41	END	1587658656151	1587658667654
REQUEST	45		PruebaCrearCuenta_9	1587658668090	1587658668094	OK	 
REQUEST	45		PruebaCrearCuenta_10	1587658668094	1587658668097	OK	 
REQUEST	45		PruebaCrearCuenta_11	1587658668098	1587658668103	OK	 
REQUEST	43		PruebaCrearCuenta_15	1587658668230	1587658668342	OK	 
REQUEST	44		PruebaCrearCuenta_12	1587658668330	1587658668347	OK	 
REQUEST	44		PruebaCrearCuenta_12 Redirect 1	1587658668347	1587658668364	OK	 
REQUEST	43		PruebaCrearCuenta_15 Redirect 1	1587658668342	1587658668373	OK	 
REQUEST	44		PruebaCrearCuenta_13	1587658668365	1587658668377	OK	 
REQUEST	44		PruebaCrearCuenta_14	1587658668377	1587658668384	OK	 
REQUEST	42		PruebaCrearCuenta_19	1587658668397	1587658668401	OK	 
USER	PruebaCrearCuenta	42	END	1587658657142	1587658668402
REQUEST	43		PruebaCrearCuenta_15 Redirect 2	1587658668373	1587658668434	OK	 
REQUEST	43		PruebaCrearCuenta_15 Redirect 3	1587658668435	1587658668479	OK	 
REQUEST	43		PruebaCrearCuenta_16	1587658668479	1587658668481	OK	 
REQUEST	43		PruebaCrearCuenta_17	1587658668481	1587658668483	OK	 
REQUEST	43		PruebaCrearCuenta_18	1587658668483	1587658668510	OK	 
REQUEST	47		PruebaCrearCuenta_6	1587658668599	1587658668603	OK	 
REQUEST	47		PruebaCrearCuenta_7	1587658668603	1587658668663	OK	 
REQUEST	47		PruebaCrearCuenta_7 Redirect 1	1587658668663	1587658668701	OK	 
REQUEST	47		PruebaCrearCuenta_8	1587658668701	1587658668706	OK	 
REQUEST	48		PruebaCrearCuenta_6	1587658669068	1587658669073	OK	 
REQUEST	45		PruebaCrearCuenta_12	1587658669110	1587658669117	OK	 
REQUEST	48		PruebaCrearCuenta_7	1587658669073	1587658669137	OK	 
REQUEST	45		PruebaCrearCuenta_12 Redirect 1	1587658669118	1587658669137	OK	 
REQUEST	45		PruebaCrearCuenta_13	1587658669138	1587658669148	OK	 
REQUEST	45		PruebaCrearCuenta_14	1587658669148	1587658669151	OK	 
REQUEST	48		PruebaCrearCuenta_7 Redirect 1	1587658669137	1587658669191	OK	 
REQUEST	48		PruebaCrearCuenta_8	1587658669191	1587658669195	OK	 
REQUEST	44		PruebaCrearCuenta_15	1587658669377	1587658669487	OK	 
REQUEST	43		PruebaCrearCuenta_19	1587658669503	1587658669507	OK	 
USER	PruebaCrearCuenta	43	END	1587658658143	1587658669508
REQUEST	44		PruebaCrearCuenta_15 Redirect 1	1587658669487	1587658669513	OK	 
REQUEST	44		PruebaCrearCuenta_15 Redirect 2	1587658669513	1587658669582	OK	 
REQUEST	44		PruebaCrearCuenta_15 Redirect 3	1587658669582	1587658669626	OK	 
REQUEST	44		PruebaCrearCuenta_16	1587658669626	1587658669629	OK	 
REQUEST	44		PruebaCrearCuenta_17	1587658669629	1587658669633	OK	 
REQUEST	44		PruebaCrearCuenta_18	1587658669634	1587658669667	OK	 
REQUEST	49		PruebaCrearCuenta_6	1587658669861	1587658669871	OK	 
REQUEST	49		PruebaCrearCuenta_7	1587658669871	1587658669931	OK	 
REQUEST	49		PruebaCrearCuenta_7 Redirect 1	1587658669932	1587658669962	OK	 
REQUEST	49		PruebaCrearCuenta_8	1587658669962	1587658669966	OK	 
REQUEST	46		PruebaCrearCuenta_9	1587658670130	1587658670137	OK	 
REQUEST	46		PruebaCrearCuenta_10	1587658670137	1587658670140	OK	 
REQUEST	46		PruebaCrearCuenta_11	1587658670140	1587658670145	OK	 
REQUEST	45		PruebaCrearCuenta_15	1587658670141	1587658670273	OK	 
REQUEST	45		PruebaCrearCuenta_15 Redirect 1	1587658670273	1587658670291	OK	 
REQUEST	45		PruebaCrearCuenta_15 Redirect 2	1587658670292	1587658670364	OK	 
REQUEST	45		PruebaCrearCuenta_15 Redirect 3	1587658670364	1587658670410	OK	 
REQUEST	45		PruebaCrearCuenta_16	1587658670410	1587658670412	OK	 
REQUEST	45		PruebaCrearCuenta_17	1587658670413	1587658670415	OK	 
REQUEST	45		PruebaCrearCuenta_18	1587658670415	1587658670441	OK	 
REQUEST	44		PruebaCrearCuenta_19	1587658670682	1587658670684	OK	 
USER	PruebaCrearCuenta	44	END	1587658659152	1587658670685
REQUEST	50		PruebaCrearCuenta_6	1587658670941	1587658670944	OK	 
REQUEST	50		PruebaCrearCuenta_7	1587658670944	1587658671004	OK	 
REQUEST	50		PruebaCrearCuenta_7 Redirect 1	1587658671004	1587658671040	OK	 
REQUEST	50		PruebaCrearCuenta_8	1587658671040	1587658671043	OK	 
REQUEST	46		PruebaCrearCuenta_12	1587658671140	1587658671148	OK	 
REQUEST	46		PruebaCrearCuenta_12 Redirect 1	1587658671148	1587658671161	OK	 
REQUEST	46		PruebaCrearCuenta_13	1587658671161	1587658671168	OK	 
REQUEST	46		PruebaCrearCuenta_14	1587658671169	1587658671173	OK	 
REQUEST	45		PruebaCrearCuenta_19	1587658671448	1587658671451	OK	 
USER	PruebaCrearCuenta	45	END	1587658660140	1587658671452
REQUEST	47		PruebaCrearCuenta_9	1587658671710	1587658671714	OK	 
REQUEST	47		PruebaCrearCuenta_10	1587658671715	1587658671717	OK	 
REQUEST	47		PruebaCrearCuenta_11	1587658671717	1587658671720	OK	 
REQUEST	48		PruebaCrearCuenta_9	1587658672188	1587658672192	OK	 
REQUEST	48		PruebaCrearCuenta_10	1587658672192	1587658672195	OK	 
REQUEST	48		PruebaCrearCuenta_11	1587658672195	1587658672198	OK	 
REQUEST	46		PruebaCrearCuenta_15	1587658672172	1587658672289	OK	 
REQUEST	46		PruebaCrearCuenta_15 Redirect 1	1587658672290	1587658672309	OK	 
REQUEST	46		PruebaCrearCuenta_15 Redirect 2	1587658672310	1587658672377	OK	 
REQUEST	46		PruebaCrearCuenta_15 Redirect 3	1587658672377	1587658672421	OK	 
REQUEST	46		PruebaCrearCuenta_16	1587658672421	1587658672424	OK	 
REQUEST	46		PruebaCrearCuenta_17	1587658672424	1587658672427	OK	 
REQUEST	46		PruebaCrearCuenta_18	1587658672428	1587658672460	OK	 
REQUEST	47		PruebaCrearCuenta_12	1587658672720	1587658672728	OK	 
REQUEST	47		PruebaCrearCuenta_12 Redirect 1	1587658672728	1587658672742	OK	 
REQUEST	47		PruebaCrearCuenta_13	1587658672742	1587658672748	OK	 
REQUEST	47		PruebaCrearCuenta_14	1587658672748	1587658672751	OK	 
REQUEST	49		PruebaCrearCuenta_9	1587658672969	1587658672973	OK	 
REQUEST	49		PruebaCrearCuenta_10	1587658672973	1587658672976	OK	 
REQUEST	49		PruebaCrearCuenta_11	1587658672976	1587658672979	OK	 
REQUEST	48		PruebaCrearCuenta_12	1587658673211	1587658673218	OK	 
REQUEST	48		PruebaCrearCuenta_12 Redirect 1	1587658673218	1587658673240	OK	 
REQUEST	48		PruebaCrearCuenta_13	1587658673240	1587658673251	OK	 
REQUEST	48		PruebaCrearCuenta_14	1587658673252	1587658673255	OK	 
REQUEST	46		PruebaCrearCuenta_19	1587658673452	1587658673454	OK	 
USER	PruebaCrearCuenta	46	END	1587658662147	1587658673455
REQUEST	47		PruebaCrearCuenta_15	1587658673751	1587658673863	OK	 
REQUEST	47		PruebaCrearCuenta_15 Redirect 1	1587658673864	1587658673887	OK	 
REQUEST	47		PruebaCrearCuenta_15 Redirect 2	1587658673887	1587658673954	OK	 
REQUEST	49		PruebaCrearCuenta_12	1587658673981	1587658673989	OK	 
REQUEST	47		PruebaCrearCuenta_15 Redirect 3	1587658673954	1587658673998	OK	 
REQUEST	47		PruebaCrearCuenta_16	1587658673999	1587658674003	OK	 
REQUEST	49		PruebaCrearCuenta_12 Redirect 1	1587658673989	1587658674007	OK	 
REQUEST	47		PruebaCrearCuenta_17	1587658674003	1587658674007	OK	 
REQUEST	49		PruebaCrearCuenta_13	1587658674007	1587658674018	OK	 
REQUEST	49		PruebaCrearCuenta_14	1587658674018	1587658674028	OK	 
REQUEST	47		PruebaCrearCuenta_18	1587658674007	1587658674043	OK	 
REQUEST	50		PruebaCrearCuenta_9	1587658674038	1587658674046	OK	 
REQUEST	50		PruebaCrearCuenta_10	1587658674046	1587658674049	OK	 
REQUEST	50		PruebaCrearCuenta_11	1587658674049	1587658674053	OK	 
REQUEST	48		PruebaCrearCuenta_15	1587658674250	1587658674362	OK	 
REQUEST	48		PruebaCrearCuenta_15 Redirect 1	1587658674362	1587658674384	OK	 
REQUEST	48		PruebaCrearCuenta_15 Redirect 2	1587658674384	1587658674446	OK	 
REQUEST	48		PruebaCrearCuenta_15 Redirect 3	1587658674446	1587658674490	OK	 
REQUEST	48		PruebaCrearCuenta_16	1587658674490	1587658674492	OK	 
REQUEST	48		PruebaCrearCuenta_17	1587658674492	1587658674495	OK	 
REQUEST	48		PruebaCrearCuenta_18	1587658674495	1587658674522	OK	 
REQUEST	47		PruebaCrearCuenta_19	1587658675049	1587658675051	OK	 
USER	PruebaCrearCuenta	47	END	1587658663151	1587658675052
REQUEST	49		PruebaCrearCuenta_15	1587658675039	1587658675158	OK	 
REQUEST	50		PruebaCrearCuenta_12	1587658675061	1587658675164	OK	 
REQUEST	50		PruebaCrearCuenta_12 Redirect 1	1587658675165	1587658675185	OK	 
REQUEST	49		PruebaCrearCuenta_15 Redirect 1	1587658675158	1587658675191	OK	 
REQUEST	50		PruebaCrearCuenta_13	1587658675186	1587658675194	OK	 
REQUEST	50		PruebaCrearCuenta_14	1587658675195	1587658675197	OK	 
REQUEST	49		PruebaCrearCuenta_15 Redirect 2	1587658675191	1587658675271	OK	 
REQUEST	49		PruebaCrearCuenta_15 Redirect 3	1587658675272	1587658675315	OK	 
REQUEST	49		PruebaCrearCuenta_16	1587658675315	1587658675317	OK	 
REQUEST	49		PruebaCrearCuenta_17	1587658675317	1587658675320	OK	 
REQUEST	49		PruebaCrearCuenta_18	1587658675320	1587658675346	OK	 
REQUEST	48		PruebaCrearCuenta_19	1587658675531	1587658675535	OK	 
USER	PruebaCrearCuenta	48	END	1587658664142	1587658675536
REQUEST	50		PruebaCrearCuenta_15	1587658676188	1587658676297	OK	 
REQUEST	50		PruebaCrearCuenta_15 Redirect 1	1587658676297	1587658676314	OK	 
REQUEST	49		PruebaCrearCuenta_19	1587658676328	1587658676331	OK	 
USER	PruebaCrearCuenta	49	END	1587658665127	1587658676332
REQUEST	50		PruebaCrearCuenta_15 Redirect 2	1587658676315	1587658676383	OK	 
REQUEST	50		PruebaCrearCuenta_15 Redirect 3	1587658676383	1587658676427	OK	 
REQUEST	50		PruebaCrearCuenta_16	1587658676427	1587658676429	OK	 
REQUEST	50		PruebaCrearCuenta_17	1587658676430	1587658676438	OK	 
REQUEST	50		PruebaCrearCuenta_18	1587658676438	1587658676466	OK	 
REQUEST	50		PruebaCrearCuenta_19	1587658677457	1587658677460	OK	 
USER	PruebaCrearCuenta	50	END	1587658666151	1587658677461
